[0.113s] Invoking command in '/workspaces/tello-ros2/workspace/build/tello_msg': CMAKE_PREFIX_PATH=/opt/ros/humble /usr/bin/cmake --build /workspaces/tello-ros2/workspace/build/tello_msg -- -j16 -l16
[0.630s] [  2%] Built target tello_msg__cpp
[0.867s] [ 12%] Built target tello_msg__rosidl_generator_c
[0.982s] [ 23%] Built target tello_msg__rosidl_typesupport_cpp
[1.069s] [ 34%] Built target tello_msg__rosidl_typesupport_introspection_cpp
[1.099s] [ 44%] Built target tello_msg__rosidl_typesupport_fastrtps_cpp
[1.231s] [ 55%] Built target tello_msg__rosidl_typesupport_c
[1.304s] [ 76%] Built target tello_msg__rosidl_typesupport_introspection_c
[1.306s] [ 76%] Built target tello_msg__rosidl_typesupport_fastrtps_c
[1.404s] [ 76%] Built target tello_msg
[1.524s] [ 78%] Built target tello_msg__py
[1.587s] [ 78%] Built target ament_cmake_python_copy_tello_msg
[1.719s] [ 87%] Built target tello_msg__rosidl_generator_py
[1.880s] [100%] Built target tello_msg__rosidl_typesupport_c__pyext
[1.881s] [100%] Built target tello_msg__rosidl_typesupport_introspection_c__pyext
[1.882s] [100%] Built target tello_msg__rosidl_typesupport_fastrtps_c__pyext
[1.950s] running egg_info
[1.953s] writing tello_msg.egg-info/PKG-INFO
[1.960s] writing dependency_links to tello_msg.egg-info/dependency_links.txt
[1.971s] writing top-level names to tello_msg.egg-info/top_level.txt
[2.023s] reading manifest file 'tello_msg.egg-info/SOURCES.txt'
[2.082s] writing manifest file 'tello_msg.egg-info/SOURCES.txt'
[2.118s] [100%] Built target ament_cmake_python_build_tello_msg_egg
[2.614s] Invoked command in '/workspaces/tello-ros2/workspace/build/tello_msg' returned '0': CMAKE_PREFIX_PATH=/opt/ros/humble /usr/bin/cmake --build /workspaces/tello-ros2/workspace/build/tello_msg -- -j16 -l16
[2.643s] Invoking command in '/workspaces/tello-ros2/workspace/build/tello_msg': CMAKE_PREFIX_PATH=/opt/ros/humble /usr/bin/cmake --install /workspaces/tello-ros2/workspace/build/tello_msg
[2.655s] -- Install configuration: ""
[2.687s] -- Up-to-date: /workspaces/tello-ros2/workspace/install/tello_msg/share/ament_index/resource_index/rosidl_interfaces/tello_msg
[2.718s] -- Up-to-date: /workspaces/tello-ros2/workspace/install/tello_msg/include/tello_msg/tello_msg
[2.757s] -- Up-to-date: /workspaces/tello-ros2/workspace/install/tello_msg/include/tello_msg/tello_msg/msg
[2.806s] -- Up-to-date: /workspaces/tello-ros2/workspace/install/tello_msg/include/tello_msg/tello_msg/msg/detail
[2.872s] -- Up-to-date: /workspaces/tello-ros2/workspace/install/tello_msg/include/tello_msg/tello_msg/msg/detail/tello_id__functions.c
[2.934s] -- Up-to-date: /workspaces/tello-ros2/workspace/install/tello_msg/include/tello_msg/tello_msg/msg/detail/tello_id__functions.h
[2.968s] -- Up-to-date: /workspaces/tello-ros2/workspace/install/tello_msg/include/tello_msg/tello_msg/msg/detail/tello_id__struct.h
[3.021s] -- Up-to-date: /workspaces/tello-ros2/workspace/install/tello_msg/include/tello_msg/tello_msg/msg/detail/tello_id__type_support.h
[3.074s] -- Up-to-date: /workspaces/tello-ros2/workspace/install/tello_msg/include/tello_msg/tello_msg/msg/detail/tello_status__functions.c
[3.130s] -- Up-to-date: /workspaces/tello-ros2/workspace/install/tello_msg/include/tello_msg/tello_msg/msg/detail/tello_status__functions.h
[3.167s] -- Up-to-date: /workspaces/tello-ros2/workspace/install/tello_msg/include/tello_msg/tello_msg/msg/detail/tello_status__struct.h
[3.227s] -- Up-to-date: /workspaces/tello-ros2/workspace/install/tello_msg/include/tello_msg/tello_msg/msg/detail/tello_status__type_support.h
[3.278s] -- Up-to-date: /workspaces/tello-ros2/workspace/install/tello_msg/include/tello_msg/tello_msg/msg/detail/tello_wifi_config__functions.c
[3.322s] -- Up-to-date: /workspaces/tello-ros2/workspace/install/tello_msg/include/tello_msg/tello_msg/msg/detail/tello_wifi_config__functions.h
[3.355s] -- Up-to-date: /workspaces/tello-ros2/workspace/install/tello_msg/include/tello_msg/tello_msg/msg/detail/tello_wifi_config__struct.h
[3.407s] -- Up-to-date: /workspaces/tello-ros2/workspace/install/tello_msg/include/tello_msg/tello_msg/msg/detail/tello_wifi_config__type_support.h
[3.451s] -- Up-to-date: /workspaces/tello-ros2/workspace/install/tello_msg/include/tello_msg/tello_msg/msg/rosidl_generator_c__visibility_control.h
[3.500s] -- Up-to-date: /workspaces/tello-ros2/workspace/install/tello_msg/include/tello_msg/tello_msg/msg/tello_id.h
[3.539s] -- Up-to-date: /workspaces/tello-ros2/workspace/install/tello_msg/include/tello_msg/tello_msg/msg/tello_status.h
[3.578s] -- Up-to-date: /workspaces/tello-ros2/workspace/install/tello_msg/include/tello_msg/tello_msg/msg/tello_wifi_config.h
[3.610s] -- Up-to-date: /workspaces/tello-ros2/workspace/install/tello_msg/share/tello_msg/environment/library_path.sh
[3.645s] -- Up-to-date: /workspaces/tello-ros2/workspace/install/tello_msg/share/tello_msg/environment/library_path.dsv
[3.738s] -- Up-to-date: /workspaces/tello-ros2/workspace/install/tello_msg/lib/libtello_msg__rosidl_generator_c.so
[3.836s] -- Up-to-date: /workspaces/tello-ros2/workspace/install/tello_msg/include/tello_msg/tello_msg
[3.881s] -- Up-to-date: /workspaces/tello-ros2/workspace/install/tello_msg/include/tello_msg/tello_msg/msg
[3.927s] -- Up-to-date: /workspaces/tello-ros2/workspace/install/tello_msg/include/tello_msg/tello_msg/msg/detail
[4.007s] -- Up-to-date: /workspaces/tello-ros2/workspace/install/tello_msg/include/tello_msg/tello_msg/msg/detail/tello_id__rosidl_typesupport_fastrtps_c.h
[4.055s] -- Up-to-date: /workspaces/tello-ros2/workspace/install/tello_msg/include/tello_msg/tello_msg/msg/detail/tello_status__rosidl_typesupport_fastrtps_c.h
[4.097s] -- Up-to-date: /workspaces/tello-ros2/workspace/install/tello_msg/include/tello_msg/tello_msg/msg/detail/tello_wifi_config__rosidl_typesupport_fastrtps_c.h
[4.153s] -- Up-to-date: /workspaces/tello-ros2/workspace/install/tello_msg/include/tello_msg/tello_msg/msg/rosidl_typesupport_fastrtps_c__visibility_control.h
[4.261s] -- Up-to-date: /workspaces/tello-ros2/workspace/install/tello_msg/lib/libtello_msg__rosidl_typesupport_fastrtps_c.so
[4.347s] -- Up-to-date: /workspaces/tello-ros2/workspace/install/tello_msg/include/tello_msg/tello_msg
[4.379s] -- Up-to-date: /workspaces/tello-ros2/workspace/install/tello_msg/include/tello_msg/tello_msg/msg
[4.439s] -- Up-to-date: /workspaces/tello-ros2/workspace/install/tello_msg/include/tello_msg/tello_msg/msg/detail
[4.490s] -- Up-to-date: /workspaces/tello-ros2/workspace/install/tello_msg/include/tello_msg/tello_msg/msg/detail/tello_id__rosidl_typesupport_introspection_c.h
[4.557s] -- Up-to-date: /workspaces/tello-ros2/workspace/install/tello_msg/include/tello_msg/tello_msg/msg/detail/tello_id__type_support.c
[4.617s] -- Up-to-date: /workspaces/tello-ros2/workspace/install/tello_msg/include/tello_msg/tello_msg/msg/detail/tello_status__rosidl_typesupport_introspection_c.h
[4.667s] -- Up-to-date: /workspaces/tello-ros2/workspace/install/tello_msg/include/tello_msg/tello_msg/msg/detail/tello_status__type_support.c
[4.697s] -- Up-to-date: /workspaces/tello-ros2/workspace/install/tello_msg/include/tello_msg/tello_msg/msg/detail/tello_wifi_config__rosidl_typesupport_introspection_c.h
[4.738s] -- Up-to-date: /workspaces/tello-ros2/workspace/install/tello_msg/include/tello_msg/tello_msg/msg/detail/tello_wifi_config__type_support.c
[4.781s] -- Up-to-date: /workspaces/tello-ros2/workspace/install/tello_msg/include/tello_msg/tello_msg/msg/rosidl_typesupport_introspection_c__visibility_control.h
[4.857s] -- Up-to-date: /workspaces/tello-ros2/workspace/install/tello_msg/lib/libtello_msg__rosidl_typesupport_introspection_c.so
[4.991s] -- Up-to-date: /workspaces/tello-ros2/workspace/install/tello_msg/lib/libtello_msg__rosidl_typesupport_c.so
[5.082s] -- Up-to-date: /workspaces/tello-ros2/workspace/install/tello_msg/include/tello_msg/tello_msg
[5.131s] -- Up-to-date: /workspaces/tello-ros2/workspace/install/tello_msg/include/tello_msg/tello_msg/msg
[5.170s] -- Up-to-date: /workspaces/tello-ros2/workspace/install/tello_msg/include/tello_msg/tello_msg/msg/detail
[5.244s] -- Up-to-date: /workspaces/tello-ros2/workspace/install/tello_msg/include/tello_msg/tello_msg/msg/detail/tello_id__builder.hpp
[5.305s] -- Up-to-date: /workspaces/tello-ros2/workspace/install/tello_msg/include/tello_msg/tello_msg/msg/detail/tello_id__struct.hpp
[5.356s] -- Up-to-date: /workspaces/tello-ros2/workspace/install/tello_msg/include/tello_msg/tello_msg/msg/detail/tello_id__traits.hpp
[5.390s] -- Up-to-date: /workspaces/tello-ros2/workspace/install/tello_msg/include/tello_msg/tello_msg/msg/detail/tello_status__builder.hpp
[5.449s] -- Up-to-date: /workspaces/tello-ros2/workspace/install/tello_msg/include/tello_msg/tello_msg/msg/detail/tello_status__struct.hpp
[5.518s] -- Up-to-date: /workspaces/tello-ros2/workspace/install/tello_msg/include/tello_msg/tello_msg/msg/detail/tello_status__traits.hpp
[5.574s] -- Up-to-date: /workspaces/tello-ros2/workspace/install/tello_msg/include/tello_msg/tello_msg/msg/detail/tello_wifi_config__builder.hpp
[5.614s] -- Up-to-date: /workspaces/tello-ros2/workspace/install/tello_msg/include/tello_msg/tello_msg/msg/detail/tello_wifi_config__struct.hpp
[5.659s] -- Up-to-date: /workspaces/tello-ros2/workspace/install/tello_msg/include/tello_msg/tello_msg/msg/detail/tello_wifi_config__traits.hpp
[5.703s] -- Up-to-date: /workspaces/tello-ros2/workspace/install/tello_msg/include/tello_msg/tello_msg/msg/tello_id.hpp
[5.755s] -- Up-to-date: /workspaces/tello-ros2/workspace/install/tello_msg/include/tello_msg/tello_msg/msg/tello_status.hpp
[5.799s] -- Up-to-date: /workspaces/tello-ros2/workspace/install/tello_msg/include/tello_msg/tello_msg/msg/tello_wifi_config.hpp
[5.834s] -- Up-to-date: /workspaces/tello-ros2/workspace/install/tello_msg/include/tello_msg/tello_msg
[5.870s] -- Up-to-date: /workspaces/tello-ros2/workspace/install/tello_msg/include/tello_msg/tello_msg/msg
[5.920s] -- Up-to-date: /workspaces/tello-ros2/workspace/install/tello_msg/include/tello_msg/tello_msg/msg/detail
[5.969s] -- Up-to-date: /workspaces/tello-ros2/workspace/install/tello_msg/include/tello_msg/tello_msg/msg/detail/dds_fastrtps
[6.040s] -- Up-to-date: /workspaces/tello-ros2/workspace/install/tello_msg/include/tello_msg/tello_msg/msg/detail/tello_id__rosidl_typesupport_fastrtps_cpp.hpp
[6.078s] -- Up-to-date: /workspaces/tello-ros2/workspace/install/tello_msg/include/tello_msg/tello_msg/msg/detail/tello_status__rosidl_typesupport_fastrtps_cpp.hpp
[6.134s] -- Up-to-date: /workspaces/tello-ros2/workspace/install/tello_msg/include/tello_msg/tello_msg/msg/detail/tello_wifi_config__rosidl_typesupport_fastrtps_cpp.hpp
[6.161s] -- Up-to-date: /workspaces/tello-ros2/workspace/install/tello_msg/include/tello_msg/tello_msg/msg/rosidl_typesupport_fastrtps_cpp__visibility_control.h
[6.278s] -- Up-to-date: /workspaces/tello-ros2/workspace/install/tello_msg/lib/libtello_msg__rosidl_typesupport_fastrtps_cpp.so
[6.357s] -- Up-to-date: /workspaces/tello-ros2/workspace/install/tello_msg/include/tello_msg/tello_msg
[6.394s] -- Up-to-date: /workspaces/tello-ros2/workspace/install/tello_msg/include/tello_msg/tello_msg/msg
[6.448s] -- Up-to-date: /workspaces/tello-ros2/workspace/install/tello_msg/include/tello_msg/tello_msg/msg/detail
[6.514s] -- Up-to-date: /workspaces/tello-ros2/workspace/install/tello_msg/include/tello_msg/tello_msg/msg/detail/tello_id__rosidl_typesupport_introspection_cpp.hpp
[6.565s] -- Up-to-date: /workspaces/tello-ros2/workspace/install/tello_msg/include/tello_msg/tello_msg/msg/detail/tello_id__type_support.cpp
[6.643s] -- Up-to-date: /workspaces/tello-ros2/workspace/install/tello_msg/include/tello_msg/tello_msg/msg/detail/tello_status__rosidl_typesupport_introspection_cpp.hpp
[6.684s] -- Up-to-date: /workspaces/tello-ros2/workspace/install/tello_msg/include/tello_msg/tello_msg/msg/detail/tello_status__type_support.cpp
[6.725s] -- Up-to-date: /workspaces/tello-ros2/workspace/install/tello_msg/include/tello_msg/tello_msg/msg/detail/tello_wifi_config__rosidl_typesupport_introspection_cpp.hpp
[6.764s] -- Up-to-date: /workspaces/tello-ros2/workspace/install/tello_msg/include/tello_msg/tello_msg/msg/detail/tello_wifi_config__type_support.cpp
[6.864s] -- Up-to-date: /workspaces/tello-ros2/workspace/install/tello_msg/lib/libtello_msg__rosidl_typesupport_introspection_cpp.so
[6.992s] -- Up-to-date: /workspaces/tello-ros2/workspace/install/tello_msg/lib/libtello_msg__rosidl_typesupport_cpp.so
[7.121s] -- Up-to-date: /workspaces/tello-ros2/workspace/install/tello_msg/share/tello_msg/environment/pythonpath.sh
[7.167s] -- Up-to-date: /workspaces/tello-ros2/workspace/install/tello_msg/share/tello_msg/environment/pythonpath.dsv
[7.200s] -- Up-to-date: /workspaces/tello-ros2/workspace/install/tello_msg/local/lib/python3.10/dist-packages/tello_msg-0.0.1-py3.10.egg-info
[7.265s] -- Installing: /workspaces/tello-ros2/workspace/install/tello_msg/local/lib/python3.10/dist-packages/tello_msg-0.0.1-py3.10.egg-info/dependency_links.txt
[7.432s] -- Installing: /workspaces/tello-ros2/workspace/install/tello_msg/local/lib/python3.10/dist-packages/tello_msg-0.0.1-py3.10.egg-info/PKG-INFO
[7.621s] -- Installing: /workspaces/tello-ros2/workspace/install/tello_msg/local/lib/python3.10/dist-packages/tello_msg-0.0.1-py3.10.egg-info/SOURCES.txt
[7.772s] -- Installing: /workspaces/tello-ros2/workspace/install/tello_msg/local/lib/python3.10/dist-packages/tello_msg-0.0.1-py3.10.egg-info/top_level.txt
[7.891s] -- Up-to-date: /workspaces/tello-ros2/workspace/install/tello_msg/local/lib/python3.10/dist-packages/tello_msg
[7.956s] -- Up-to-date: /workspaces/tello-ros2/workspace/install/tello_msg/local/lib/python3.10/dist-packages/tello_msg/libtello_msg__rosidl_generator_py.so
[7.999s] -- Up-to-date: /workspaces/tello-ros2/workspace/install/tello_msg/local/lib/python3.10/dist-packages/tello_msg/msg
[8.070s] -- Up-to-date: /workspaces/tello-ros2/workspace/install/tello_msg/local/lib/python3.10/dist-packages/tello_msg/msg/_tello_id.py
[8.134s] -- Up-to-date: /workspaces/tello-ros2/workspace/install/tello_msg/local/lib/python3.10/dist-packages/tello_msg/msg/_tello_id_s.c
[8.168s] -- Up-to-date: /workspaces/tello-ros2/workspace/install/tello_msg/local/lib/python3.10/dist-packages/tello_msg/msg/_tello_status.py
[8.200s] -- Up-to-date: /workspaces/tello-ros2/workspace/install/tello_msg/local/lib/python3.10/dist-packages/tello_msg/msg/_tello_status_s.c
[8.244s] -- Up-to-date: /workspaces/tello-ros2/workspace/install/tello_msg/local/lib/python3.10/dist-packages/tello_msg/msg/_tello_wifi_config.py
[8.291s] -- Up-to-date: /workspaces/tello-ros2/workspace/install/tello_msg/local/lib/python3.10/dist-packages/tello_msg/msg/_tello_wifi_config_s.c
[8.328s] -- Up-to-date: /workspaces/tello-ros2/workspace/install/tello_msg/local/lib/python3.10/dist-packages/tello_msg/msg/__init__.py
[8.363s] -- Up-to-date: /workspaces/tello-ros2/workspace/install/tello_msg/local/lib/python3.10/dist-packages/tello_msg/tello_msg_s__rosidl_typesupport_c.cpython-310-x86_64-linux-gnu.so
[8.396s] -- Up-to-date: /workspaces/tello-ros2/workspace/install/tello_msg/local/lib/python3.10/dist-packages/tello_msg/tello_msg_s__rosidl_typesupport_fastrtps_c.cpython-310-x86_64-linux-gnu.so
[8.444s] -- Up-to-date: /workspaces/tello-ros2/workspace/install/tello_msg/local/lib/python3.10/dist-packages/tello_msg/tello_msg_s__rosidl_typesupport_introspection_c.cpython-310-x86_64-linux-gnu.so
[8.472s] -- Up-to-date: /workspaces/tello-ros2/workspace/install/tello_msg/local/lib/python3.10/dist-packages/tello_msg/_tello_msg_s.ep.rosidl_typesupport_c.c
[8.511s] -- Up-to-date: /workspaces/tello-ros2/workspace/install/tello_msg/local/lib/python3.10/dist-packages/tello_msg/_tello_msg_s.ep.rosidl_typesupport_fastrtps_c.c
[8.561s] -- Up-to-date: /workspaces/tello-ros2/workspace/install/tello_msg/local/lib/python3.10/dist-packages/tello_msg/_tello_msg_s.ep.rosidl_typesupport_introspection_c.c
[8.605s] -- Up-to-date: /workspaces/tello-ros2/workspace/install/tello_msg/local/lib/python3.10/dist-packages/tello_msg/__init__.py
[9.011s] Listing '/workspaces/tello-ros2/workspace/install/tello_msg/local/lib/python3.10/dist-packages/tello_msg'...
[9.013s] Listing '/workspaces/tello-ros2/workspace/install/tello_msg/local/lib/python3.10/dist-packages/tello_msg/msg'...
[9.160s] -- Up-to-date: /workspaces/tello-ros2/workspace/install/tello_msg/local/lib/python3.10/dist-packages/tello_msg/tello_msg_s__rosidl_typesupport_fastrtps_c.cpython-310-x86_64-linux-gnu.so
[9.414s] -- Up-to-date: /workspaces/tello-ros2/workspace/install/tello_msg/local/lib/python3.10/dist-packages/tello_msg/tello_msg_s__rosidl_typesupport_introspection_c.cpython-310-x86_64-linux-gnu.so
[9.651s] -- Up-to-date: /workspaces/tello-ros2/workspace/install/tello_msg/local/lib/python3.10/dist-packages/tello_msg/tello_msg_s__rosidl_typesupport_c.cpython-310-x86_64-linux-gnu.so
[9.877s] -- Up-to-date: /workspaces/tello-ros2/workspace/install/tello_msg/lib/libtello_msg__rosidl_generator_py.so
[9.994s] -- Up-to-date: /workspaces/tello-ros2/workspace/install/tello_msg/share/tello_msg/msg/TelloStatus.idl
[10.056s] -- Up-to-date: /workspaces/tello-ros2/workspace/install/tello_msg/share/tello_msg/msg/TelloID.idl
[10.096s] -- Up-to-date: /workspaces/tello-ros2/workspace/install/tello_msg/share/tello_msg/msg/TelloWifiConfig.idl
[10.135s] -- Up-to-date: /workspaces/tello-ros2/workspace/install/tello_msg/share/tello_msg/msg/TelloStatus.msg
[10.179s] -- Up-to-date: /workspaces/tello-ros2/workspace/install/tello_msg/share/tello_msg/msg/TelloID.msg
[10.228s] -- Up-to-date: /workspaces/tello-ros2/workspace/install/tello_msg/share/tello_msg/msg/TelloWifiConfig.msg
[10.288s] -- Up-to-date: /workspaces/tello-ros2/workspace/install/tello_msg/share/ament_index/resource_index/package_run_dependencies/tello_msg
[10.344s] -- Up-to-date: /workspaces/tello-ros2/workspace/install/tello_msg/share/ament_index/resource_index/parent_prefix_path/tello_msg
[10.364s] -- Up-to-date: /workspaces/tello-ros2/workspace/install/tello_msg/share/tello_msg/environment/ament_prefix_path.sh
[10.382s] -- Up-to-date: /workspaces/tello-ros2/workspace/install/tello_msg/share/tello_msg/environment/ament_prefix_path.dsv
[10.407s] -- Up-to-date: /workspaces/tello-ros2/workspace/install/tello_msg/share/tello_msg/environment/path.sh
[10.454s] -- Up-to-date: /workspaces/tello-ros2/workspace/install/tello_msg/share/tello_msg/environment/path.dsv
[10.478s] -- Up-to-date: /workspaces/tello-ros2/workspace/install/tello_msg/share/tello_msg/local_setup.bash
[10.498s] -- Up-to-date: /workspaces/tello-ros2/workspace/install/tello_msg/share/tello_msg/local_setup.sh
[10.525s] -- Up-to-date: /workspaces/tello-ros2/workspace/install/tello_msg/share/tello_msg/local_setup.zsh
[10.563s] -- Up-to-date: /workspaces/tello-ros2/workspace/install/tello_msg/share/tello_msg/local_setup.dsv
[10.602s] -- Installing: /workspaces/tello-ros2/workspace/install/tello_msg/share/tello_msg/package.dsv
[10.701s] -- Up-to-date: /workspaces/tello-ros2/workspace/install/tello_msg/share/ament_index/resource_index/packages/tello_msg
[10.773s] -- Up-to-date: /workspaces/tello-ros2/workspace/install/tello_msg/share/tello_msg/cmake/export_tello_msg__rosidl_generator_cExport.cmake
[10.813s] -- Up-to-date: /workspaces/tello-ros2/workspace/install/tello_msg/share/tello_msg/cmake/export_tello_msg__rosidl_generator_cExport-noconfig.cmake
[10.875s] -- Up-to-date: /workspaces/tello-ros2/workspace/install/tello_msg/share/tello_msg/cmake/export_tello_msg__rosidl_typesupport_fastrtps_cExport.cmake
[10.908s] -- Up-to-date: /workspaces/tello-ros2/workspace/install/tello_msg/share/tello_msg/cmake/export_tello_msg__rosidl_typesupport_fastrtps_cExport-noconfig.cmake
[10.967s] -- Up-to-date: /workspaces/tello-ros2/workspace/install/tello_msg/share/tello_msg/cmake/tello_msg__rosidl_typesupport_introspection_cExport.cmake
[11.021s] -- Up-to-date: /workspaces/tello-ros2/workspace/install/tello_msg/share/tello_msg/cmake/tello_msg__rosidl_typesupport_introspection_cExport-noconfig.cmake
[11.093s] -- Up-to-date: /workspaces/tello-ros2/workspace/install/tello_msg/share/tello_msg/cmake/tello_msg__rosidl_typesupport_cExport.cmake
[11.131s] -- Up-to-date: /workspaces/tello-ros2/workspace/install/tello_msg/share/tello_msg/cmake/tello_msg__rosidl_typesupport_cExport-noconfig.cmake
[11.189s] -- Up-to-date: /workspaces/tello-ros2/workspace/install/tello_msg/share/tello_msg/cmake/export_tello_msg__rosidl_generator_cppExport.cmake
[11.260s] -- Up-to-date: /workspaces/tello-ros2/workspace/install/tello_msg/share/tello_msg/cmake/export_tello_msg__rosidl_typesupport_fastrtps_cppExport.cmake
[11.300s] -- Up-to-date: /workspaces/tello-ros2/workspace/install/tello_msg/share/tello_msg/cmake/export_tello_msg__rosidl_typesupport_fastrtps_cppExport-noconfig.cmake
[11.373s] -- Up-to-date: /workspaces/tello-ros2/workspace/install/tello_msg/share/tello_msg/cmake/tello_msg__rosidl_typesupport_introspection_cppExport.cmake
[11.423s] -- Up-to-date: /workspaces/tello-ros2/workspace/install/tello_msg/share/tello_msg/cmake/tello_msg__rosidl_typesupport_introspection_cppExport-noconfig.cmake
[11.484s] -- Up-to-date: /workspaces/tello-ros2/workspace/install/tello_msg/share/tello_msg/cmake/tello_msg__rosidl_typesupport_cppExport.cmake
[11.534s] -- Up-to-date: /workspaces/tello-ros2/workspace/install/tello_msg/share/tello_msg/cmake/tello_msg__rosidl_typesupport_cppExport-noconfig.cmake
[11.597s] -- Up-to-date: /workspaces/tello-ros2/workspace/install/tello_msg/share/tello_msg/cmake/export_tello_msg__rosidl_generator_pyExport.cmake
[11.644s] -- Up-to-date: /workspaces/tello-ros2/workspace/install/tello_msg/share/tello_msg/cmake/export_tello_msg__rosidl_generator_pyExport-noconfig.cmake
[11.671s] -- Up-to-date: /workspaces/tello-ros2/workspace/install/tello_msg/share/tello_msg/cmake/rosidl_cmake-extras.cmake
[11.695s] -- Up-to-date: /workspaces/tello-ros2/workspace/install/tello_msg/share/tello_msg/cmake/ament_cmake_export_dependencies-extras.cmake
[11.722s] -- Up-to-date: /workspaces/tello-ros2/workspace/install/tello_msg/share/tello_msg/cmake/ament_cmake_export_include_directories-extras.cmake
[11.753s] -- Up-to-date: /workspaces/tello-ros2/workspace/install/tello_msg/share/tello_msg/cmake/ament_cmake_export_libraries-extras.cmake
[11.780s] -- Up-to-date: /workspaces/tello-ros2/workspace/install/tello_msg/share/tello_msg/cmake/ament_cmake_export_targets-extras.cmake
[11.819s] -- Up-to-date: /workspaces/tello-ros2/workspace/install/tello_msg/share/tello_msg/cmake/rosidl_cmake_export_typesupport_targets-extras.cmake
[11.861s] -- Up-to-date: /workspaces/tello-ros2/workspace/install/tello_msg/share/tello_msg/cmake/rosidl_cmake_export_typesupport_libraries-extras.cmake
[11.883s] -- Up-to-date: /workspaces/tello-ros2/workspace/install/tello_msg/share/tello_msg/cmake/tello_msgConfig.cmake
[11.906s] -- Up-to-date: /workspaces/tello-ros2/workspace/install/tello_msg/share/tello_msg/cmake/tello_msgConfig-version.cmake
[11.943s] -- Up-to-date: /workspaces/tello-ros2/workspace/install/tello_msg/share/tello_msg/package.xml
[11.973s] Invoked command in '/workspaces/tello-ros2/workspace/build/tello_msg' returned '0': CMAKE_PREFIX_PATH=/opt/ros/humble /usr/bin/cmake --install /workspaces/tello-ros2/workspace/build/tello_msg
