[0.242s] DEBUG:colcon:Command line arguments: ['/usr/bin/colcon', 'build']
[0.242s] DEBUG:colcon:Parsed command line arguments: Namespace(log_base=None, log_level=None, verb_name='build', build_base='build', install_base='install', merge_install=False, symlink_install=False, test_result_base=None, continue_on_error=False, executor='parallel', parallel_workers=16, event_handlers=None, ignore_user_meta=False, metas=['./colcon.meta'], base_paths=['.'], packages_ignore=None, packages_ignore_regex=None, paths=None, packages_up_to=None, packages_up_to_regex=None, packages_above=None, packages_above_and_dependencies=None, packages_above_depth=None, packages_select_by_dep=None, packages_skip_by_dep=None, packages_skip_up_to=None, packages_select_build_failed=False, packages_skip_build_finished=False, packages_select_test_failures=False, packages_skip_test_passed=False, packages_select=None, packages_skip=None, packages_select_regex=None, packages_skip_regex=None, packages_start=None, packages_end=None, allow_overriding=[], cmake_args=None, cmake_target=None, cmake_target_skip_unavailable=False, cmake_clean_cache=False, cmake_clean_first=False, cmake_force_configure=False, ament_cmake_args=None, catkin_cmake_args=None, catkin_skip_building_tests=False, verb_parser=<colcon_defaults.argument_parser.defaults.DefaultArgumentsDecorator object at 0x7f5ca861f910>, verb_extension=<colcon_core.verb.build.BuildVerb object at 0x7f5ca87c8f70>, main=<bound method BuildVerb.main of <colcon_core.verb.build.BuildVerb object at 0x7f5ca87c8f70>>)
[0.432s] Level 1:colcon.colcon_core.package_discovery:discover_packages(colcon_meta) check parameters
[0.433s] Level 1:colcon.colcon_core.package_discovery:discover_packages(recursive) check parameters
[0.433s] Level 1:colcon.colcon_core.package_discovery:discover_packages(ignore) check parameters
[0.434s] Level 1:colcon.colcon_core.package_discovery:discover_packages(path) check parameters
[0.434s] Level 1:colcon.colcon_core.package_discovery:discover_packages(colcon_meta) discover
[0.434s] Level 1:colcon.colcon_core.package_discovery:discover_packages(recursive) discover
[0.435s] INFO:colcon.colcon_core.package_discovery:Crawling recursively for packages in '/workspaces/tello-ros2/workspace'
[0.437s] Level 1:colcon.colcon_core.package_identification:_identify(.) by extensions ['ignore', 'ignore_ament_install']
[0.438s] Level 1:colcon.colcon_core.package_identification:_identify(.) by extension 'ignore'
[0.438s] Level 1:colcon.colcon_core.package_identification:_identify(.) by extension 'ignore_ament_install'
[0.439s] Level 1:colcon.colcon_core.package_identification:_identify(.) by extensions ['colcon_pkg']
[0.439s] Level 1:colcon.colcon_core.package_identification:_identify(.) by extension 'colcon_pkg'
[0.440s] Level 1:colcon.colcon_core.package_identification:_identify(.) by extensions ['colcon_meta']
[0.440s] Level 1:colcon.colcon_core.package_identification:_identify(.) by extension 'colcon_meta'
[0.440s] Level 1:colcon.colcon_core.package_identification:_identify(.) by extensions ['ros']
[0.440s] Level 1:colcon.colcon_core.package_identification:_identify(.) by extension 'ros'
[0.454s] Level 1:colcon.colcon_core.package_identification:_identify(.) by extensions ['cmake', 'python']
[0.454s] Level 1:colcon.colcon_core.package_identification:_identify(.) by extension 'cmake'
[0.455s] Level 1:colcon.colcon_core.package_identification:_identify(.) by extension 'python'
[0.455s] Level 1:colcon.colcon_core.package_identification:_identify(.) by extensions ['python_setup_py']
[0.456s] Level 1:colcon.colcon_core.package_identification:_identify(.) by extension 'python_setup_py'
[0.460s] Level 1:colcon.colcon_core.package_identification:_identify(build) by extensions ['ignore', 'ignore_ament_install']
[0.461s] Level 1:colcon.colcon_core.package_identification:_identify(build) by extension 'ignore'
[0.462s] Level 1:colcon.colcon_core.package_identification:_identify(build) ignored
[0.465s] Level 1:colcon.colcon_core.package_identification:_identify(install) by extensions ['ignore', 'ignore_ament_install']
[0.465s] Level 1:colcon.colcon_core.package_identification:_identify(install) by extension 'ignore'
[0.467s] Level 1:colcon.colcon_core.package_identification:_identify(install) ignored
[0.472s] Level 1:colcon.colcon_core.package_identification:_identify(log) by extensions ['ignore', 'ignore_ament_install']
[0.472s] Level 1:colcon.colcon_core.package_identification:_identify(log) by extension 'ignore'
[0.473s] Level 1:colcon.colcon_core.package_identification:_identify(log) ignored
[0.475s] Level 1:colcon.colcon_core.package_identification:_identify(src) by extensions ['ignore', 'ignore_ament_install']
[0.476s] Level 1:colcon.colcon_core.package_identification:_identify(src) by extension 'ignore'
[0.477s] Level 1:colcon.colcon_core.package_identification:_identify(src) by extension 'ignore_ament_install'
[0.478s] Level 1:colcon.colcon_core.package_identification:_identify(src) by extensions ['colcon_pkg']
[0.479s] Level 1:colcon.colcon_core.package_identification:_identify(src) by extension 'colcon_pkg'
[0.480s] Level 1:colcon.colcon_core.package_identification:_identify(src) by extensions ['colcon_meta']
[0.480s] Level 1:colcon.colcon_core.package_identification:_identify(src) by extension 'colcon_meta'
[0.481s] Level 1:colcon.colcon_core.package_identification:_identify(src) by extensions ['ros']
[0.481s] Level 1:colcon.colcon_core.package_identification:_identify(src) by extension 'ros'
[0.483s] Level 1:colcon.colcon_core.package_identification:_identify(src) by extensions ['cmake', 'python']
[0.483s] Level 1:colcon.colcon_core.package_identification:_identify(src) by extension 'cmake'
[0.484s] Level 1:colcon.colcon_core.package_identification:_identify(src) by extension 'python'
[0.485s] Level 1:colcon.colcon_core.package_identification:_identify(src) by extensions ['python_setup_py']
[0.485s] Level 1:colcon.colcon_core.package_identification:_identify(src) by extension 'python_setup_py'
[0.489s] Level 1:colcon.colcon_core.package_identification:_identify(src/tello) by extensions ['ignore', 'ignore_ament_install']
[0.489s] Level 1:colcon.colcon_core.package_identification:_identify(src/tello) by extension 'ignore'
[0.490s] Level 1:colcon.colcon_core.package_identification:_identify(src/tello) by extension 'ignore_ament_install'
[0.492s] Level 1:colcon.colcon_core.package_identification:_identify(src/tello) by extensions ['colcon_pkg']
[0.492s] Level 1:colcon.colcon_core.package_identification:_identify(src/tello) by extension 'colcon_pkg'
[0.494s] Level 1:colcon.colcon_core.package_identification:_identify(src/tello) by extensions ['colcon_meta']
[0.494s] Level 1:colcon.colcon_core.package_identification:_identify(src/tello) by extension 'colcon_meta'
[0.496s] Level 1:colcon.colcon_core.package_identification:_identify(src/tello) by extensions ['ros']
[0.496s] Level 1:colcon.colcon_core.package_identification:_identify(src/tello) by extension 'ros'
[0.512s] DEBUG:colcon.colcon_core.package_identification:Package 'src/tello' with type 'ros.ament_python' and name 'tello'
[0.515s] Level 1:colcon.colcon_core.package_identification:_identify(src/tello_control) by extensions ['ignore', 'ignore_ament_install']
[0.516s] Level 1:colcon.colcon_core.package_identification:_identify(src/tello_control) by extension 'ignore'
[0.517s] Level 1:colcon.colcon_core.package_identification:_identify(src/tello_control) by extension 'ignore_ament_install'
[0.519s] Level 1:colcon.colcon_core.package_identification:_identify(src/tello_control) by extensions ['colcon_pkg']
[0.519s] Level 1:colcon.colcon_core.package_identification:_identify(src/tello_control) by extension 'colcon_pkg'
[0.520s] Level 1:colcon.colcon_core.package_identification:_identify(src/tello_control) by extensions ['colcon_meta']
[0.521s] Level 1:colcon.colcon_core.package_identification:_identify(src/tello_control) by extension 'colcon_meta'
[0.522s] Level 1:colcon.colcon_core.package_identification:_identify(src/tello_control) by extensions ['ros']
[0.522s] Level 1:colcon.colcon_core.package_identification:_identify(src/tello_control) by extension 'ros'
[0.533s] DEBUG:colcon.colcon_core.package_identification:Package 'src/tello_control' with type 'ros.ament_cmake' and name 'tello_control'
[0.537s] Level 1:colcon.colcon_core.package_identification:_identify(src/tello_msg) by extensions ['ignore', 'ignore_ament_install']
[0.537s] Level 1:colcon.colcon_core.package_identification:_identify(src/tello_msg) by extension 'ignore'
[0.538s] Level 1:colcon.colcon_core.package_identification:_identify(src/tello_msg) by extension 'ignore_ament_install'
[0.540s] Level 1:colcon.colcon_core.package_identification:_identify(src/tello_msg) by extensions ['colcon_pkg']
[0.540s] Level 1:colcon.colcon_core.package_identification:_identify(src/tello_msg) by extension 'colcon_pkg'
[0.541s] Level 1:colcon.colcon_core.package_identification:_identify(src/tello_msg) by extensions ['colcon_meta']
[0.541s] Level 1:colcon.colcon_core.package_identification:_identify(src/tello_msg) by extension 'colcon_meta'
[0.543s] Level 1:colcon.colcon_core.package_identification:_identify(src/tello_msg) by extensions ['ros']
[0.543s] Level 1:colcon.colcon_core.package_identification:_identify(src/tello_msg) by extension 'ros'
[0.552s] DEBUG:colcon.colcon_core.package_identification:Package 'src/tello_msg' with type 'ros.ament_cmake' and name 'tello_msg'
[0.552s] Level 1:colcon.colcon_core.package_discovery:discover_packages(recursive) using defaults
[0.552s] Level 1:colcon.colcon_core.package_discovery:discover_packages(ignore) discover
[0.552s] Level 1:colcon.colcon_core.package_discovery:discover_packages(ignore) using defaults
[0.553s] Level 1:colcon.colcon_core.package_discovery:discover_packages(path) discover
[0.553s] Level 1:colcon.colcon_core.package_discovery:discover_packages(path) using defaults
[0.608s] Level 1:colcon.colcon_core.package_discovery:discover_packages(prefix_path) check parameters
[0.609s] Level 1:colcon.colcon_core.package_discovery:discover_packages(prefix_path) discover
[0.613s] DEBUG:colcon.colcon_installed_package_information.package_discovery:Found 284 installed packages in /opt/ros/humble
[0.615s] Level 1:colcon.colcon_core.package_discovery:discover_packages(prefix_path) using defaults
[0.656s] Level 5:colcon.colcon_core.verb:set package 'tello_control' build argument 'cmake_args' from command line to 'None'
[0.657s] Level 5:colcon.colcon_core.verb:set package 'tello_control' build argument 'cmake_target' from command line to 'None'
[0.658s] Level 5:colcon.colcon_core.verb:set package 'tello_control' build argument 'cmake_target_skip_unavailable' from command line to 'False'
[0.658s] Level 5:colcon.colcon_core.verb:set package 'tello_control' build argument 'cmake_clean_cache' from command line to 'False'
[0.659s] Level 5:colcon.colcon_core.verb:set package 'tello_control' build argument 'cmake_clean_first' from command line to 'False'
[0.659s] Level 5:colcon.colcon_core.verb:set package 'tello_control' build argument 'cmake_force_configure' from command line to 'False'
[0.660s] Level 5:colcon.colcon_core.verb:set package 'tello_control' build argument 'ament_cmake_args' from command line to 'None'
[0.661s] Level 5:colcon.colcon_core.verb:set package 'tello_control' build argument 'catkin_cmake_args' from command line to 'None'
[0.661s] Level 5:colcon.colcon_core.verb:set package 'tello_control' build argument 'catkin_skip_building_tests' from command line to 'False'
[0.661s] DEBUG:colcon.colcon_core.verb:Building package 'tello_control' with the following arguments: {'ament_cmake_args': None, 'build_base': '/workspaces/tello-ros2/workspace/build/tello_control', 'catkin_cmake_args': None, 'catkin_skip_building_tests': False, 'cmake_args': None, 'cmake_clean_cache': False, 'cmake_clean_first': False, 'cmake_force_configure': False, 'cmake_target': None, 'cmake_target_skip_unavailable': False, 'install_base': '/workspaces/tello-ros2/workspace/install/tello_control', 'merge_install': False, 'path': '/workspaces/tello-ros2/workspace/src/tello_control', 'symlink_install': False, 'test_result_base': None}
[0.662s] Level 5:colcon.colcon_core.verb:set package 'tello_msg' build argument 'cmake_args' from command line to 'None'
[0.663s] Level 5:colcon.colcon_core.verb:set package 'tello_msg' build argument 'cmake_target' from command line to 'None'
[0.663s] Level 5:colcon.colcon_core.verb:set package 'tello_msg' build argument 'cmake_target_skip_unavailable' from command line to 'False'
[0.663s] Level 5:colcon.colcon_core.verb:set package 'tello_msg' build argument 'cmake_clean_cache' from command line to 'False'
[0.664s] Level 5:colcon.colcon_core.verb:set package 'tello_msg' build argument 'cmake_clean_first' from command line to 'False'
[0.664s] Level 5:colcon.colcon_core.verb:set package 'tello_msg' build argument 'cmake_force_configure' from command line to 'False'
[0.665s] Level 5:colcon.colcon_core.verb:set package 'tello_msg' build argument 'ament_cmake_args' from command line to 'None'
[0.665s] Level 5:colcon.colcon_core.verb:set package 'tello_msg' build argument 'catkin_cmake_args' from command line to 'None'
[0.666s] Level 5:colcon.colcon_core.verb:set package 'tello_msg' build argument 'catkin_skip_building_tests' from command line to 'False'
[0.666s] DEBUG:colcon.colcon_core.verb:Building package 'tello_msg' with the following arguments: {'ament_cmake_args': None, 'build_base': '/workspaces/tello-ros2/workspace/build/tello_msg', 'catkin_cmake_args': None, 'catkin_skip_building_tests': False, 'cmake_args': None, 'cmake_clean_cache': False, 'cmake_clean_first': False, 'cmake_force_configure': False, 'cmake_target': None, 'cmake_target_skip_unavailable': False, 'install_base': '/workspaces/tello-ros2/workspace/install/tello_msg', 'merge_install': False, 'path': '/workspaces/tello-ros2/workspace/src/tello_msg', 'symlink_install': False, 'test_result_base': None}
[0.668s] Level 5:colcon.colcon_core.verb:set package 'tello' build argument 'cmake_args' from command line to 'None'
[0.668s] Level 5:colcon.colcon_core.verb:set package 'tello' build argument 'cmake_target' from command line to 'None'
[0.668s] Level 5:colcon.colcon_core.verb:set package 'tello' build argument 'cmake_target_skip_unavailable' from command line to 'False'
[0.669s] Level 5:colcon.colcon_core.verb:set package 'tello' build argument 'cmake_clean_cache' from command line to 'False'
[0.669s] Level 5:colcon.colcon_core.verb:set package 'tello' build argument 'cmake_clean_first' from command line to 'False'
[0.669s] Level 5:colcon.colcon_core.verb:set package 'tello' build argument 'cmake_force_configure' from command line to 'False'
[0.669s] Level 5:colcon.colcon_core.verb:set package 'tello' build argument 'ament_cmake_args' from command line to 'None'
[0.670s] Level 5:colcon.colcon_core.verb:set package 'tello' build argument 'catkin_cmake_args' from command line to 'None'
[0.670s] Level 5:colcon.colcon_core.verb:set package 'tello' build argument 'catkin_skip_building_tests' from command line to 'False'
[0.671s] DEBUG:colcon.colcon_core.verb:Building package 'tello' with the following arguments: {'ament_cmake_args': None, 'build_base': '/workspaces/tello-ros2/workspace/build/tello', 'catkin_cmake_args': None, 'catkin_skip_building_tests': False, 'cmake_args': None, 'cmake_clean_cache': False, 'cmake_clean_first': False, 'cmake_force_configure': False, 'cmake_target': None, 'cmake_target_skip_unavailable': False, 'install_base': '/workspaces/tello-ros2/workspace/install/tello', 'merge_install': False, 'path': '/workspaces/tello-ros2/workspace/src/tello', 'symlink_install': False, 'test_result_base': None}
[0.672s] INFO:colcon.colcon_core.executor:Executing jobs using 'parallel' executor
[0.673s] DEBUG:colcon.colcon_parallel_executor.executor.parallel:run_until_complete
[0.675s] INFO:colcon.colcon_ros.task.ament_cmake.build:Building ROS package in '/workspaces/tello-ros2/workspace/src/tello_msg' with build type 'ament_cmake'
[0.675s] INFO:colcon.colcon_cmake.task.cmake.build:Building CMake package in '/workspaces/tello-ros2/workspace/src/tello_msg'
[0.682s] INFO:colcon.colcon_core.plugin_system:Skipping extension 'colcon_core.shell.bat': Not used on non-Windows systems
[0.683s] INFO:colcon.colcon_core.shell:Skip shell extension 'powershell' for command environment: Not usable outside of PowerShell
[0.683s] DEBUG:colcon.colcon_core.shell:Skip shell extension 'dsv' for command environment
[0.696s] INFO:colcon.colcon_ros.task.ament_cmake.build:Building ROS package in '/workspaces/tello-ros2/workspace/src/tello_control' with build type 'ament_cmake'
[0.697s] INFO:colcon.colcon_cmake.task.cmake.build:Building CMake package in '/workspaces/tello-ros2/workspace/src/tello_control'
[0.698s] INFO:colcon.colcon_core.shell:Skip shell extension 'powershell' for command environment: Not usable outside of PowerShell
[0.698s] DEBUG:colcon.colcon_core.shell:Skip shell extension 'dsv' for command environment
[0.770s] DEBUG:colcon.colcon_core.event_handler.log_command:Invoking command in '/workspaces/tello-ros2/workspace/build/tello_msg': CMAKE_PREFIX_PATH=/opt/ros/humble /usr/bin/cmake --build /workspaces/tello-ros2/workspace/build/tello_msg -- -j16 -l16
[0.806s] DEBUG:colcon.colcon_core.event_handler.log_command:Invoking command in '/workspaces/tello-ros2/workspace/build/tello_control': CMAKE_PREFIX_PATH=/opt/ros/humble /usr/bin/cmake --build /workspaces/tello-ros2/workspace/build/tello_control -- -j16 -l16
[1.104s] DEBUG:colcon.colcon_core.event_handler.log_command:Invoked command in '/workspaces/tello-ros2/workspace/build/tello_control' returned '0': CMAKE_PREFIX_PATH=/opt/ros/humble /usr/bin/cmake --build /workspaces/tello-ros2/workspace/build/tello_control -- -j16 -l16
[1.145s] DEBUG:colcon.colcon_core.event_handler.log_command:Invoking command in '/workspaces/tello-ros2/workspace/build/tello_control': CMAKE_PREFIX_PATH=/opt/ros/humble /usr/bin/cmake --install /workspaces/tello-ros2/workspace/build/tello_control
[2.218s] Level 1:colcon.colcon_core.environment:create_environment_scripts_only(tello_control)
[2.222s] DEBUG:colcon.colcon_core.event_handler.log_command:Invoked command in '/workspaces/tello-ros2/workspace/build/tello_control' returned '0': CMAKE_PREFIX_PATH=/opt/ros/humble /usr/bin/cmake --install /workspaces/tello-ros2/workspace/build/tello_control
[2.226s] Level 1:colcon.colcon_core.environment:checking '/workspaces/tello-ros2/workspace/install/tello_control' for CMake module files
[2.388s] Level 1:colcon.colcon_core.environment:checking '/workspaces/tello-ros2/workspace/install/tello_control' for CMake config files
[2.530s] Level 1:colcon.colcon_core.shell:create_environment_hook('tello_control', 'cmake_prefix_path')
[2.531s] INFO:colcon.colcon_core.shell:Creating environment hook '/workspaces/tello-ros2/workspace/install/tello_control/share/tello_control/hook/cmake_prefix_path.ps1'
[2.557s] INFO:colcon.colcon_core.shell:Creating environment descriptor '/workspaces/tello-ros2/workspace/install/tello_control/share/tello_control/hook/cmake_prefix_path.dsv'
[2.584s] INFO:colcon.colcon_core.shell:Creating environment hook '/workspaces/tello-ros2/workspace/install/tello_control/share/tello_control/hook/cmake_prefix_path.sh'
[2.623s] Level 1:colcon.colcon_core.environment:checking '/workspaces/tello-ros2/workspace/install/tello_control/lib'
[2.632s] Level 1:colcon.colcon_core.environment:checking '/workspaces/tello-ros2/workspace/install/tello_control/bin'
[2.635s] Level 1:colcon.colcon_core.environment:checking '/workspaces/tello-ros2/workspace/install/tello_control/lib/pkgconfig/tello_control.pc'
[2.639s] Level 1:colcon.colcon_core.environment:checking '/workspaces/tello-ros2/workspace/install/tello_control/lib/python3.10/site-packages'
[2.642s] Level 1:colcon.colcon_core.environment:checking '/workspaces/tello-ros2/workspace/install/tello_control/bin'
[2.645s] INFO:colcon.colcon_core.shell:Creating package script '/workspaces/tello-ros2/workspace/install/tello_control/share/tello_control/package.ps1'
[2.674s] INFO:colcon.colcon_core.shell:Creating package descriptor '/workspaces/tello-ros2/workspace/install/tello_control/share/tello_control/package.dsv'
[2.703s] INFO:colcon.colcon_core.shell:Creating package script '/workspaces/tello-ros2/workspace/install/tello_control/share/tello_control/package.sh'
[2.728s] INFO:colcon.colcon_core.shell:Creating package script '/workspaces/tello-ros2/workspace/install/tello_control/share/tello_control/package.bash'
[2.751s] INFO:colcon.colcon_core.shell:Creating package script '/workspaces/tello-ros2/workspace/install/tello_control/share/tello_control/package.zsh'
[2.774s] Level 1:colcon.colcon_core.environment:create_file_with_runtime_dependencies(/workspaces/tello-ros2/workspace/install/tello_control/share/colcon-core/packages/tello_control)
[2.822s] Level 1:colcon.colcon_core.environment:create_environment_scripts_only(tello_control)
[2.823s] Level 1:colcon.colcon_core.environment:checking '/workspaces/tello-ros2/workspace/install/tello_control' for CMake module files
[3.015s] Level 1:colcon.colcon_core.environment:checking '/workspaces/tello-ros2/workspace/install/tello_control' for CMake config files
[3.162s] Level 1:colcon.colcon_core.shell:create_environment_hook('tello_control', 'cmake_prefix_path')
[3.163s] INFO:colcon.colcon_core.shell:Creating environment hook '/workspaces/tello-ros2/workspace/install/tello_control/share/tello_control/hook/cmake_prefix_path.ps1'
[3.189s] INFO:colcon.colcon_core.shell:Creating environment descriptor '/workspaces/tello-ros2/workspace/install/tello_control/share/tello_control/hook/cmake_prefix_path.dsv'
[3.222s] INFO:colcon.colcon_core.shell:Creating environment hook '/workspaces/tello-ros2/workspace/install/tello_control/share/tello_control/hook/cmake_prefix_path.sh'
[3.256s] Level 1:colcon.colcon_core.environment:checking '/workspaces/tello-ros2/workspace/install/tello_control/lib'
[3.269s] Level 1:colcon.colcon_core.environment:checking '/workspaces/tello-ros2/workspace/install/tello_control/bin'
[3.272s] Level 1:colcon.colcon_core.environment:checking '/workspaces/tello-ros2/workspace/install/tello_control/lib/pkgconfig/tello_control.pc'
[3.276s] Level 1:colcon.colcon_core.environment:checking '/workspaces/tello-ros2/workspace/install/tello_control/lib/python3.10/site-packages'
[3.279s] Level 1:colcon.colcon_core.environment:checking '/workspaces/tello-ros2/workspace/install/tello_control/bin'
[3.282s] INFO:colcon.colcon_core.shell:Creating package script '/workspaces/tello-ros2/workspace/install/tello_control/share/tello_control/package.ps1'
[3.302s] INFO:colcon.colcon_core.shell:Creating package descriptor '/workspaces/tello-ros2/workspace/install/tello_control/share/tello_control/package.dsv'
[3.321s] INFO:colcon.colcon_core.shell:Creating package script '/workspaces/tello-ros2/workspace/install/tello_control/share/tello_control/package.sh'
[3.343s] INFO:colcon.colcon_core.shell:Creating package script '/workspaces/tello-ros2/workspace/install/tello_control/share/tello_control/package.bash'
[3.364s] INFO:colcon.colcon_core.shell:Creating package script '/workspaces/tello-ros2/workspace/install/tello_control/share/tello_control/package.zsh'
[3.383s] Level 1:colcon.colcon_core.environment:create_file_with_runtime_dependencies(/workspaces/tello-ros2/workspace/install/tello_control/share/colcon-core/packages/tello_control)
[3.415s] DEBUG:colcon.colcon_core.event_handler.log_command:Invoked command in '/workspaces/tello-ros2/workspace/build/tello_msg' returned '0': CMAKE_PREFIX_PATH=/opt/ros/humble /usr/bin/cmake --build /workspaces/tello-ros2/workspace/build/tello_msg -- -j16 -l16
[3.454s] DEBUG:colcon.colcon_core.event_handler.log_command:Invoking command in '/workspaces/tello-ros2/workspace/build/tello_msg': CMAKE_PREFIX_PATH=/opt/ros/humble /usr/bin/cmake --install /workspaces/tello-ros2/workspace/build/tello_msg
[13.147s] Level 1:colcon.colcon_core.environment:create_environment_scripts_only(tello_msg)
[13.148s] Level 1:colcon.colcon_core.environment:checking '/workspaces/tello-ros2/workspace/install/tello_msg' for CMake module files
[13.150s] DEBUG:colcon.colcon_core.event_handler.log_command:Invoked command in '/workspaces/tello-ros2/workspace/build/tello_msg' returned '0': CMAKE_PREFIX_PATH=/opt/ros/humble /usr/bin/cmake --install /workspaces/tello-ros2/workspace/build/tello_msg
[13.596s] Level 1:colcon.colcon_core.environment:checking '/workspaces/tello-ros2/workspace/install/tello_msg' for CMake config files
[13.932s] Level 1:colcon.colcon_core.shell:create_environment_hook('tello_msg', 'cmake_prefix_path')
[13.933s] INFO:colcon.colcon_core.shell:Creating environment hook '/workspaces/tello-ros2/workspace/install/tello_msg/share/tello_msg/hook/cmake_prefix_path.ps1'
[13.968s] INFO:colcon.colcon_core.shell:Creating environment descriptor '/workspaces/tello-ros2/workspace/install/tello_msg/share/tello_msg/hook/cmake_prefix_path.dsv'
[13.996s] INFO:colcon.colcon_core.shell:Creating environment hook '/workspaces/tello-ros2/workspace/install/tello_msg/share/tello_msg/hook/cmake_prefix_path.sh'
[14.029s] Level 1:colcon.colcon_core.environment:checking '/workspaces/tello-ros2/workspace/install/tello_msg/lib'
[14.036s] Level 1:colcon.colcon_core.shell:create_environment_hook('tello_msg', 'ld_library_path_lib')
[14.037s] INFO:colcon.colcon_core.shell:Creating environment hook '/workspaces/tello-ros2/workspace/install/tello_msg/share/tello_msg/hook/ld_library_path_lib.ps1'
[14.061s] INFO:colcon.colcon_core.shell:Creating environment descriptor '/workspaces/tello-ros2/workspace/install/tello_msg/share/tello_msg/hook/ld_library_path_lib.dsv'
[14.087s] INFO:colcon.colcon_core.shell:Creating environment hook '/workspaces/tello-ros2/workspace/install/tello_msg/share/tello_msg/hook/ld_library_path_lib.sh'
[14.116s] Level 1:colcon.colcon_core.environment:checking '/workspaces/tello-ros2/workspace/install/tello_msg/bin'
[14.118s] Level 1:colcon.colcon_core.environment:checking '/workspaces/tello-ros2/workspace/install/tello_msg/lib/pkgconfig/tello_msg.pc'
[14.122s] Level 1:colcon.colcon_core.environment:checking '/workspaces/tello-ros2/workspace/install/tello_msg/lib/python3.10/site-packages'
[14.125s] Level 1:colcon.colcon_core.environment:checking '/workspaces/tello-ros2/workspace/install/tello_msg/bin'
[14.128s] INFO:colcon.colcon_core.shell:Creating package script '/workspaces/tello-ros2/workspace/install/tello_msg/share/tello_msg/package.ps1'
[14.153s] INFO:colcon.colcon_core.shell:Creating package descriptor '/workspaces/tello-ros2/workspace/install/tello_msg/share/tello_msg/package.dsv'
[14.173s] INFO:colcon.colcon_core.shell:Creating package script '/workspaces/tello-ros2/workspace/install/tello_msg/share/tello_msg/package.sh'
[14.199s] INFO:colcon.colcon_core.shell:Creating package script '/workspaces/tello-ros2/workspace/install/tello_msg/share/tello_msg/package.bash'
[14.218s] INFO:colcon.colcon_core.shell:Creating package script '/workspaces/tello-ros2/workspace/install/tello_msg/share/tello_msg/package.zsh'
[14.236s] Level 1:colcon.colcon_core.environment:create_file_with_runtime_dependencies(/workspaces/tello-ros2/workspace/install/tello_msg/share/colcon-core/packages/tello_msg)
[14.278s] Level 1:colcon.colcon_core.environment:create_environment_scripts_only(tello_msg)
[14.279s] Level 1:colcon.colcon_core.environment:checking '/workspaces/tello-ros2/workspace/install/tello_msg' for CMake module files
[14.675s] Level 1:colcon.colcon_core.environment:checking '/workspaces/tello-ros2/workspace/install/tello_msg' for CMake config files
[14.968s] Level 1:colcon.colcon_core.shell:create_environment_hook('tello_msg', 'cmake_prefix_path')
[14.969s] INFO:colcon.colcon_core.shell:Creating environment hook '/workspaces/tello-ros2/workspace/install/tello_msg/share/tello_msg/hook/cmake_prefix_path.ps1'
[14.993s] INFO:colcon.colcon_core.shell:Creating environment descriptor '/workspaces/tello-ros2/workspace/install/tello_msg/share/tello_msg/hook/cmake_prefix_path.dsv'
[15.022s] INFO:colcon.colcon_core.shell:Creating environment hook '/workspaces/tello-ros2/workspace/install/tello_msg/share/tello_msg/hook/cmake_prefix_path.sh'
[15.056s] Level 1:colcon.colcon_core.environment:checking '/workspaces/tello-ros2/workspace/install/tello_msg/lib'
[15.065s] Level 1:colcon.colcon_core.shell:create_environment_hook('tello_msg', 'ld_library_path_lib')
[15.066s] INFO:colcon.colcon_core.shell:Creating environment hook '/workspaces/tello-ros2/workspace/install/tello_msg/share/tello_msg/hook/ld_library_path_lib.ps1'
[15.091s] INFO:colcon.colcon_core.shell:Creating environment descriptor '/workspaces/tello-ros2/workspace/install/tello_msg/share/tello_msg/hook/ld_library_path_lib.dsv'
[15.117s] INFO:colcon.colcon_core.shell:Creating environment hook '/workspaces/tello-ros2/workspace/install/tello_msg/share/tello_msg/hook/ld_library_path_lib.sh'
[15.146s] Level 1:colcon.colcon_core.environment:checking '/workspaces/tello-ros2/workspace/install/tello_msg/bin'
[15.149s] Level 1:colcon.colcon_core.environment:checking '/workspaces/tello-ros2/workspace/install/tello_msg/lib/pkgconfig/tello_msg.pc'
[15.154s] Level 1:colcon.colcon_core.environment:checking '/workspaces/tello-ros2/workspace/install/tello_msg/lib/python3.10/site-packages'
[15.158s] Level 1:colcon.colcon_core.environment:checking '/workspaces/tello-ros2/workspace/install/tello_msg/bin'
[15.161s] INFO:colcon.colcon_core.shell:Creating package script '/workspaces/tello-ros2/workspace/install/tello_msg/share/tello_msg/package.ps1'
[15.183s] INFO:colcon.colcon_core.shell:Creating package descriptor '/workspaces/tello-ros2/workspace/install/tello_msg/share/tello_msg/package.dsv'
[15.207s] INFO:colcon.colcon_core.shell:Creating package script '/workspaces/tello-ros2/workspace/install/tello_msg/share/tello_msg/package.sh'
[15.228s] INFO:colcon.colcon_core.shell:Creating package script '/workspaces/tello-ros2/workspace/install/tello_msg/share/tello_msg/package.bash'
[15.258s] INFO:colcon.colcon_core.shell:Creating package script '/workspaces/tello-ros2/workspace/install/tello_msg/share/tello_msg/package.zsh'
[15.278s] Level 1:colcon.colcon_core.environment:create_file_with_runtime_dependencies(/workspaces/tello-ros2/workspace/install/tello_msg/share/colcon-core/packages/tello_msg)
[15.295s] INFO:colcon.colcon_ros.task.ament_python.build:Building ROS package in '/workspaces/tello-ros2/workspace/src/tello' with build type 'ament_python'
[15.295s] Level 1:colcon.colcon_core.shell:create_environment_hook('tello', 'ament_prefix_path')
[15.296s] INFO:colcon.colcon_core.shell:Creating environment hook '/workspaces/tello-ros2/workspace/install/tello/share/tello/hook/ament_prefix_path.ps1'
[15.338s] INFO:colcon.colcon_core.shell:Creating environment descriptor '/workspaces/tello-ros2/workspace/install/tello/share/tello/hook/ament_prefix_path.dsv'
[15.365s] INFO:colcon.colcon_core.shell:Creating environment hook '/workspaces/tello-ros2/workspace/install/tello/share/tello/hook/ament_prefix_path.sh'
[15.391s] INFO:colcon.colcon_core.shell:Skip shell extension 'powershell' for command environment: Not usable outside of PowerShell
[15.391s] DEBUG:colcon.colcon_core.shell:Skip shell extension 'dsv' for command environment
[16.656s] INFO:colcon.colcon_core.task.python.build:Building Python package in '/workspaces/tello-ros2/workspace/src/tello'
[16.656s] INFO:colcon.colcon_core.shell:Skip shell extension 'powershell' for command environment: Not usable outside of PowerShell
[16.657s] DEBUG:colcon.colcon_core.shell:Skip shell extension 'dsv' for command environment
[19.478s] DEBUG:colcon.colcon_core.event_handler.log_command:Invoking command in '/workspaces/tello-ros2/workspace/src/tello': AMENT_PREFIX_PATH=/workspaces/tello-ros2/workspace/install/tello_msg:${AMENT_PREFIX_PATH} CMAKE_PREFIX_PATH=/workspaces/tello-ros2/workspace/install/tello_msg LD_LIBRARY_PATH=/workspaces/tello-ros2/workspace/install/tello_msg/lib:${LD_LIBRARY_PATH} PYTHONPATH=/workspaces/tello-ros2/workspace/build/tello/prefix_override:/usr/lib/python3/dist-packages/colcon_core/task/python/colcon_distutils_commands:/workspaces/tello-ros2/workspace/install/tello/lib/python3.10/site-packages:/workspaces/tello-ros2/workspace/install/tello_msg/local/lib/python3.10/dist-packages:${PYTHONPATH} /usr/bin/python3 -W ignore:setup.py install is deprecated -W ignore:easy_install command is deprecated setup.py egg_info --egg-base ../../build/tello build --build-base /workspaces/tello-ros2/workspace/build/tello/build install --record /workspaces/tello-ros2/workspace/build/tello/install.log --install-scripts $base/lib/tello --single-version-externally-managed install_data
[23.162s] Level 1:colcon.colcon_core.environment:checking '/workspaces/tello-ros2/workspace/install/tello' for CMake module files
[23.164s] DEBUG:colcon.colcon_core.event_handler.log_command:Invoked command in '/workspaces/tello-ros2/workspace/src/tello' returned '0': AMENT_PREFIX_PATH=/workspaces/tello-ros2/workspace/install/tello_msg:${AMENT_PREFIX_PATH} CMAKE_PREFIX_PATH=/workspaces/tello-ros2/workspace/install/tello_msg LD_LIBRARY_PATH=/workspaces/tello-ros2/workspace/install/tello_msg/lib:${LD_LIBRARY_PATH} PYTHONPATH=/workspaces/tello-ros2/workspace/build/tello/prefix_override:/usr/lib/python3/dist-packages/colcon_core/task/python/colcon_distutils_commands:/workspaces/tello-ros2/workspace/install/tello/lib/python3.10/site-packages:/workspaces/tello-ros2/workspace/install/tello_msg/local/lib/python3.10/dist-packages:${PYTHONPATH} /usr/bin/python3 -W ignore:setup.py install is deprecated -W ignore:easy_install command is deprecated setup.py egg_info --egg-base ../../build/tello build --build-base /workspaces/tello-ros2/workspace/build/tello/build install --record /workspaces/tello-ros2/workspace/build/tello/install.log --install-scripts $base/lib/tello --single-version-externally-managed install_data
[23.275s] Level 1:colcon.colcon_core.environment:checking '/workspaces/tello-ros2/workspace/install/tello' for CMake config files
[23.470s] Level 1:colcon.colcon_core.environment:checking '/workspaces/tello-ros2/workspace/install/tello/lib'
[23.480s] Level 1:colcon.colcon_core.environment:checking '/workspaces/tello-ros2/workspace/install/tello/bin'
[23.484s] Level 1:colcon.colcon_core.environment:checking '/workspaces/tello-ros2/workspace/install/tello/lib/pkgconfig/tello.pc'
[23.490s] Level 1:colcon.colcon_core.environment:checking '/workspaces/tello-ros2/workspace/install/tello/lib/python3.10/site-packages'
[23.496s] Level 1:colcon.colcon_core.shell:create_environment_hook('tello', 'pythonpath')
[23.497s] INFO:colcon.colcon_core.shell:Creating environment hook '/workspaces/tello-ros2/workspace/install/tello/share/tello/hook/pythonpath.ps1'
[23.538s] INFO:colcon.colcon_core.shell:Creating environment descriptor '/workspaces/tello-ros2/workspace/install/tello/share/tello/hook/pythonpath.dsv'
[23.567s] INFO:colcon.colcon_core.shell:Creating environment hook '/workspaces/tello-ros2/workspace/install/tello/share/tello/hook/pythonpath.sh'
[23.595s] Level 1:colcon.colcon_core.environment:checking '/workspaces/tello-ros2/workspace/install/tello/bin'
[23.598s] Level 1:colcon.colcon_core.environment:create_environment_scripts_only(tello)
[23.599s] INFO:colcon.colcon_core.shell:Creating package script '/workspaces/tello-ros2/workspace/install/tello/share/tello/package.ps1'
[23.622s] INFO:colcon.colcon_core.shell:Creating package descriptor '/workspaces/tello-ros2/workspace/install/tello/share/tello/package.dsv'
[23.647s] INFO:colcon.colcon_core.shell:Creating package script '/workspaces/tello-ros2/workspace/install/tello/share/tello/package.sh'
[23.669s] INFO:colcon.colcon_core.shell:Creating package script '/workspaces/tello-ros2/workspace/install/tello/share/tello/package.bash'
[23.694s] INFO:colcon.colcon_core.shell:Creating package script '/workspaces/tello-ros2/workspace/install/tello/share/tello/package.zsh'
[23.717s] Level 1:colcon.colcon_core.environment:create_file_with_runtime_dependencies(/workspaces/tello-ros2/workspace/install/tello/share/colcon-core/packages/tello)
[23.741s] DEBUG:colcon.colcon_parallel_executor.executor.parallel:closing loop
[23.741s] DEBUG:colcon.colcon_parallel_executor.executor.parallel:loop closed
[23.742s] DEBUG:colcon.colcon_parallel_executor.executor.parallel:run_until_complete finished with '0'
[23.742s] DEBUG:colcon.colcon_core.event_reactor:joining thread
[23.787s] INFO:colcon.colcon_core.plugin_system:Skipping extension 'colcon_notification.desktop_notification.notify_send': Could not find 'notify-send'
[23.788s] INFO:colcon.colcon_core.plugin_system:Skipping extension 'colcon_notification.desktop_notification.terminal_notifier': Not used on non-Darwin systems
[23.788s] INFO:colcon.colcon_core.plugin_system:Skipping extension 'colcon_notification.desktop_notification.win32': Not used on non-Windows systems
[23.789s] INFO:colcon.colcon_notification.desktop_notification:Sending desktop notification using 'notify2'
[23.791s] DEBUG:colcon.colcon_notification.desktop_notification.notify2:Failed to initialize notify2: org.freedesktop.DBus.Error.Spawn.ExecFailed: /usr/bin/dbus-launch terminated abnormally without any error message
[23.792s] DEBUG:colcon.colcon_core.event_reactor:joined thread
[23.792s] INFO:colcon.colcon_core.shell:Creating prefix script '/workspaces/tello-ros2/workspace/install/local_setup.ps1'
[23.804s] INFO:colcon.colcon_core.shell:Creating prefix util module '/workspaces/tello-ros2/workspace/install/_local_setup_util_ps1.py'
[23.814s] INFO:colcon.colcon_core.shell:Creating prefix chain script '/workspaces/tello-ros2/workspace/install/setup.ps1'
[23.825s] INFO:colcon.colcon_core.shell:Creating prefix script '/workspaces/tello-ros2/workspace/install/local_setup.sh'
[23.839s] INFO:colcon.colcon_core.shell:Creating prefix util module '/workspaces/tello-ros2/workspace/install/_local_setup_util_sh.py'
[23.852s] INFO:colcon.colcon_core.shell:Creating prefix chain script '/workspaces/tello-ros2/workspace/install/setup.sh'
[23.861s] INFO:colcon.colcon_core.shell:Creating prefix script '/workspaces/tello-ros2/workspace/install/local_setup.bash'
[23.874s] INFO:colcon.colcon_core.shell:Creating prefix chain script '/workspaces/tello-ros2/workspace/install/setup.bash'
[23.885s] INFO:colcon.colcon_core.shell:Creating prefix script '/workspaces/tello-ros2/workspace/install/local_setup.zsh'
[23.898s] INFO:colcon.colcon_core.shell:Creating prefix chain script '/workspaces/tello-ros2/workspace/install/setup.zsh'
