[0.791s] DEBUG:colcon:Command line arguments: ['/usr/bin/colcon', 'build']
[0.792s] DEBUG:colcon:Parsed command line arguments: Namespace(log_base=None, log_level=None, verb_name='build', build_base='build', install_base='install', merge_install=False, symlink_install=False, test_result_base=None, continue_on_error=False, executor='parallel', parallel_workers=16, event_handlers=None, ignore_user_meta=False, metas=['./colcon.meta'], base_paths=['.'], packages_ignore=None, packages_ignore_regex=None, paths=None, packages_up_to=None, packages_up_to_regex=None, packages_above=None, packages_above_and_dependencies=None, packages_above_depth=None, packages_select_by_dep=None, packages_skip_by_dep=None, packages_skip_up_to=None, packages_select_build_failed=False, packages_skip_build_finished=False, packages_select_test_failures=False, packages_skip_test_passed=False, packages_select=None, packages_skip=None, packages_select_regex=None, packages_skip_regex=None, packages_start=None, packages_end=None, allow_overriding=[], cmake_args=None, cmake_target=None, cmake_target_skip_unavailable=False, cmake_clean_cache=False, cmake_clean_first=False, cmake_force_configure=False, ament_cmake_args=None, catkin_cmake_args=None, catkin_skip_building_tests=False, verb_parser=<colcon_defaults.argument_parser.defaults.DefaultArgumentsDecorator object at 0x7f42269c7e50>, verb_extension=<colcon_core.verb.build.BuildVerb object at 0x7f4226b714b0>, main=<bound method BuildVerb.main of <colcon_core.verb.build.BuildVerb object at 0x7f4226b714b0>>)
[1.363s] Level 1:colcon.colcon_core.package_discovery:discover_packages(colcon_meta) check parameters
[1.364s] Level 1:colcon.colcon_core.package_discovery:discover_packages(recursive) check parameters
[1.365s] Level 1:colcon.colcon_core.package_discovery:discover_packages(ignore) check parameters
[1.365s] Level 1:colcon.colcon_core.package_discovery:discover_packages(path) check parameters
[1.366s] Level 1:colcon.colcon_core.package_discovery:discover_packages(colcon_meta) discover
[1.366s] Level 1:colcon.colcon_core.package_discovery:discover_packages(recursive) discover
[1.367s] INFO:colcon.colcon_core.package_discovery:Crawling recursively for packages in '/workspaces/tello-ros2/workspace'
[1.370s] Level 1:colcon.colcon_core.package_identification:_identify(.) by extensions ['ignore', 'ignore_ament_install']
[1.370s] Level 1:colcon.colcon_core.package_identification:_identify(.) by extension 'ignore'
[1.371s] Level 1:colcon.colcon_core.package_identification:_identify(.) by extension 'ignore_ament_install'
[1.373s] Level 1:colcon.colcon_core.package_identification:_identify(.) by extensions ['colcon_pkg']
[1.373s] Level 1:colcon.colcon_core.package_identification:_identify(.) by extension 'colcon_pkg'
[1.374s] Level 1:colcon.colcon_core.package_identification:_identify(.) by extensions ['colcon_meta']
[1.375s] Level 1:colcon.colcon_core.package_identification:_identify(.) by extension 'colcon_meta'
[1.375s] Level 1:colcon.colcon_core.package_identification:_identify(.) by extensions ['ros']
[1.375s] Level 1:colcon.colcon_core.package_identification:_identify(.) by extension 'ros'
[1.398s] Level 1:colcon.colcon_core.package_identification:_identify(.) by extensions ['cmake', 'python']
[1.401s] Level 1:colcon.colcon_core.package_identification:_identify(.) by extension 'cmake'
[1.402s] Level 1:colcon.colcon_core.package_identification:_identify(.) by extension 'python'
[1.403s] Level 1:colcon.colcon_core.package_identification:_identify(.) by extensions ['python_setup_py']
[1.403s] Level 1:colcon.colcon_core.package_identification:_identify(.) by extension 'python_setup_py'
[1.408s] Level 1:colcon.colcon_core.package_identification:_identify(build) by extensions ['ignore', 'ignore_ament_install']
[1.409s] Level 1:colcon.colcon_core.package_identification:_identify(build) by extension 'ignore'
[1.411s] Level 1:colcon.colcon_core.package_identification:_identify(build) ignored
[1.417s] Level 1:colcon.colcon_core.package_identification:_identify(install) by extensions ['ignore', 'ignore_ament_install']
[1.417s] Level 1:colcon.colcon_core.package_identification:_identify(install) by extension 'ignore'
[1.420s] Level 1:colcon.colcon_core.package_identification:_identify(install) ignored
[1.431s] Level 1:colcon.colcon_core.package_identification:_identify(log) by extensions ['ignore', 'ignore_ament_install']
[1.431s] Level 1:colcon.colcon_core.package_identification:_identify(log) by extension 'ignore'
[1.432s] Level 1:colcon.colcon_core.package_identification:_identify(log) ignored
[1.440s] Level 1:colcon.colcon_core.package_identification:_identify(src) by extensions ['ignore', 'ignore_ament_install']
[1.440s] Level 1:colcon.colcon_core.package_identification:_identify(src) by extension 'ignore'
[1.443s] Level 1:colcon.colcon_core.package_identification:_identify(src) by extension 'ignore_ament_install'
[1.446s] Level 1:colcon.colcon_core.package_identification:_identify(src) by extensions ['colcon_pkg']
[1.447s] Level 1:colcon.colcon_core.package_identification:_identify(src) by extension 'colcon_pkg'
[1.449s] Level 1:colcon.colcon_core.package_identification:_identify(src) by extensions ['colcon_meta']
[1.449s] Level 1:colcon.colcon_core.package_identification:_identify(src) by extension 'colcon_meta'
[1.451s] Level 1:colcon.colcon_core.package_identification:_identify(src) by extensions ['ros']
[1.452s] Level 1:colcon.colcon_core.package_identification:_identify(src) by extension 'ros'
[1.458s] Level 1:colcon.colcon_core.package_identification:_identify(src) by extensions ['cmake', 'python']
[1.459s] Level 1:colcon.colcon_core.package_identification:_identify(src) by extension 'cmake'
[1.461s] Level 1:colcon.colcon_core.package_identification:_identify(src) by extension 'python'
[1.462s] Level 1:colcon.colcon_core.package_identification:_identify(src) by extensions ['python_setup_py']
[1.463s] Level 1:colcon.colcon_core.package_identification:_identify(src) by extension 'python_setup_py'
[1.472s] Level 1:colcon.colcon_core.package_identification:_identify(src/tello) by extensions ['ignore', 'ignore_ament_install']
[1.473s] Level 1:colcon.colcon_core.package_identification:_identify(src/tello) by extension 'ignore'
[1.475s] Level 1:colcon.colcon_core.package_identification:_identify(src/tello) by extension 'ignore_ament_install'
[1.479s] Level 1:colcon.colcon_core.package_identification:_identify(src/tello) by extensions ['colcon_pkg']
[1.480s] Level 1:colcon.colcon_core.package_identification:_identify(src/tello) by extension 'colcon_pkg'
[1.483s] Level 1:colcon.colcon_core.package_identification:_identify(src/tello) by extensions ['colcon_meta']
[1.484s] Level 1:colcon.colcon_core.package_identification:_identify(src/tello) by extension 'colcon_meta'
[1.487s] Level 1:colcon.colcon_core.package_identification:_identify(src/tello) by extensions ['ros']
[1.488s] Level 1:colcon.colcon_core.package_identification:_identify(src/tello) by extension 'ros'
[1.513s] DEBUG:colcon.colcon_core.package_identification:Package 'src/tello' with type 'ros.ament_python' and name 'tello'
[1.520s] Level 1:colcon.colcon_core.package_identification:_identify(src/tello_control) by extensions ['ignore', 'ignore_ament_install']
[1.521s] Level 1:colcon.colcon_core.package_identification:_identify(src/tello_control) by extension 'ignore'
[1.524s] Level 1:colcon.colcon_core.package_identification:_identify(src/tello_control) by extension 'ignore_ament_install'
[1.528s] Level 1:colcon.colcon_core.package_identification:_identify(src/tello_control) by extensions ['colcon_pkg']
[1.529s] Level 1:colcon.colcon_core.package_identification:_identify(src/tello_control) by extension 'colcon_pkg'
[1.531s] Level 1:colcon.colcon_core.package_identification:_identify(src/tello_control) by extensions ['colcon_meta']
[1.531s] Level 1:colcon.colcon_core.package_identification:_identify(src/tello_control) by extension 'colcon_meta'
[1.535s] Level 1:colcon.colcon_core.package_identification:_identify(src/tello_control) by extensions ['ros']
[1.535s] Level 1:colcon.colcon_core.package_identification:_identify(src/tello_control) by extension 'ros'
[1.557s] DEBUG:colcon.colcon_core.package_identification:Package 'src/tello_control' with type 'ros.ament_cmake' and name 'tello_control'
[1.565s] Level 1:colcon.colcon_core.package_identification:_identify(src/tello_msg) by extensions ['ignore', 'ignore_ament_install']
[1.566s] Level 1:colcon.colcon_core.package_identification:_identify(src/tello_msg) by extension 'ignore'
[1.568s] Level 1:colcon.colcon_core.package_identification:_identify(src/tello_msg) by extension 'ignore_ament_install'
[1.572s] Level 1:colcon.colcon_core.package_identification:_identify(src/tello_msg) by extensions ['colcon_pkg']
[1.572s] Level 1:colcon.colcon_core.package_identification:_identify(src/tello_msg) by extension 'colcon_pkg'
[1.575s] Level 1:colcon.colcon_core.package_identification:_identify(src/tello_msg) by extensions ['colcon_meta']
[1.575s] Level 1:colcon.colcon_core.package_identification:_identify(src/tello_msg) by extension 'colcon_meta'
[1.578s] Level 1:colcon.colcon_core.package_identification:_identify(src/tello_msg) by extensions ['ros']
[1.579s] Level 1:colcon.colcon_core.package_identification:_identify(src/tello_msg) by extension 'ros'
[1.599s] DEBUG:colcon.colcon_core.package_identification:Package 'src/tello_msg' with type 'ros.ament_cmake' and name 'tello_msg'
[1.599s] Level 1:colcon.colcon_core.package_discovery:discover_packages(recursive) using defaults
[1.600s] Level 1:colcon.colcon_core.package_discovery:discover_packages(ignore) discover
[1.600s] Level 1:colcon.colcon_core.package_discovery:discover_packages(ignore) using defaults
[1.601s] Level 1:colcon.colcon_core.package_discovery:discover_packages(path) discover
[1.601s] Level 1:colcon.colcon_core.package_discovery:discover_packages(path) using defaults
[1.806s] Level 1:colcon.colcon_core.package_discovery:discover_packages(prefix_path) check parameters
[1.807s] Level 1:colcon.colcon_core.package_discovery:discover_packages(prefix_path) discover
[1.928s] DEBUG:colcon.colcon_installed_package_information.package_discovery:Found 3 installed packages in /workspaces/tello-ros2/workspace/install
[1.929s] DEBUG:colcon.colcon_installed_package_information.package_discovery:Found 284 installed packages in /opt/ros/humble
[1.932s] Level 1:colcon.colcon_core.package_discovery:discover_packages(prefix_path) using defaults
[2.049s] Level 5:colcon.colcon_core.verb:set package 'tello_control' build argument 'cmake_args' from command line to 'None'
[2.049s] Level 5:colcon.colcon_core.verb:set package 'tello_control' build argument 'cmake_target' from command line to 'None'
[2.050s] Level 5:colcon.colcon_core.verb:set package 'tello_control' build argument 'cmake_target_skip_unavailable' from command line to 'False'
[2.050s] Level 5:colcon.colcon_core.verb:set package 'tello_control' build argument 'cmake_clean_cache' from command line to 'False'
[2.051s] Level 5:colcon.colcon_core.verb:set package 'tello_control' build argument 'cmake_clean_first' from command line to 'False'
[2.051s] Level 5:colcon.colcon_core.verb:set package 'tello_control' build argument 'cmake_force_configure' from command line to 'False'
[2.052s] Level 5:colcon.colcon_core.verb:set package 'tello_control' build argument 'ament_cmake_args' from command line to 'None'
[2.053s] Level 5:colcon.colcon_core.verb:set package 'tello_control' build argument 'catkin_cmake_args' from command line to 'None'
[2.053s] Level 5:colcon.colcon_core.verb:set package 'tello_control' build argument 'catkin_skip_building_tests' from command line to 'False'
[2.054s] DEBUG:colcon.colcon_core.verb:Building package 'tello_control' with the following arguments: {'ament_cmake_args': None, 'build_base': '/workspaces/tello-ros2/workspace/build/tello_control', 'catkin_cmake_args': None, 'catkin_skip_building_tests': False, 'cmake_args': None, 'cmake_clean_cache': False, 'cmake_clean_first': False, 'cmake_force_configure': False, 'cmake_target': None, 'cmake_target_skip_unavailable': False, 'install_base': '/workspaces/tello-ros2/workspace/install/tello_control', 'merge_install': False, 'path': '/workspaces/tello-ros2/workspace/src/tello_control', 'symlink_install': False, 'test_result_base': None}
[2.055s] Level 5:colcon.colcon_core.verb:set package 'tello_msg' build argument 'cmake_args' from command line to 'None'
[2.056s] Level 5:colcon.colcon_core.verb:set package 'tello_msg' build argument 'cmake_target' from command line to 'None'
[2.056s] Level 5:colcon.colcon_core.verb:set package 'tello_msg' build argument 'cmake_target_skip_unavailable' from command line to 'False'
[2.057s] Level 5:colcon.colcon_core.verb:set package 'tello_msg' build argument 'cmake_clean_cache' from command line to 'False'
[2.057s] Level 5:colcon.colcon_core.verb:set package 'tello_msg' build argument 'cmake_clean_first' from command line to 'False'
[2.058s] Level 5:colcon.colcon_core.verb:set package 'tello_msg' build argument 'cmake_force_configure' from command line to 'False'
[2.059s] Level 5:colcon.colcon_core.verb:set package 'tello_msg' build argument 'ament_cmake_args' from command line to 'None'
[2.059s] Level 5:colcon.colcon_core.verb:set package 'tello_msg' build argument 'catkin_cmake_args' from command line to 'None'
[2.060s] Level 5:colcon.colcon_core.verb:set package 'tello_msg' build argument 'catkin_skip_building_tests' from command line to 'False'
[2.060s] DEBUG:colcon.colcon_core.verb:Building package 'tello_msg' with the following arguments: {'ament_cmake_args': None, 'build_base': '/workspaces/tello-ros2/workspace/build/tello_msg', 'catkin_cmake_args': None, 'catkin_skip_building_tests': False, 'cmake_args': None, 'cmake_clean_cache': False, 'cmake_clean_first': False, 'cmake_force_configure': False, 'cmake_target': None, 'cmake_target_skip_unavailable': False, 'install_base': '/workspaces/tello-ros2/workspace/install/tello_msg', 'merge_install': False, 'path': '/workspaces/tello-ros2/workspace/src/tello_msg', 'symlink_install': False, 'test_result_base': None}
[2.062s] Level 5:colcon.colcon_core.verb:set package 'tello' build argument 'cmake_args' from command line to 'None'
[2.062s] Level 5:colcon.colcon_core.verb:set package 'tello' build argument 'cmake_target' from command line to 'None'
[2.063s] Level 5:colcon.colcon_core.verb:set package 'tello' build argument 'cmake_target_skip_unavailable' from command line to 'False'
[2.063s] Level 5:colcon.colcon_core.verb:set package 'tello' build argument 'cmake_clean_cache' from command line to 'False'
[2.064s] Level 5:colcon.colcon_core.verb:set package 'tello' build argument 'cmake_clean_first' from command line to 'False'
[2.064s] Level 5:colcon.colcon_core.verb:set package 'tello' build argument 'cmake_force_configure' from command line to 'False'
[2.065s] Level 5:colcon.colcon_core.verb:set package 'tello' build argument 'ament_cmake_args' from command line to 'None'
[2.066s] Level 5:colcon.colcon_core.verb:set package 'tello' build argument 'catkin_cmake_args' from command line to 'None'
[2.066s] Level 5:colcon.colcon_core.verb:set package 'tello' build argument 'catkin_skip_building_tests' from command line to 'False'
[2.067s] DEBUG:colcon.colcon_core.verb:Building package 'tello' with the following arguments: {'ament_cmake_args': None, 'build_base': '/workspaces/tello-ros2/workspace/build/tello', 'catkin_cmake_args': None, 'catkin_skip_building_tests': False, 'cmake_args': None, 'cmake_clean_cache': False, 'cmake_clean_first': False, 'cmake_force_configure': False, 'cmake_target': None, 'cmake_target_skip_unavailable': False, 'install_base': '/workspaces/tello-ros2/workspace/install/tello', 'merge_install': False, 'path': '/workspaces/tello-ros2/workspace/src/tello', 'symlink_install': False, 'test_result_base': None}
[2.068s] INFO:colcon.colcon_core.executor:Executing jobs using 'parallel' executor
[2.070s] DEBUG:colcon.colcon_parallel_executor.executor.parallel:run_until_complete
[2.071s] INFO:colcon.colcon_ros.task.ament_cmake.build:Building ROS package in '/workspaces/tello-ros2/workspace/src/tello_msg' with build type 'ament_cmake'
[2.072s] INFO:colcon.colcon_cmake.task.cmake.build:Building CMake package in '/workspaces/tello-ros2/workspace/src/tello_msg'
[2.105s] INFO:colcon.colcon_core.plugin_system:Skipping extension 'colcon_core.shell.bat': Not used on non-Windows systems
[2.106s] INFO:colcon.colcon_core.shell:Skip shell extension 'powershell' for command environment: Not usable outside of PowerShell
[2.107s] DEBUG:colcon.colcon_core.shell:Skip shell extension 'dsv' for command environment
[2.252s] INFO:colcon.colcon_ros.task.ament_cmake.build:Building ROS package in '/workspaces/tello-ros2/workspace/src/tello_control' with build type 'ament_cmake'
[2.253s] INFO:colcon.colcon_cmake.task.cmake.build:Building CMake package in '/workspaces/tello-ros2/workspace/src/tello_control'
[2.254s] INFO:colcon.colcon_core.shell:Skip shell extension 'powershell' for command environment: Not usable outside of PowerShell
[2.255s] DEBUG:colcon.colcon_core.shell:Skip shell extension 'dsv' for command environment
[2.437s] DEBUG:colcon.colcon_core.event_handler.log_command:Invoking command in '/workspaces/tello-ros2/workspace/build/tello_msg': CMAKE_PREFIX_PATH=${CMAKE_PREFIX_PATH}:/workspaces/tello-ros2/workspace/install/tello:/opt/ros/humble /usr/bin/cmake --build /workspaces/tello-ros2/workspace/build/tello_msg -- -j16 -l16
[2.533s] DEBUG:colcon.colcon_core.event_handler.log_command:Invoking command in '/workspaces/tello-ros2/workspace/build/tello_control': CMAKE_PREFIX_PATH=${CMAKE_PREFIX_PATH}:/workspaces/tello-ros2/workspace/install/tello:/opt/ros/humble /usr/bin/cmake --build /workspaces/tello-ros2/workspace/build/tello_control -- -j16 -l16
[3.498s] DEBUG:colcon.colcon_core.event_handler.log_command:Invoked command in '/workspaces/tello-ros2/workspace/build/tello_control' returned '0': CMAKE_PREFIX_PATH=${CMAKE_PREFIX_PATH}:/workspaces/tello-ros2/workspace/install/tello:/opt/ros/humble /usr/bin/cmake --build /workspaces/tello-ros2/workspace/build/tello_control -- -j16 -l16
[3.607s] DEBUG:colcon.colcon_core.event_handler.log_command:Invoking command in '/workspaces/tello-ros2/workspace/build/tello_control': CMAKE_PREFIX_PATH=${CMAKE_PREFIX_PATH}:/workspaces/tello-ros2/workspace/install/tello:/opt/ros/humble /usr/bin/cmake --install /workspaces/tello-ros2/workspace/build/tello_control
[4.673s] Level 1:colcon.colcon_core.environment:create_environment_scripts_only(tello_control)
[4.675s] DEBUG:colcon.colcon_core.event_handler.log_command:Invoked command in '/workspaces/tello-ros2/workspace/build/tello_control' returned '0': CMAKE_PREFIX_PATH=${CMAKE_PREFIX_PATH}:/workspaces/tello-ros2/workspace/install/tello:/opt/ros/humble /usr/bin/cmake --install /workspaces/tello-ros2/workspace/build/tello_control
[4.690s] Level 1:colcon.colcon_core.environment:checking '/workspaces/tello-ros2/workspace/install/tello_control' for CMake module files
[4.826s] Level 1:colcon.colcon_core.environment:checking '/workspaces/tello-ros2/workspace/install/tello_control' for CMake config files
[4.958s] Level 1:colcon.colcon_core.shell:create_environment_hook('tello_control', 'cmake_prefix_path')
[4.959s] INFO:colcon.colcon_core.shell:Creating environment hook '/workspaces/tello-ros2/workspace/install/tello_control/share/tello_control/hook/cmake_prefix_path.ps1'
[4.985s] INFO:colcon.colcon_core.shell:Creating environment descriptor '/workspaces/tello-ros2/workspace/install/tello_control/share/tello_control/hook/cmake_prefix_path.dsv'
[5.014s] INFO:colcon.colcon_core.shell:Creating environment hook '/workspaces/tello-ros2/workspace/install/tello_control/share/tello_control/hook/cmake_prefix_path.sh'
[5.047s] Level 1:colcon.colcon_core.environment:checking '/workspaces/tello-ros2/workspace/install/tello_control/lib'
[5.056s] Level 1:colcon.colcon_core.environment:checking '/workspaces/tello-ros2/workspace/install/tello_control/bin'
[5.058s] Level 1:colcon.colcon_core.environment:checking '/workspaces/tello-ros2/workspace/install/tello_control/lib/pkgconfig/tello_control.pc'
[5.060s] Level 1:colcon.colcon_core.environment:checking '/workspaces/tello-ros2/workspace/install/tello_control/lib/python3.10/site-packages'
[5.064s] Level 1:colcon.colcon_core.environment:checking '/workspaces/tello-ros2/workspace/install/tello_control/bin'
[5.067s] INFO:colcon.colcon_core.shell:Creating package script '/workspaces/tello-ros2/workspace/install/tello_control/share/tello_control/package.ps1'
[5.091s] INFO:colcon.colcon_core.shell:Creating package descriptor '/workspaces/tello-ros2/workspace/install/tello_control/share/tello_control/package.dsv'
[5.115s] INFO:colcon.colcon_core.shell:Creating package script '/workspaces/tello-ros2/workspace/install/tello_control/share/tello_control/package.sh'
[5.137s] INFO:colcon.colcon_core.shell:Creating package script '/workspaces/tello-ros2/workspace/install/tello_control/share/tello_control/package.bash'
[5.163s] INFO:colcon.colcon_core.shell:Creating package script '/workspaces/tello-ros2/workspace/install/tello_control/share/tello_control/package.zsh'
[5.186s] Level 1:colcon.colcon_core.environment:create_file_with_runtime_dependencies(/workspaces/tello-ros2/workspace/install/tello_control/share/colcon-core/packages/tello_control)
[5.241s] Level 1:colcon.colcon_core.environment:create_environment_scripts_only(tello_control)
[5.242s] Level 1:colcon.colcon_core.environment:checking '/workspaces/tello-ros2/workspace/install/tello_control' for CMake module files
[5.396s] Level 1:colcon.colcon_core.environment:checking '/workspaces/tello-ros2/workspace/install/tello_control' for CMake config files
[5.531s] Level 1:colcon.colcon_core.shell:create_environment_hook('tello_control', 'cmake_prefix_path')
[5.532s] INFO:colcon.colcon_core.shell:Creating environment hook '/workspaces/tello-ros2/workspace/install/tello_control/share/tello_control/hook/cmake_prefix_path.ps1'
[5.554s] INFO:colcon.colcon_core.shell:Creating environment descriptor '/workspaces/tello-ros2/workspace/install/tello_control/share/tello_control/hook/cmake_prefix_path.dsv'
[5.583s] INFO:colcon.colcon_core.shell:Creating environment hook '/workspaces/tello-ros2/workspace/install/tello_control/share/tello_control/hook/cmake_prefix_path.sh'
[5.620s] Level 1:colcon.colcon_core.environment:checking '/workspaces/tello-ros2/workspace/install/tello_control/lib'
[5.628s] Level 1:colcon.colcon_core.environment:checking '/workspaces/tello-ros2/workspace/install/tello_control/bin'
[5.630s] Level 1:colcon.colcon_core.environment:checking '/workspaces/tello-ros2/workspace/install/tello_control/lib/pkgconfig/tello_control.pc'
[5.633s] Level 1:colcon.colcon_core.environment:checking '/workspaces/tello-ros2/workspace/install/tello_control/lib/python3.10/site-packages'
[5.635s] Level 1:colcon.colcon_core.environment:checking '/workspaces/tello-ros2/workspace/install/tello_control/bin'
[5.638s] INFO:colcon.colcon_core.shell:Creating package script '/workspaces/tello-ros2/workspace/install/tello_control/share/tello_control/package.ps1'
[5.659s] INFO:colcon.colcon_core.shell:Creating package descriptor '/workspaces/tello-ros2/workspace/install/tello_control/share/tello_control/package.dsv'
[5.680s] INFO:colcon.colcon_core.shell:Creating package script '/workspaces/tello-ros2/workspace/install/tello_control/share/tello_control/package.sh'
[5.700s] INFO:colcon.colcon_core.shell:Creating package script '/workspaces/tello-ros2/workspace/install/tello_control/share/tello_control/package.bash'
[5.722s] INFO:colcon.colcon_core.shell:Creating package script '/workspaces/tello-ros2/workspace/install/tello_control/share/tello_control/package.zsh'
[5.743s] Level 1:colcon.colcon_core.environment:create_file_with_runtime_dependencies(/workspaces/tello-ros2/workspace/install/tello_control/share/colcon-core/packages/tello_control)
[7.294s] DEBUG:colcon.colcon_core.event_handler.log_command:Invoked command in '/workspaces/tello-ros2/workspace/build/tello_msg' returned '0': CMAKE_PREFIX_PATH=${CMAKE_PREFIX_PATH}:/workspaces/tello-ros2/workspace/install/tello:/opt/ros/humble /usr/bin/cmake --build /workspaces/tello-ros2/workspace/build/tello_msg -- -j16 -l16
[7.349s] DEBUG:colcon.colcon_core.event_handler.log_command:Invoking command in '/workspaces/tello-ros2/workspace/build/tello_msg': CMAKE_PREFIX_PATH=${CMAKE_PREFIX_PATH}:/workspaces/tello-ros2/workspace/install/tello:/opt/ros/humble /usr/bin/cmake --install /workspaces/tello-ros2/workspace/build/tello_msg
[18.080s] Level 1:colcon.colcon_core.environment:create_environment_scripts_only(tello_msg)
[18.081s] Level 1:colcon.colcon_core.environment:checking '/workspaces/tello-ros2/workspace/install/tello_msg' for CMake module files
[18.082s] DEBUG:colcon.colcon_core.event_handler.log_command:Invoked command in '/workspaces/tello-ros2/workspace/build/tello_msg' returned '0': CMAKE_PREFIX_PATH=${CMAKE_PREFIX_PATH}:/workspaces/tello-ros2/workspace/install/tello:/opt/ros/humble /usr/bin/cmake --install /workspaces/tello-ros2/workspace/build/tello_msg
[18.501s] Level 1:colcon.colcon_core.environment:checking '/workspaces/tello-ros2/workspace/install/tello_msg' for CMake config files
[18.823s] Level 1:colcon.colcon_core.shell:create_environment_hook('tello_msg', 'cmake_prefix_path')
[18.824s] INFO:colcon.colcon_core.shell:Creating environment hook '/workspaces/tello-ros2/workspace/install/tello_msg/share/tello_msg/hook/cmake_prefix_path.ps1'
[18.844s] INFO:colcon.colcon_core.shell:Creating environment descriptor '/workspaces/tello-ros2/workspace/install/tello_msg/share/tello_msg/hook/cmake_prefix_path.dsv'
[18.872s] INFO:colcon.colcon_core.shell:Creating environment hook '/workspaces/tello-ros2/workspace/install/tello_msg/share/tello_msg/hook/cmake_prefix_path.sh'
[18.910s] Level 1:colcon.colcon_core.environment:checking '/workspaces/tello-ros2/workspace/install/tello_msg/lib'
[18.918s] Level 1:colcon.colcon_core.shell:create_environment_hook('tello_msg', 'ld_library_path_lib')
[18.918s] INFO:colcon.colcon_core.shell:Creating environment hook '/workspaces/tello-ros2/workspace/install/tello_msg/share/tello_msg/hook/ld_library_path_lib.ps1'
[18.946s] INFO:colcon.colcon_core.shell:Creating environment descriptor '/workspaces/tello-ros2/workspace/install/tello_msg/share/tello_msg/hook/ld_library_path_lib.dsv'
[18.973s] INFO:colcon.colcon_core.shell:Creating environment hook '/workspaces/tello-ros2/workspace/install/tello_msg/share/tello_msg/hook/ld_library_path_lib.sh'
[19.002s] Level 1:colcon.colcon_core.environment:checking '/workspaces/tello-ros2/workspace/install/tello_msg/bin'
[19.005s] Level 1:colcon.colcon_core.environment:checking '/workspaces/tello-ros2/workspace/install/tello_msg/lib/pkgconfig/tello_msg.pc'
[19.008s] Level 1:colcon.colcon_core.environment:checking '/workspaces/tello-ros2/workspace/install/tello_msg/lib/python3.10/site-packages'
[19.012s] Level 1:colcon.colcon_core.environment:checking '/workspaces/tello-ros2/workspace/install/tello_msg/bin'
[19.015s] INFO:colcon.colcon_core.shell:Creating package script '/workspaces/tello-ros2/workspace/install/tello_msg/share/tello_msg/package.ps1'
[19.041s] INFO:colcon.colcon_core.shell:Creating package descriptor '/workspaces/tello-ros2/workspace/install/tello_msg/share/tello_msg/package.dsv'
[19.062s] INFO:colcon.colcon_core.shell:Creating package script '/workspaces/tello-ros2/workspace/install/tello_msg/share/tello_msg/package.sh'
[19.090s] INFO:colcon.colcon_core.shell:Creating package script '/workspaces/tello-ros2/workspace/install/tello_msg/share/tello_msg/package.bash'
[19.112s] INFO:colcon.colcon_core.shell:Creating package script '/workspaces/tello-ros2/workspace/install/tello_msg/share/tello_msg/package.zsh'
[19.137s] Level 1:colcon.colcon_core.environment:create_file_with_runtime_dependencies(/workspaces/tello-ros2/workspace/install/tello_msg/share/colcon-core/packages/tello_msg)
[19.193s] Level 1:colcon.colcon_core.environment:create_environment_scripts_only(tello_msg)
[19.194s] Level 1:colcon.colcon_core.environment:checking '/workspaces/tello-ros2/workspace/install/tello_msg' for CMake module files
[19.650s] Level 1:colcon.colcon_core.environment:checking '/workspaces/tello-ros2/workspace/install/tello_msg' for CMake config files
[19.976s] Level 1:colcon.colcon_core.shell:create_environment_hook('tello_msg', 'cmake_prefix_path')
[19.977s] INFO:colcon.colcon_core.shell:Creating environment hook '/workspaces/tello-ros2/workspace/install/tello_msg/share/tello_msg/hook/cmake_prefix_path.ps1'
[20.003s] INFO:colcon.colcon_core.shell:Creating environment descriptor '/workspaces/tello-ros2/workspace/install/tello_msg/share/tello_msg/hook/cmake_prefix_path.dsv'
[20.028s] INFO:colcon.colcon_core.shell:Creating environment hook '/workspaces/tello-ros2/workspace/install/tello_msg/share/tello_msg/hook/cmake_prefix_path.sh'
[20.066s] Level 1:colcon.colcon_core.environment:checking '/workspaces/tello-ros2/workspace/install/tello_msg/lib'
[20.073s] Level 1:colcon.colcon_core.shell:create_environment_hook('tello_msg', 'ld_library_path_lib')
[20.075s] INFO:colcon.colcon_core.shell:Creating environment hook '/workspaces/tello-ros2/workspace/install/tello_msg/share/tello_msg/hook/ld_library_path_lib.ps1'
[20.102s] INFO:colcon.colcon_core.shell:Creating environment descriptor '/workspaces/tello-ros2/workspace/install/tello_msg/share/tello_msg/hook/ld_library_path_lib.dsv'
[20.126s] INFO:colcon.colcon_core.shell:Creating environment hook '/workspaces/tello-ros2/workspace/install/tello_msg/share/tello_msg/hook/ld_library_path_lib.sh'
[20.155s] Level 1:colcon.colcon_core.environment:checking '/workspaces/tello-ros2/workspace/install/tello_msg/bin'
[20.158s] Level 1:colcon.colcon_core.environment:checking '/workspaces/tello-ros2/workspace/install/tello_msg/lib/pkgconfig/tello_msg.pc'
[20.161s] Level 1:colcon.colcon_core.environment:checking '/workspaces/tello-ros2/workspace/install/tello_msg/lib/python3.10/site-packages'
[20.165s] Level 1:colcon.colcon_core.environment:checking '/workspaces/tello-ros2/workspace/install/tello_msg/bin'
[20.168s] INFO:colcon.colcon_core.shell:Creating package script '/workspaces/tello-ros2/workspace/install/tello_msg/share/tello_msg/package.ps1'
[20.195s] INFO:colcon.colcon_core.shell:Creating package descriptor '/workspaces/tello-ros2/workspace/install/tello_msg/share/tello_msg/package.dsv'
[20.217s] INFO:colcon.colcon_core.shell:Creating package script '/workspaces/tello-ros2/workspace/install/tello_msg/share/tello_msg/package.sh'
[20.243s] INFO:colcon.colcon_core.shell:Creating package script '/workspaces/tello-ros2/workspace/install/tello_msg/share/tello_msg/package.bash'
[20.270s] INFO:colcon.colcon_core.shell:Creating package script '/workspaces/tello-ros2/workspace/install/tello_msg/share/tello_msg/package.zsh'
[20.295s] Level 1:colcon.colcon_core.environment:create_file_with_runtime_dependencies(/workspaces/tello-ros2/workspace/install/tello_msg/share/colcon-core/packages/tello_msg)
[20.315s] INFO:colcon.colcon_ros.task.ament_python.build:Building ROS package in '/workspaces/tello-ros2/workspace/src/tello' with build type 'ament_python'
[20.315s] Level 1:colcon.colcon_core.shell:create_environment_hook('tello', 'ament_prefix_path')
[20.316s] INFO:colcon.colcon_core.shell:Creating environment hook '/workspaces/tello-ros2/workspace/install/tello/share/tello/hook/ament_prefix_path.ps1'
[20.358s] INFO:colcon.colcon_core.shell:Creating environment descriptor '/workspaces/tello-ros2/workspace/install/tello/share/tello/hook/ament_prefix_path.dsv'
[20.384s] INFO:colcon.colcon_core.shell:Creating environment hook '/workspaces/tello-ros2/workspace/install/tello/share/tello/hook/ament_prefix_path.sh'
[20.407s] INFO:colcon.colcon_core.shell:Skip shell extension 'powershell' for command environment: Not usable outside of PowerShell
[20.408s] DEBUG:colcon.colcon_core.shell:Skip shell extension 'dsv' for command environment
[22.405s] INFO:colcon.colcon_core.task.python.build:Building Python package in '/workspaces/tello-ros2/workspace/src/tello'
[22.406s] INFO:colcon.colcon_core.shell:Skip shell extension 'powershell' for command environment: Not usable outside of PowerShell
[22.406s] DEBUG:colcon.colcon_core.shell:Skip shell extension 'dsv' for command environment
[25.461s] DEBUG:colcon.colcon_core.event_handler.log_command:Invoking command in '/workspaces/tello-ros2/workspace/src/tello': PYTHONPATH=/workspaces/tello-ros2/workspace/build/tello/prefix_override:/usr/lib/python3/dist-packages/colcon_core/task/python/colcon_distutils_commands:/workspaces/tello-ros2/workspace/install/tello/lib/python3.10/site-packages:${PYTHONPATH} /usr/bin/python3 -W ignore:setup.py install is deprecated -W ignore:easy_install command is deprecated setup.py egg_info --egg-base ../../build/tello build --build-base /workspaces/tello-ros2/workspace/build/tello/build install --record /workspaces/tello-ros2/workspace/build/tello/install.log --install-scripts $base/lib/tello --single-version-externally-managed install_data
[29.068s] Level 1:colcon.colcon_core.environment:checking '/workspaces/tello-ros2/workspace/install/tello' for CMake module files
[29.070s] DEBUG:colcon.colcon_core.event_handler.log_command:Invoked command in '/workspaces/tello-ros2/workspace/src/tello' returned '0': PYTHONPATH=/workspaces/tello-ros2/workspace/build/tello/prefix_override:/usr/lib/python3/dist-packages/colcon_core/task/python/colcon_distutils_commands:/workspaces/tello-ros2/workspace/install/tello/lib/python3.10/site-packages:${PYTHONPATH} /usr/bin/python3 -W ignore:setup.py install is deprecated -W ignore:easy_install command is deprecated setup.py egg_info --egg-base ../../build/tello build --build-base /workspaces/tello-ros2/workspace/build/tello/build install --record /workspaces/tello-ros2/workspace/build/tello/install.log --install-scripts $base/lib/tello --single-version-externally-managed install_data
[29.175s] Level 1:colcon.colcon_core.environment:checking '/workspaces/tello-ros2/workspace/install/tello' for CMake config files
[29.329s] Level 1:colcon.colcon_core.environment:checking '/workspaces/tello-ros2/workspace/install/tello/lib'
[29.335s] Level 1:colcon.colcon_core.environment:checking '/workspaces/tello-ros2/workspace/install/tello/bin'
[29.337s] Level 1:colcon.colcon_core.environment:checking '/workspaces/tello-ros2/workspace/install/tello/lib/pkgconfig/tello.pc'
[29.340s] Level 1:colcon.colcon_core.environment:checking '/workspaces/tello-ros2/workspace/install/tello/lib/python3.10/site-packages'
[29.344s] Level 1:colcon.colcon_core.shell:create_environment_hook('tello', 'pythonpath')
[29.345s] INFO:colcon.colcon_core.shell:Creating environment hook '/workspaces/tello-ros2/workspace/install/tello/share/tello/hook/pythonpath.ps1'
[29.371s] INFO:colcon.colcon_core.shell:Creating environment descriptor '/workspaces/tello-ros2/workspace/install/tello/share/tello/hook/pythonpath.dsv'
[29.393s] INFO:colcon.colcon_core.shell:Creating environment hook '/workspaces/tello-ros2/workspace/install/tello/share/tello/hook/pythonpath.sh'
[29.416s] Level 1:colcon.colcon_core.environment:checking '/workspaces/tello-ros2/workspace/install/tello/bin'
[29.419s] Level 1:colcon.colcon_core.environment:create_environment_scripts_only(tello)
[29.420s] INFO:colcon.colcon_core.shell:Creating package script '/workspaces/tello-ros2/workspace/install/tello/share/tello/package.ps1'
[29.439s] INFO:colcon.colcon_core.shell:Creating package descriptor '/workspaces/tello-ros2/workspace/install/tello/share/tello/package.dsv'
[29.459s] INFO:colcon.colcon_core.shell:Creating package script '/workspaces/tello-ros2/workspace/install/tello/share/tello/package.sh'
[29.481s] INFO:colcon.colcon_core.shell:Creating package script '/workspaces/tello-ros2/workspace/install/tello/share/tello/package.bash'
[29.502s] INFO:colcon.colcon_core.shell:Creating package script '/workspaces/tello-ros2/workspace/install/tello/share/tello/package.zsh'
[29.525s] Level 1:colcon.colcon_core.environment:create_file_with_runtime_dependencies(/workspaces/tello-ros2/workspace/install/tello/share/colcon-core/packages/tello)
[29.542s] DEBUG:colcon.colcon_parallel_executor.executor.parallel:closing loop
[29.543s] DEBUG:colcon.colcon_parallel_executor.executor.parallel:loop closed
[29.544s] DEBUG:colcon.colcon_parallel_executor.executor.parallel:run_until_complete finished with '0'
[29.545s] DEBUG:colcon.colcon_core.event_reactor:joining thread
[29.645s] INFO:colcon.colcon_core.plugin_system:Skipping extension 'colcon_notification.desktop_notification.notify_send': Could not find 'notify-send'
[29.645s] INFO:colcon.colcon_core.plugin_system:Skipping extension 'colcon_notification.desktop_notification.terminal_notifier': Not used on non-Darwin systems
[29.646s] INFO:colcon.colcon_core.plugin_system:Skipping extension 'colcon_notification.desktop_notification.win32': Not used on non-Windows systems
[29.646s] INFO:colcon.colcon_notification.desktop_notification:Sending desktop notification using 'notify2'
[29.651s] DEBUG:colcon.colcon_notification.desktop_notification.notify2:Failed to initialize notify2: org.freedesktop.DBus.Error.Spawn.ExecFailed: /usr/bin/dbus-launch terminated abnormally without any error message
[29.652s] DEBUG:colcon.colcon_core.event_reactor:joined thread
[29.653s] INFO:colcon.colcon_core.shell:Creating prefix script '/workspaces/tello-ros2/workspace/install/local_setup.ps1'
[29.667s] INFO:colcon.colcon_core.shell:Creating prefix util module '/workspaces/tello-ros2/workspace/install/_local_setup_util_ps1.py'
[29.679s] INFO:colcon.colcon_core.shell:Creating prefix chain script '/workspaces/tello-ros2/workspace/install/setup.ps1'
[29.740s] INFO:colcon.colcon_core.shell:Creating prefix script '/workspaces/tello-ros2/workspace/install/local_setup.sh'
[29.751s] INFO:colcon.colcon_core.shell:Creating prefix util module '/workspaces/tello-ros2/workspace/install/_local_setup_util_sh.py'
[29.763s] INFO:colcon.colcon_core.shell:Creating prefix chain script '/workspaces/tello-ros2/workspace/install/setup.sh'
[29.828s] INFO:colcon.colcon_core.shell:Creating prefix script '/workspaces/tello-ros2/workspace/install/local_setup.bash'
[29.837s] INFO:colcon.colcon_core.shell:Creating prefix chain script '/workspaces/tello-ros2/workspace/install/setup.bash'
[29.897s] INFO:colcon.colcon_core.shell:Creating prefix script '/workspaces/tello-ros2/workspace/install/local_setup.zsh'
[29.906s] INFO:colcon.colcon_core.shell:Creating prefix chain script '/workspaces/tello-ros2/workspace/install/setup.zsh'
