[0.086s] Invoking command in '/workspaces/tello-ros2/workspace/build/tello_control': CMAKE_PREFIX_PATH=/opt/ros/humble /usr/bin/cmake --build /workspaces/tello-ros2/workspace/build/tello_control -- -j16 -l16
[0.436s] [100%] Built target tello_control
[0.470s] Invoked command in '/workspaces/tello-ros2/workspace/build/tello_control' returned '0': CMAKE_PREFIX_PATH=/opt/ros/humble /usr/bin/cmake --build /workspaces/tello-ros2/workspace/build/tello_control -- -j16 -l16
[0.513s] Invoking command in '/workspaces/tello-ros2/workspace/build/tello_control': CMAKE_PREFIX_PATH=/opt/ros/humble /usr/bin/cmake --install /workspaces/tello-ros2/workspace/build/tello_control
[0.527s] -- Install configuration: ""
[0.677s] -- Up-to-date: /workspaces/tello-ros2/workspace/install/tello_control/lib/tello_control/tello_control
[0.863s] -- Up-to-date: /workspaces/tello-ros2/workspace/install/tello_control/share/ament_index/resource_index/package_run_dependencies/tello_control
[0.947s] -- Up-to-date: /workspaces/tello-ros2/workspace/install/tello_control/share/ament_index/resource_index/parent_prefix_path/tello_control
[0.988s] -- Up-to-date: /workspaces/tello-ros2/workspace/install/tello_control/share/tello_control/environment/ament_prefix_path.sh
[1.039s] -- Up-to-date: /workspaces/tello-ros2/workspace/install/tello_control/share/tello_control/environment/ament_prefix_path.dsv
[1.083s] -- Up-to-date: /workspaces/tello-ros2/workspace/install/tello_control/share/tello_control/environment/path.sh
[1.145s] -- Up-to-date: /workspaces/tello-ros2/workspace/install/tello_control/share/tello_control/environment/path.dsv
[1.202s] -- Up-to-date: /workspaces/tello-ros2/workspace/install/tello_control/share/tello_control/local_setup.bash
[1.261s] -- Up-to-date: /workspaces/tello-ros2/workspace/install/tello_control/share/tello_control/local_setup.sh
[1.312s] -- Up-to-date: /workspaces/tello-ros2/workspace/install/tello_control/share/tello_control/local_setup.zsh
[1.355s] -- Up-to-date: /workspaces/tello-ros2/workspace/install/tello_control/share/tello_control/local_setup.dsv
[1.398s] -- Installing: /workspaces/tello-ros2/workspace/install/tello_control/share/tello_control/package.dsv
[1.569s] -- Up-to-date: /workspaces/tello-ros2/workspace/install/tello_control/share/ament_index/resource_index/packages/tello_control
[1.613s] -- Up-to-date: /workspaces/tello-ros2/workspace/install/tello_control/share/tello_control/cmake/tello_controlConfig.cmake
[1.647s] -- Up-to-date: /workspaces/tello-ros2/workspace/install/tello_control/share/tello_control/cmake/tello_controlConfig-version.cmake
[1.699s] -- Up-to-date: /workspaces/tello-ros2/workspace/install/tello_control/share/tello_control/package.xml
[1.725s] Invoked command in '/workspaces/tello-ros2/workspace/build/tello_control' returned '0': CMAKE_PREFIX_PATH=/opt/ros/humble /usr/bin/cmake --install /workspaces/tello-ros2/workspace/build/tello_control
