[0.113s] Invoking command in '/workspaces/tello-ros2/workspace/build/tello_control': CMAKE_PREFIX_PATH=/opt/ros/humble /usr/bin/cmake --build /workspaces/tello-ros2/workspace/build/tello_control -- -j16 -l16
[0.465s] [100%] Built target tello_control
[0.517s] Invoked command in '/workspaces/tello-ros2/workspace/build/tello_control' returned '0': CMAKE_PREFIX_PATH=/opt/ros/humble /usr/bin/cmake --build /workspaces/tello-ros2/workspace/build/tello_control -- -j16 -l16
[0.571s] Invoking command in '/workspaces/tello-ros2/workspace/build/tello_control': CMAKE_PREFIX_PATH=/opt/ros/humble /usr/bin/cmake --install /workspaces/tello-ros2/workspace/build/tello_control
[0.589s] -- Install configuration: ""
[0.727s] -- Up-to-date: /workspaces/tello-ros2/workspace/install/tello_control/lib/tello_control/tello_control
[0.967s] -- Up-to-date: /workspaces/tello-ros2/workspace/install/tello_control/share/ament_index/resource_index/package_run_dependencies/tello_control
[1.086s] -- Up-to-date: /workspaces/tello-ros2/workspace/install/tello_control/share/ament_index/resource_index/parent_prefix_path/tello_control
[1.145s] -- Up-to-date: /workspaces/tello-ros2/workspace/install/tello_control/share/tello_control/environment/ament_prefix_path.sh
[1.223s] -- Up-to-date: /workspaces/tello-ros2/workspace/install/tello_control/share/tello_control/environment/ament_prefix_path.dsv
[1.275s] -- Up-to-date: /workspaces/tello-ros2/workspace/install/tello_control/share/tello_control/environment/path.sh
[1.349s] -- Up-to-date: /workspaces/tello-ros2/workspace/install/tello_control/share/tello_control/environment/path.dsv
[1.406s] -- Up-to-date: /workspaces/tello-ros2/workspace/install/tello_control/share/tello_control/local_setup.bash
[1.469s] -- Up-to-date: /workspaces/tello-ros2/workspace/install/tello_control/share/tello_control/local_setup.sh
[1.506s] -- Up-to-date: /workspaces/tello-ros2/workspace/install/tello_control/share/tello_control/local_setup.zsh
[1.551s] -- Up-to-date: /workspaces/tello-ros2/workspace/install/tello_control/share/tello_control/local_setup.dsv
[1.593s] -- Installing: /workspaces/tello-ros2/workspace/install/tello_control/share/tello_control/package.dsv
[1.732s] -- Up-to-date: /workspaces/tello-ros2/workspace/install/tello_control/share/ament_index/resource_index/packages/tello_control
[1.777s] -- Up-to-date: /workspaces/tello-ros2/workspace/install/tello_control/share/tello_control/cmake/tello_controlConfig.cmake
[1.816s] -- Up-to-date: /workspaces/tello-ros2/workspace/install/tello_control/share/tello_control/cmake/tello_controlConfig-version.cmake
[1.858s] -- Up-to-date: /workspaces/tello-ros2/workspace/install/tello_control/share/tello_control/package.xml
[1.877s] Invoked command in '/workspaces/tello-ros2/workspace/build/tello_control' returned '0': CMAKE_PREFIX_PATH=/opt/ros/humble /usr/bin/cmake --install /workspaces/tello-ros2/workspace/build/tello_control
