[0.267s] DEBUG:colcon:Command line arguments: ['/usr/bin/colcon', 'build']
[0.268s] DEBUG:colcon:Parsed command line arguments: Namespace(log_base=None, log_level=None, verb_name='build', build_base='build', install_base='install', merge_install=False, symlink_install=False, test_result_base=None, continue_on_error=False, executor='parallel', parallel_workers=16, event_handlers=None, ignore_user_meta=False, metas=['./colcon.meta'], base_paths=['.'], packages_ignore=None, packages_ignore_regex=None, paths=None, packages_up_to=None, packages_up_to_regex=None, packages_above=None, packages_above_and_dependencies=None, packages_above_depth=None, packages_select_by_dep=None, packages_skip_by_dep=None, packages_skip_up_to=None, packages_select_build_failed=False, packages_skip_build_finished=False, packages_select_test_failures=False, packages_skip_test_passed=False, packages_select=None, packages_skip=None, packages_select_regex=None, packages_skip_regex=None, packages_start=None, packages_end=None, allow_overriding=[], cmake_args=None, cmake_target=None, cmake_target_skip_unavailable=False, cmake_clean_cache=False, cmake_clean_first=False, cmake_force_configure=False, ament_cmake_args=None, catkin_cmake_args=None, catkin_skip_building_tests=False, verb_parser=<colcon_defaults.argument_parser.defaults.DefaultArgumentsDecorator object at 0x7ffb6614b910>, verb_extension=<colcon_core.verb.build.BuildVerb object at 0x7ffb662f4f70>, main=<bound method BuildVerb.main of <colcon_core.verb.build.BuildVerb object at 0x7ffb662f4f70>>)
[0.560s] Level 1:colcon.colcon_core.package_discovery:discover_packages(colcon_meta) check parameters
[0.560s] Level 1:colcon.colcon_core.package_discovery:discover_packages(recursive) check parameters
[0.561s] Level 1:colcon.colcon_core.package_discovery:discover_packages(ignore) check parameters
[0.561s] Level 1:colcon.colcon_core.package_discovery:discover_packages(path) check parameters
[0.561s] Level 1:colcon.colcon_core.package_discovery:discover_packages(colcon_meta) discover
[0.561s] Level 1:colcon.colcon_core.package_discovery:discover_packages(recursive) discover
[0.561s] INFO:colcon.colcon_core.package_discovery:Crawling recursively for packages in '/workspaces/tello-ros2/workspace'
[0.563s] Level 1:colcon.colcon_core.package_identification:_identify(.) by extensions ['ignore', 'ignore_ament_install']
[0.563s] Level 1:colcon.colcon_core.package_identification:_identify(.) by extension 'ignore'
[0.563s] Level 1:colcon.colcon_core.package_identification:_identify(.) by extension 'ignore_ament_install'
[0.564s] Level 1:colcon.colcon_core.package_identification:_identify(.) by extensions ['colcon_pkg']
[0.564s] Level 1:colcon.colcon_core.package_identification:_identify(.) by extension 'colcon_pkg'
[0.564s] Level 1:colcon.colcon_core.package_identification:_identify(.) by extensions ['colcon_meta']
[0.564s] Level 1:colcon.colcon_core.package_identification:_identify(.) by extension 'colcon_meta'
[0.564s] Level 1:colcon.colcon_core.package_identification:_identify(.) by extensions ['ros']
[0.565s] Level 1:colcon.colcon_core.package_identification:_identify(.) by extension 'ros'
[0.576s] Level 1:colcon.colcon_core.package_identification:_identify(.) by extensions ['cmake', 'python']
[0.576s] Level 1:colcon.colcon_core.package_identification:_identify(.) by extension 'cmake'
[0.576s] Level 1:colcon.colcon_core.package_identification:_identify(.) by extension 'python'
[0.577s] Level 1:colcon.colcon_core.package_identification:_identify(.) by extensions ['python_setup_py']
[0.577s] Level 1:colcon.colcon_core.package_identification:_identify(.) by extension 'python_setup_py'
[0.581s] Level 1:colcon.colcon_core.package_identification:_identify(build) by extensions ['ignore', 'ignore_ament_install']
[0.581s] Level 1:colcon.colcon_core.package_identification:_identify(build) by extension 'ignore'
[0.583s] Level 1:colcon.colcon_core.package_identification:_identify(build) ignored
[0.585s] Level 1:colcon.colcon_core.package_identification:_identify(install) by extensions ['ignore', 'ignore_ament_install']
[0.586s] Level 1:colcon.colcon_core.package_identification:_identify(install) by extension 'ignore'
[0.587s] Level 1:colcon.colcon_core.package_identification:_identify(install) ignored
[0.593s] Level 1:colcon.colcon_core.package_identification:_identify(log) by extensions ['ignore', 'ignore_ament_install']
[0.593s] Level 1:colcon.colcon_core.package_identification:_identify(log) by extension 'ignore'
[0.595s] Level 1:colcon.colcon_core.package_identification:_identify(log) ignored
[0.598s] Level 1:colcon.colcon_core.package_identification:_identify(src) by extensions ['ignore', 'ignore_ament_install']
[0.598s] Level 1:colcon.colcon_core.package_identification:_identify(src) by extension 'ignore'
[0.599s] Level 1:colcon.colcon_core.package_identification:_identify(src) by extension 'ignore_ament_install'
[0.601s] Level 1:colcon.colcon_core.package_identification:_identify(src) by extensions ['colcon_pkg']
[0.601s] Level 1:colcon.colcon_core.package_identification:_identify(src) by extension 'colcon_pkg'
[0.602s] Level 1:colcon.colcon_core.package_identification:_identify(src) by extensions ['colcon_meta']
[0.602s] Level 1:colcon.colcon_core.package_identification:_identify(src) by extension 'colcon_meta'
[0.602s] Level 1:colcon.colcon_core.package_identification:_identify(src) by extensions ['ros']
[0.603s] Level 1:colcon.colcon_core.package_identification:_identify(src) by extension 'ros'
[0.606s] Level 1:colcon.colcon_core.package_identification:_identify(src) by extensions ['cmake', 'python']
[0.606s] Level 1:colcon.colcon_core.package_identification:_identify(src) by extension 'cmake'
[0.607s] Level 1:colcon.colcon_core.package_identification:_identify(src) by extension 'python'
[0.608s] Level 1:colcon.colcon_core.package_identification:_identify(src) by extensions ['python_setup_py']
[0.609s] Level 1:colcon.colcon_core.package_identification:_identify(src) by extension 'python_setup_py'
[0.613s] Level 1:colcon.colcon_core.package_identification:_identify(src/tello) by extensions ['ignore', 'ignore_ament_install']
[0.613s] Level 1:colcon.colcon_core.package_identification:_identify(src/tello) by extension 'ignore'
[0.615s] Level 1:colcon.colcon_core.package_identification:_identify(src/tello) by extension 'ignore_ament_install'
[0.617s] Level 1:colcon.colcon_core.package_identification:_identify(src/tello) by extensions ['colcon_pkg']
[0.617s] Level 1:colcon.colcon_core.package_identification:_identify(src/tello) by extension 'colcon_pkg'
[0.618s] Level 1:colcon.colcon_core.package_identification:_identify(src/tello) by extensions ['colcon_meta']
[0.618s] Level 1:colcon.colcon_core.package_identification:_identify(src/tello) by extension 'colcon_meta'
[0.620s] Level 1:colcon.colcon_core.package_identification:_identify(src/tello) by extensions ['ros']
[0.620s] Level 1:colcon.colcon_core.package_identification:_identify(src/tello) by extension 'ros'
[0.632s] DEBUG:colcon.colcon_core.package_identification:Package 'src/tello' with type 'ros.ament_python' and name 'tello'
[0.634s] Level 1:colcon.colcon_core.package_identification:_identify(src/tello_control) by extensions ['ignore', 'ignore_ament_install']
[0.635s] Level 1:colcon.colcon_core.package_identification:_identify(src/tello_control) by extension 'ignore'
[0.635s] Level 1:colcon.colcon_core.package_identification:_identify(src/tello_control) by extension 'ignore_ament_install'
[0.637s] Level 1:colcon.colcon_core.package_identification:_identify(src/tello_control) by extensions ['colcon_pkg']
[0.637s] Level 1:colcon.colcon_core.package_identification:_identify(src/tello_control) by extension 'colcon_pkg'
[0.638s] Level 1:colcon.colcon_core.package_identification:_identify(src/tello_control) by extensions ['colcon_meta']
[0.638s] Level 1:colcon.colcon_core.package_identification:_identify(src/tello_control) by extension 'colcon_meta'
[0.639s] Level 1:colcon.colcon_core.package_identification:_identify(src/tello_control) by extensions ['ros']
[0.639s] Level 1:colcon.colcon_core.package_identification:_identify(src/tello_control) by extension 'ros'
[0.648s] DEBUG:colcon.colcon_core.package_identification:Package 'src/tello_control' with type 'ros.ament_cmake' and name 'tello_control'
[0.651s] Level 1:colcon.colcon_core.package_identification:_identify(src/tello_msg) by extensions ['ignore', 'ignore_ament_install']
[0.651s] Level 1:colcon.colcon_core.package_identification:_identify(src/tello_msg) by extension 'ignore'
[0.652s] Level 1:colcon.colcon_core.package_identification:_identify(src/tello_msg) by extension 'ignore_ament_install'
[0.654s] Level 1:colcon.colcon_core.package_identification:_identify(src/tello_msg) by extensions ['colcon_pkg']
[0.654s] Level 1:colcon.colcon_core.package_identification:_identify(src/tello_msg) by extension 'colcon_pkg'
[0.655s] Level 1:colcon.colcon_core.package_identification:_identify(src/tello_msg) by extensions ['colcon_meta']
[0.655s] Level 1:colcon.colcon_core.package_identification:_identify(src/tello_msg) by extension 'colcon_meta'
[0.656s] Level 1:colcon.colcon_core.package_identification:_identify(src/tello_msg) by extensions ['ros']
[0.656s] Level 1:colcon.colcon_core.package_identification:_identify(src/tello_msg) by extension 'ros'
[0.663s] DEBUG:colcon.colcon_core.package_identification:Package 'src/tello_msg' with type 'ros.ament_cmake' and name 'tello_msg'
[0.664s] Level 1:colcon.colcon_core.package_discovery:discover_packages(recursive) using defaults
[0.664s] Level 1:colcon.colcon_core.package_discovery:discover_packages(ignore) discover
[0.664s] Level 1:colcon.colcon_core.package_discovery:discover_packages(ignore) using defaults
[0.664s] Level 1:colcon.colcon_core.package_discovery:discover_packages(path) discover
[0.664s] Level 1:colcon.colcon_core.package_discovery:discover_packages(path) using defaults
[0.715s] Level 1:colcon.colcon_core.package_discovery:discover_packages(prefix_path) check parameters
[0.716s] Level 1:colcon.colcon_core.package_discovery:discover_packages(prefix_path) discover
[0.720s] DEBUG:colcon.colcon_installed_package_information.package_discovery:Found 284 installed packages in /opt/ros/humble
[0.722s] Level 1:colcon.colcon_core.package_discovery:discover_packages(prefix_path) using defaults
[0.759s] Level 5:colcon.colcon_core.verb:set package 'tello_control' build argument 'cmake_args' from command line to 'None'
[0.759s] Level 5:colcon.colcon_core.verb:set package 'tello_control' build argument 'cmake_target' from command line to 'None'
[0.760s] Level 5:colcon.colcon_core.verb:set package 'tello_control' build argument 'cmake_target_skip_unavailable' from command line to 'False'
[0.761s] Level 5:colcon.colcon_core.verb:set package 'tello_control' build argument 'cmake_clean_cache' from command line to 'False'
[0.761s] Level 5:colcon.colcon_core.verb:set package 'tello_control' build argument 'cmake_clean_first' from command line to 'False'
[0.762s] Level 5:colcon.colcon_core.verb:set package 'tello_control' build argument 'cmake_force_configure' from command line to 'False'
[0.763s] Level 5:colcon.colcon_core.verb:set package 'tello_control' build argument 'ament_cmake_args' from command line to 'None'
[0.763s] Level 5:colcon.colcon_core.verb:set package 'tello_control' build argument 'catkin_cmake_args' from command line to 'None'
[0.764s] Level 5:colcon.colcon_core.verb:set package 'tello_control' build argument 'catkin_skip_building_tests' from command line to 'False'
[0.765s] DEBUG:colcon.colcon_core.verb:Building package 'tello_control' with the following arguments: {'ament_cmake_args': None, 'build_base': '/workspaces/tello-ros2/workspace/build/tello_control', 'catkin_cmake_args': None, 'catkin_skip_building_tests': False, 'cmake_args': None, 'cmake_clean_cache': False, 'cmake_clean_first': False, 'cmake_force_configure': False, 'cmake_target': None, 'cmake_target_skip_unavailable': False, 'install_base': '/workspaces/tello-ros2/workspace/install/tello_control', 'merge_install': False, 'path': '/workspaces/tello-ros2/workspace/src/tello_control', 'symlink_install': False, 'test_result_base': None}
[0.766s] Level 5:colcon.colcon_core.verb:set package 'tello_msg' build argument 'cmake_args' from command line to 'None'
[0.767s] Level 5:colcon.colcon_core.verb:set package 'tello_msg' build argument 'cmake_target' from command line to 'None'
[0.767s] Level 5:colcon.colcon_core.verb:set package 'tello_msg' build argument 'cmake_target_skip_unavailable' from command line to 'False'
[0.768s] Level 5:colcon.colcon_core.verb:set package 'tello_msg' build argument 'cmake_clean_cache' from command line to 'False'
[0.768s] Level 5:colcon.colcon_core.verb:set package 'tello_msg' build argument 'cmake_clean_first' from command line to 'False'
[0.769s] Level 5:colcon.colcon_core.verb:set package 'tello_msg' build argument 'cmake_force_configure' from command line to 'False'
[0.770s] Level 5:colcon.colcon_core.verb:set package 'tello_msg' build argument 'ament_cmake_args' from command line to 'None'
[0.771s] Level 5:colcon.colcon_core.verb:set package 'tello_msg' build argument 'catkin_cmake_args' from command line to 'None'
[0.771s] Level 5:colcon.colcon_core.verb:set package 'tello_msg' build argument 'catkin_skip_building_tests' from command line to 'False'
[0.772s] DEBUG:colcon.colcon_core.verb:Building package 'tello_msg' with the following arguments: {'ament_cmake_args': None, 'build_base': '/workspaces/tello-ros2/workspace/build/tello_msg', 'catkin_cmake_args': None, 'catkin_skip_building_tests': False, 'cmake_args': None, 'cmake_clean_cache': False, 'cmake_clean_first': False, 'cmake_force_configure': False, 'cmake_target': None, 'cmake_target_skip_unavailable': False, 'install_base': '/workspaces/tello-ros2/workspace/install/tello_msg', 'merge_install': False, 'path': '/workspaces/tello-ros2/workspace/src/tello_msg', 'symlink_install': False, 'test_result_base': None}
[0.773s] Level 5:colcon.colcon_core.verb:set package 'tello' build argument 'cmake_args' from command line to 'None'
[0.773s] Level 5:colcon.colcon_core.verb:set package 'tello' build argument 'cmake_target' from command line to 'None'
[0.774s] Level 5:colcon.colcon_core.verb:set package 'tello' build argument 'cmake_target_skip_unavailable' from command line to 'False'
[0.775s] Level 5:colcon.colcon_core.verb:set package 'tello' build argument 'cmake_clean_cache' from command line to 'False'
[0.775s] Level 5:colcon.colcon_core.verb:set package 'tello' build argument 'cmake_clean_first' from command line to 'False'
[0.776s] Level 5:colcon.colcon_core.verb:set package 'tello' build argument 'cmake_force_configure' from command line to 'False'
[0.777s] Level 5:colcon.colcon_core.verb:set package 'tello' build argument 'ament_cmake_args' from command line to 'None'
[0.777s] Level 5:colcon.colcon_core.verb:set package 'tello' build argument 'catkin_cmake_args' from command line to 'None'
[0.778s] Level 5:colcon.colcon_core.verb:set package 'tello' build argument 'catkin_skip_building_tests' from command line to 'False'
[0.779s] DEBUG:colcon.colcon_core.verb:Building package 'tello' with the following arguments: {'ament_cmake_args': None, 'build_base': '/workspaces/tello-ros2/workspace/build/tello', 'catkin_cmake_args': None, 'catkin_skip_building_tests': False, 'cmake_args': None, 'cmake_clean_cache': False, 'cmake_clean_first': False, 'cmake_force_configure': False, 'cmake_target': None, 'cmake_target_skip_unavailable': False, 'install_base': '/workspaces/tello-ros2/workspace/install/tello', 'merge_install': False, 'path': '/workspaces/tello-ros2/workspace/src/tello', 'symlink_install': False, 'test_result_base': None}
[0.779s] INFO:colcon.colcon_core.executor:Executing jobs using 'parallel' executor
[0.781s] DEBUG:colcon.colcon_parallel_executor.executor.parallel:run_until_complete
[0.782s] INFO:colcon.colcon_ros.task.ament_cmake.build:Building ROS package in '/workspaces/tello-ros2/workspace/src/tello_msg' with build type 'ament_cmake'
[0.782s] INFO:colcon.colcon_cmake.task.cmake.build:Building CMake package in '/workspaces/tello-ros2/workspace/src/tello_msg'
[0.789s] INFO:colcon.colcon_core.plugin_system:Skipping extension 'colcon_core.shell.bat': Not used on non-Windows systems
[0.789s] INFO:colcon.colcon_core.shell:Skip shell extension 'powershell' for command environment: Not usable outside of PowerShell
[0.790s] DEBUG:colcon.colcon_core.shell:Skip shell extension 'dsv' for command environment
[0.799s] INFO:colcon.colcon_ros.task.ament_cmake.build:Building ROS package in '/workspaces/tello-ros2/workspace/src/tello_control' with build type 'ament_cmake'
[0.799s] INFO:colcon.colcon_cmake.task.cmake.build:Building CMake package in '/workspaces/tello-ros2/workspace/src/tello_control'
[0.800s] INFO:colcon.colcon_core.shell:Skip shell extension 'powershell' for command environment: Not usable outside of PowerShell
[0.800s] DEBUG:colcon.colcon_core.shell:Skip shell extension 'dsv' for command environment
[0.844s] DEBUG:colcon.colcon_core.event_handler.log_command:Invoking command in '/workspaces/tello-ros2/workspace/build/tello_msg': CMAKE_PREFIX_PATH=/opt/ros/humble /usr/bin/cmake --build /workspaces/tello-ros2/workspace/build/tello_msg -- -j16 -l16
[0.864s] DEBUG:colcon.colcon_core.event_handler.log_command:Invoking command in '/workspaces/tello-ros2/workspace/build/tello_control': CMAKE_PREFIX_PATH=/opt/ros/humble /usr/bin/cmake --build /workspaces/tello-ros2/workspace/build/tello_control -- -j16 -l16
[1.119s] DEBUG:colcon.colcon_core.event_handler.log_command:Invoked command in '/workspaces/tello-ros2/workspace/build/tello_control' returned '0': CMAKE_PREFIX_PATH=/opt/ros/humble /usr/bin/cmake --build /workspaces/tello-ros2/workspace/build/tello_control -- -j16 -l16
[1.150s] DEBUG:colcon.colcon_core.event_handler.log_command:Invoking command in '/workspaces/tello-ros2/workspace/build/tello_control': CMAKE_PREFIX_PATH=/opt/ros/humble /usr/bin/cmake --install /workspaces/tello-ros2/workspace/build/tello_control
[1.666s] Level 1:colcon.colcon_core.environment:create_environment_scripts_only(tello_control)
[1.667s] DEBUG:colcon.colcon_core.event_handler.log_command:Invoked command in '/workspaces/tello-ros2/workspace/build/tello_control' returned '0': CMAKE_PREFIX_PATH=/opt/ros/humble /usr/bin/cmake --install /workspaces/tello-ros2/workspace/build/tello_control
[1.671s] Level 1:colcon.colcon_core.environment:checking '/workspaces/tello-ros2/workspace/install/tello_control' for CMake module files
[1.740s] Level 1:colcon.colcon_core.environment:checking '/workspaces/tello-ros2/workspace/install/tello_control' for CMake config files
[1.838s] Level 1:colcon.colcon_core.shell:create_environment_hook('tello_control', 'cmake_prefix_path')
[1.838s] INFO:colcon.colcon_core.shell:Creating environment hook '/workspaces/tello-ros2/workspace/install/tello_control/share/tello_control/hook/cmake_prefix_path.ps1'
[1.870s] INFO:colcon.colcon_core.shell:Creating environment descriptor '/workspaces/tello-ros2/workspace/install/tello_control/share/tello_control/hook/cmake_prefix_path.dsv'
[1.890s] INFO:colcon.colcon_core.shell:Creating environment hook '/workspaces/tello-ros2/workspace/install/tello_control/share/tello_control/hook/cmake_prefix_path.sh'
[1.918s] Level 1:colcon.colcon_core.environment:checking '/workspaces/tello-ros2/workspace/install/tello_control/lib'
[1.923s] Level 1:colcon.colcon_core.environment:checking '/workspaces/tello-ros2/workspace/install/tello_control/bin'
[1.924s] Level 1:colcon.colcon_core.environment:checking '/workspaces/tello-ros2/workspace/install/tello_control/lib/pkgconfig/tello_control.pc'
[1.927s] Level 1:colcon.colcon_core.environment:checking '/workspaces/tello-ros2/workspace/install/tello_control/lib/python3.10/site-packages'
[1.930s] Level 1:colcon.colcon_core.environment:checking '/workspaces/tello-ros2/workspace/install/tello_control/bin'
[1.932s] INFO:colcon.colcon_core.shell:Creating package script '/workspaces/tello-ros2/workspace/install/tello_control/share/tello_control/package.ps1'
[1.950s] INFO:colcon.colcon_core.shell:Creating package descriptor '/workspaces/tello-ros2/workspace/install/tello_control/share/tello_control/package.dsv'
[1.968s] INFO:colcon.colcon_core.shell:Creating package script '/workspaces/tello-ros2/workspace/install/tello_control/share/tello_control/package.sh'
[1.987s] INFO:colcon.colcon_core.shell:Creating package script '/workspaces/tello-ros2/workspace/install/tello_control/share/tello_control/package.bash'
[2.005s] INFO:colcon.colcon_core.shell:Creating package script '/workspaces/tello-ros2/workspace/install/tello_control/share/tello_control/package.zsh'
[2.027s] Level 1:colcon.colcon_core.environment:create_file_with_runtime_dependencies(/workspaces/tello-ros2/workspace/install/tello_control/share/colcon-core/packages/tello_control)
[2.076s] Level 1:colcon.colcon_core.environment:create_environment_scripts_only(tello_control)
[2.077s] Level 1:colcon.colcon_core.environment:checking '/workspaces/tello-ros2/workspace/install/tello_control' for CMake module files
[2.258s] Level 1:colcon.colcon_core.environment:checking '/workspaces/tello-ros2/workspace/install/tello_control' for CMake config files
[2.389s] Level 1:colcon.colcon_core.shell:create_environment_hook('tello_control', 'cmake_prefix_path')
[2.390s] INFO:colcon.colcon_core.shell:Creating environment hook '/workspaces/tello-ros2/workspace/install/tello_control/share/tello_control/hook/cmake_prefix_path.ps1'
[2.415s] INFO:colcon.colcon_core.shell:Creating environment descriptor '/workspaces/tello-ros2/workspace/install/tello_control/share/tello_control/hook/cmake_prefix_path.dsv'
[2.440s] INFO:colcon.colcon_core.shell:Creating environment hook '/workspaces/tello-ros2/workspace/install/tello_control/share/tello_control/hook/cmake_prefix_path.sh'
[2.470s] Level 1:colcon.colcon_core.environment:checking '/workspaces/tello-ros2/workspace/install/tello_control/lib'
[2.478s] Level 1:colcon.colcon_core.environment:checking '/workspaces/tello-ros2/workspace/install/tello_control/bin'
[2.479s] Level 1:colcon.colcon_core.environment:checking '/workspaces/tello-ros2/workspace/install/tello_control/lib/pkgconfig/tello_control.pc'
[2.483s] Level 1:colcon.colcon_core.environment:checking '/workspaces/tello-ros2/workspace/install/tello_control/lib/python3.10/site-packages'
[2.487s] Level 1:colcon.colcon_core.environment:checking '/workspaces/tello-ros2/workspace/install/tello_control/bin'
[2.491s] INFO:colcon.colcon_core.shell:Creating package script '/workspaces/tello-ros2/workspace/install/tello_control/share/tello_control/package.ps1'
[2.510s] INFO:colcon.colcon_core.shell:Creating package descriptor '/workspaces/tello-ros2/workspace/install/tello_control/share/tello_control/package.dsv'
[2.526s] INFO:colcon.colcon_core.shell:Creating package script '/workspaces/tello-ros2/workspace/install/tello_control/share/tello_control/package.sh'
[2.546s] INFO:colcon.colcon_core.shell:Creating package script '/workspaces/tello-ros2/workspace/install/tello_control/share/tello_control/package.bash'
[2.571s] INFO:colcon.colcon_core.shell:Creating package script '/workspaces/tello-ros2/workspace/install/tello_control/share/tello_control/package.zsh'
[2.599s] Level 1:colcon.colcon_core.environment:create_file_with_runtime_dependencies(/workspaces/tello-ros2/workspace/install/tello_control/share/colcon-core/packages/tello_control)
[2.633s] DEBUG:colcon.colcon_core.event_handler.log_command:Invoked command in '/workspaces/tello-ros2/workspace/build/tello_msg' returned '0': CMAKE_PREFIX_PATH=/opt/ros/humble /usr/bin/cmake --build /workspaces/tello-ros2/workspace/build/tello_msg -- -j16 -l16
[2.659s] DEBUG:colcon.colcon_core.event_handler.log_command:Invoking command in '/workspaces/tello-ros2/workspace/build/tello_msg': CMAKE_PREFIX_PATH=/opt/ros/humble /usr/bin/cmake --install /workspaces/tello-ros2/workspace/build/tello_msg
[6.847s] Level 1:colcon.colcon_core.environment:create_environment_scripts_only(tello_msg)
[6.848s] Level 1:colcon.colcon_core.environment:checking '/workspaces/tello-ros2/workspace/install/tello_msg' for CMake module files
[6.857s] DEBUG:colcon.colcon_core.event_handler.log_command:Invoked command in '/workspaces/tello-ros2/workspace/build/tello_msg' returned '0': CMAKE_PREFIX_PATH=/opt/ros/humble /usr/bin/cmake --install /workspaces/tello-ros2/workspace/build/tello_msg
[6.988s] Level 1:colcon.colcon_core.environment:checking '/workspaces/tello-ros2/workspace/install/tello_msg' for CMake config files
[7.120s] Level 1:colcon.colcon_core.shell:create_environment_hook('tello_msg', 'cmake_prefix_path')
[7.120s] INFO:colcon.colcon_core.shell:Creating environment hook '/workspaces/tello-ros2/workspace/install/tello_msg/share/tello_msg/hook/cmake_prefix_path.ps1'
[7.131s] INFO:colcon.colcon_core.shell:Creating environment descriptor '/workspaces/tello-ros2/workspace/install/tello_msg/share/tello_msg/hook/cmake_prefix_path.dsv'
[7.141s] INFO:colcon.colcon_core.shell:Creating environment hook '/workspaces/tello-ros2/workspace/install/tello_msg/share/tello_msg/hook/cmake_prefix_path.sh'
[7.153s] Level 1:colcon.colcon_core.environment:checking '/workspaces/tello-ros2/workspace/install/tello_msg/lib'
[7.157s] Level 1:colcon.colcon_core.shell:create_environment_hook('tello_msg', 'ld_library_path_lib')
[7.158s] INFO:colcon.colcon_core.shell:Creating environment hook '/workspaces/tello-ros2/workspace/install/tello_msg/share/tello_msg/hook/ld_library_path_lib.ps1'
[7.166s] INFO:colcon.colcon_core.shell:Creating environment descriptor '/workspaces/tello-ros2/workspace/install/tello_msg/share/tello_msg/hook/ld_library_path_lib.dsv'
[7.177s] INFO:colcon.colcon_core.shell:Creating environment hook '/workspaces/tello-ros2/workspace/install/tello_msg/share/tello_msg/hook/ld_library_path_lib.sh'
[7.188s] Level 1:colcon.colcon_core.environment:checking '/workspaces/tello-ros2/workspace/install/tello_msg/bin'
[7.188s] Level 1:colcon.colcon_core.environment:checking '/workspaces/tello-ros2/workspace/install/tello_msg/lib/pkgconfig/tello_msg.pc'
[7.189s] Level 1:colcon.colcon_core.environment:checking '/workspaces/tello-ros2/workspace/install/tello_msg/lib/python3.10/site-packages'
[7.190s] Level 1:colcon.colcon_core.environment:checking '/workspaces/tello-ros2/workspace/install/tello_msg/bin'
[7.191s] INFO:colcon.colcon_core.shell:Creating package script '/workspaces/tello-ros2/workspace/install/tello_msg/share/tello_msg/package.ps1'
[7.200s] INFO:colcon.colcon_core.shell:Creating package descriptor '/workspaces/tello-ros2/workspace/install/tello_msg/share/tello_msg/package.dsv'
[7.211s] INFO:colcon.colcon_core.shell:Creating package script '/workspaces/tello-ros2/workspace/install/tello_msg/share/tello_msg/package.sh'
[7.220s] INFO:colcon.colcon_core.shell:Creating package script '/workspaces/tello-ros2/workspace/install/tello_msg/share/tello_msg/package.bash'
[7.227s] INFO:colcon.colcon_core.shell:Creating package script '/workspaces/tello-ros2/workspace/install/tello_msg/share/tello_msg/package.zsh'
[7.236s] Level 1:colcon.colcon_core.environment:create_file_with_runtime_dependencies(/workspaces/tello-ros2/workspace/install/tello_msg/share/colcon-core/packages/tello_msg)
[7.254s] Level 1:colcon.colcon_core.environment:create_environment_scripts_only(tello_msg)
[7.254s] Level 1:colcon.colcon_core.environment:checking '/workspaces/tello-ros2/workspace/install/tello_msg' for CMake module files
[7.411s] Level 1:colcon.colcon_core.environment:checking '/workspaces/tello-ros2/workspace/install/tello_msg' for CMake config files
[7.682s] Level 1:colcon.colcon_core.shell:create_environment_hook('tello_msg', 'cmake_prefix_path')
[7.683s] INFO:colcon.colcon_core.shell:Creating environment hook '/workspaces/tello-ros2/workspace/install/tello_msg/share/tello_msg/hook/cmake_prefix_path.ps1'
[7.695s] INFO:colcon.colcon_core.shell:Creating environment descriptor '/workspaces/tello-ros2/workspace/install/tello_msg/share/tello_msg/hook/cmake_prefix_path.dsv'
[7.703s] INFO:colcon.colcon_core.shell:Creating environment hook '/workspaces/tello-ros2/workspace/install/tello_msg/share/tello_msg/hook/cmake_prefix_path.sh'
[7.718s] Level 1:colcon.colcon_core.environment:checking '/workspaces/tello-ros2/workspace/install/tello_msg/lib'
[7.722s] Level 1:colcon.colcon_core.shell:create_environment_hook('tello_msg', 'ld_library_path_lib')
[7.722s] INFO:colcon.colcon_core.shell:Creating environment hook '/workspaces/tello-ros2/workspace/install/tello_msg/share/tello_msg/hook/ld_library_path_lib.ps1'
[7.734s] INFO:colcon.colcon_core.shell:Creating environment descriptor '/workspaces/tello-ros2/workspace/install/tello_msg/share/tello_msg/hook/ld_library_path_lib.dsv'
[7.745s] INFO:colcon.colcon_core.shell:Creating environment hook '/workspaces/tello-ros2/workspace/install/tello_msg/share/tello_msg/hook/ld_library_path_lib.sh'
[7.755s] Level 1:colcon.colcon_core.environment:checking '/workspaces/tello-ros2/workspace/install/tello_msg/bin'
[7.756s] Level 1:colcon.colcon_core.environment:checking '/workspaces/tello-ros2/workspace/install/tello_msg/lib/pkgconfig/tello_msg.pc'
[7.757s] Level 1:colcon.colcon_core.environment:checking '/workspaces/tello-ros2/workspace/install/tello_msg/lib/python3.10/site-packages'
[7.758s] Level 1:colcon.colcon_core.environment:checking '/workspaces/tello-ros2/workspace/install/tello_msg/bin'
[7.760s] INFO:colcon.colcon_core.shell:Creating package script '/workspaces/tello-ros2/workspace/install/tello_msg/share/tello_msg/package.ps1'
[7.766s] INFO:colcon.colcon_core.shell:Creating package descriptor '/workspaces/tello-ros2/workspace/install/tello_msg/share/tello_msg/package.dsv'
[7.778s] INFO:colcon.colcon_core.shell:Creating package script '/workspaces/tello-ros2/workspace/install/tello_msg/share/tello_msg/package.sh'
[7.786s] INFO:colcon.colcon_core.shell:Creating package script '/workspaces/tello-ros2/workspace/install/tello_msg/share/tello_msg/package.bash'
[7.797s] INFO:colcon.colcon_core.shell:Creating package script '/workspaces/tello-ros2/workspace/install/tello_msg/share/tello_msg/package.zsh'
[7.807s] Level 1:colcon.colcon_core.environment:create_file_with_runtime_dependencies(/workspaces/tello-ros2/workspace/install/tello_msg/share/colcon-core/packages/tello_msg)
[7.814s] INFO:colcon.colcon_ros.task.ament_python.build:Building ROS package in '/workspaces/tello-ros2/workspace/src/tello' with build type 'ament_python'
[7.815s] Level 1:colcon.colcon_core.shell:create_environment_hook('tello', 'ament_prefix_path')
[7.815s] INFO:colcon.colcon_core.shell:Creating environment hook '/workspaces/tello-ros2/workspace/install/tello/share/tello/hook/ament_prefix_path.ps1'
[7.827s] INFO:colcon.colcon_core.shell:Creating environment descriptor '/workspaces/tello-ros2/workspace/install/tello/share/tello/hook/ament_prefix_path.dsv'
[7.840s] INFO:colcon.colcon_core.shell:Creating environment hook '/workspaces/tello-ros2/workspace/install/tello/share/tello/hook/ament_prefix_path.sh'
[7.851s] INFO:colcon.colcon_core.shell:Skip shell extension 'powershell' for command environment: Not usable outside of PowerShell
[7.851s] DEBUG:colcon.colcon_core.shell:Skip shell extension 'dsv' for command environment
[8.512s] INFO:colcon.colcon_core.task.python.build:Building Python package in '/workspaces/tello-ros2/workspace/src/tello'
[8.512s] INFO:colcon.colcon_core.shell:Skip shell extension 'powershell' for command environment: Not usable outside of PowerShell
[8.513s] DEBUG:colcon.colcon_core.shell:Skip shell extension 'dsv' for command environment
[9.831s] DEBUG:colcon.colcon_core.event_handler.log_command:Invoking command in '/workspaces/tello-ros2/workspace/src/tello': AMENT_PREFIX_PATH=/workspaces/tello-ros2/workspace/install/tello_msg:${AMENT_PREFIX_PATH} CMAKE_PREFIX_PATH=/workspaces/tello-ros2/workspace/install/tello_msg LD_LIBRARY_PATH=/workspaces/tello-ros2/workspace/install/tello_msg/lib:${LD_LIBRARY_PATH} PYTHONPATH=/workspaces/tello-ros2/workspace/build/tello/prefix_override:/usr/lib/python3/dist-packages/colcon_core/task/python/colcon_distutils_commands:/workspaces/tello-ros2/workspace/install/tello/lib/python3.10/site-packages:/workspaces/tello-ros2/workspace/install/tello_msg/local/lib/python3.10/dist-packages:${PYTHONPATH} /usr/bin/python3 -W ignore:setup.py install is deprecated -W ignore:easy_install command is deprecated setup.py egg_info --egg-base ../../build/tello build --build-base /workspaces/tello-ros2/workspace/build/tello/build install --record /workspaces/tello-ros2/workspace/build/tello/install.log --install-scripts $base/lib/tello --single-version-externally-managed install_data
[11.658s] Level 1:colcon.colcon_core.environment:checking '/workspaces/tello-ros2/workspace/install/tello' for CMake module files
[11.660s] DEBUG:colcon.colcon_core.event_handler.log_command:Invoked command in '/workspaces/tello-ros2/workspace/src/tello' returned '0': AMENT_PREFIX_PATH=/workspaces/tello-ros2/workspace/install/tello_msg:${AMENT_PREFIX_PATH} CMAKE_PREFIX_PATH=/workspaces/tello-ros2/workspace/install/tello_msg LD_LIBRARY_PATH=/workspaces/tello-ros2/workspace/install/tello_msg/lib:${LD_LIBRARY_PATH} PYTHONPATH=/workspaces/tello-ros2/workspace/build/tello/prefix_override:/usr/lib/python3/dist-packages/colcon_core/task/python/colcon_distutils_commands:/workspaces/tello-ros2/workspace/install/tello/lib/python3.10/site-packages:/workspaces/tello-ros2/workspace/install/tello_msg/local/lib/python3.10/dist-packages:${PYTHONPATH} /usr/bin/python3 -W ignore:setup.py install is deprecated -W ignore:easy_install command is deprecated setup.py egg_info --egg-base ../../build/tello build --build-base /workspaces/tello-ros2/workspace/build/tello/build install --record /workspaces/tello-ros2/workspace/build/tello/install.log --install-scripts $base/lib/tello --single-version-externally-managed install_data
[11.703s] Level 1:colcon.colcon_core.environment:checking '/workspaces/tello-ros2/workspace/install/tello' for CMake config files
[11.763s] Level 1:colcon.colcon_core.environment:checking '/workspaces/tello-ros2/workspace/install/tello/lib'
[11.767s] Level 1:colcon.colcon_core.environment:checking '/workspaces/tello-ros2/workspace/install/tello/bin'
[11.768s] Level 1:colcon.colcon_core.environment:checking '/workspaces/tello-ros2/workspace/install/tello/lib/pkgconfig/tello.pc'
[11.769s] Level 1:colcon.colcon_core.environment:checking '/workspaces/tello-ros2/workspace/install/tello/lib/python3.10/site-packages'
[11.771s] Level 1:colcon.colcon_core.shell:create_environment_hook('tello', 'pythonpath')
[11.772s] INFO:colcon.colcon_core.shell:Creating environment hook '/workspaces/tello-ros2/workspace/install/tello/share/tello/hook/pythonpath.ps1'
[11.783s] INFO:colcon.colcon_core.shell:Creating environment descriptor '/workspaces/tello-ros2/workspace/install/tello/share/tello/hook/pythonpath.dsv'
[11.792s] INFO:colcon.colcon_core.shell:Creating environment hook '/workspaces/tello-ros2/workspace/install/tello/share/tello/hook/pythonpath.sh'
[11.802s] Level 1:colcon.colcon_core.environment:checking '/workspaces/tello-ros2/workspace/install/tello/bin'
[11.803s] Level 1:colcon.colcon_core.environment:create_environment_scripts_only(tello)
[11.804s] INFO:colcon.colcon_core.shell:Creating package script '/workspaces/tello-ros2/workspace/install/tello/share/tello/package.ps1'
[11.812s] INFO:colcon.colcon_core.shell:Creating package descriptor '/workspaces/tello-ros2/workspace/install/tello/share/tello/package.dsv'
[11.819s] INFO:colcon.colcon_core.shell:Creating package script '/workspaces/tello-ros2/workspace/install/tello/share/tello/package.sh'
[11.827s] INFO:colcon.colcon_core.shell:Creating package script '/workspaces/tello-ros2/workspace/install/tello/share/tello/package.bash'
[11.837s] INFO:colcon.colcon_core.shell:Creating package script '/workspaces/tello-ros2/workspace/install/tello/share/tello/package.zsh'
[11.847s] Level 1:colcon.colcon_core.environment:create_file_with_runtime_dependencies(/workspaces/tello-ros2/workspace/install/tello/share/colcon-core/packages/tello)
[11.853s] DEBUG:colcon.colcon_parallel_executor.executor.parallel:closing loop
[11.854s] DEBUG:colcon.colcon_parallel_executor.executor.parallel:loop closed
[11.854s] DEBUG:colcon.colcon_parallel_executor.executor.parallel:run_until_complete finished with '0'
[11.854s] DEBUG:colcon.colcon_core.event_reactor:joining thread
[11.877s] INFO:colcon.colcon_core.plugin_system:Skipping extension 'colcon_notification.desktop_notification.notify_send': Could not find 'notify-send'
[11.877s] INFO:colcon.colcon_core.plugin_system:Skipping extension 'colcon_notification.desktop_notification.terminal_notifier': Not used on non-Darwin systems
[11.878s] INFO:colcon.colcon_core.plugin_system:Skipping extension 'colcon_notification.desktop_notification.win32': Not used on non-Windows systems
[11.878s] INFO:colcon.colcon_notification.desktop_notification:Sending desktop notification using 'notify2'
[11.881s] DEBUG:colcon.colcon_notification.desktop_notification.notify2:Failed to initialize notify2: org.freedesktop.DBus.Error.Spawn.ExecFailed: /usr/bin/dbus-launch terminated abnormally without any error message
[11.881s] DEBUG:colcon.colcon_core.event_reactor:joined thread
[11.882s] INFO:colcon.colcon_core.shell:Creating prefix script '/workspaces/tello-ros2/workspace/install/local_setup.ps1'
[11.890s] INFO:colcon.colcon_core.shell:Creating prefix util module '/workspaces/tello-ros2/workspace/install/_local_setup_util_ps1.py'
[11.897s] INFO:colcon.colcon_core.shell:Creating prefix chain script '/workspaces/tello-ros2/workspace/install/setup.ps1'
[11.901s] INFO:colcon.colcon_core.shell:Creating prefix script '/workspaces/tello-ros2/workspace/install/local_setup.sh'
[11.905s] INFO:colcon.colcon_core.shell:Creating prefix util module '/workspaces/tello-ros2/workspace/install/_local_setup_util_sh.py'
[11.909s] INFO:colcon.colcon_core.shell:Creating prefix chain script '/workspaces/tello-ros2/workspace/install/setup.sh'
[11.914s] INFO:colcon.colcon_core.shell:Creating prefix script '/workspaces/tello-ros2/workspace/install/local_setup.bash'
[11.919s] INFO:colcon.colcon_core.shell:Creating prefix chain script '/workspaces/tello-ros2/workspace/install/setup.bash'
[11.923s] INFO:colcon.colcon_core.shell:Creating prefix script '/workspaces/tello-ros2/workspace/install/local_setup.zsh'
[11.928s] INFO:colcon.colcon_core.shell:Creating prefix chain script '/workspaces/tello-ros2/workspace/install/setup.zsh'
