[0.104s] Invoking command in '/workspaces/tello-ros2/workspace/build/tello_msg': CMAKE_PREFIX_PATH=/opt/ros/humble /usr/bin/cmake --build /workspaces/tello-ros2/workspace/build/tello_msg -- -j16 -l16
[0.728s] [  2%] Built target tello_msg__cpp
[0.818s] [35m[1mConsolidate compiler generated dependencies of target tello_msg__rosidl_generator_c[0m
[0.940s] [35m[1mConsolidate compiler generated dependencies of target tello_msg__rosidl_typesupport_cpp[0m
[1.023s] [35m[1mConsolidate compiler generated dependencies of target tello_msg__rosidl_typesupport_introspection_cpp[0m
[1.048s] [35m[1mConsolidate compiler generated dependencies of target tello_msg__rosidl_typesupport_fastrtps_cpp[0m
[1.393s] [ 12%] Built target tello_msg__rosidl_generator_c
[1.625s] [35m[1mConsolidate compiler generated dependencies of target tello_msg__rosidl_typesupport_c[0m
[1.720s] [35m[1mConsolidate compiler generated dependencies of target tello_msg__rosidl_typesupport_introspection_c[0m
[1.732s] [35m[1mConsolidate compiler generated dependencies of target tello_msg__rosidl_typesupport_fastrtps_c[0m
[1.949s] [ 23%] Built target tello_msg__rosidl_typesupport_cpp
[2.061s] [ 44%] Built target tello_msg__rosidl_typesupport_c
[2.064s] [ 44%] Built target tello_msg__rosidl_typesupport_introspection_cpp
[2.198s] [ 55%] Built target tello_msg__rosidl_typesupport_fastrtps_cpp
[2.200s] [ 55%] Built target ament_cmake_python_copy_tello_msg
[2.274s] [ 65%] Built target tello_msg__rosidl_typesupport_introspection_c
[2.576s] [ 76%] Built target tello_msg__rosidl_typesupport_fastrtps_c
[2.577s] running egg_info
[2.580s] writing tello_msg.egg-info/PKG-INFO
[2.584s] writing dependency_links to tello_msg.egg-info/dependency_links.txt
[2.595s] writing top-level names to tello_msg.egg-info/top_level.txt
[2.645s] reading manifest file 'tello_msg.egg-info/SOURCES.txt'
[2.662s] [ 76%] Built target tello_msg
[2.708s] writing manifest file 'tello_msg.egg-info/SOURCES.txt'
[2.745s] [ 76%] Built target ament_cmake_python_build_tello_msg_egg
[2.862s] [ 78%] Built target tello_msg__py
[2.954s] [35m[1mConsolidate compiler generated dependencies of target tello_msg__rosidl_generator_py[0m
[3.654s] [ 87%] Built target tello_msg__rosidl_generator_py
[3.725s] [35m[1mConsolidate compiler generated dependencies of target tello_msg__rosidl_typesupport_c__pyext[0m
[3.729s] [35m[1mConsolidate compiler generated dependencies of target tello_msg__rosidl_typesupport_fastrtps_c__pyext[0m
[3.732s] [35m[1mConsolidate compiler generated dependencies of target tello_msg__rosidl_typesupport_introspection_c__pyext[0m
[4.198s] [ 95%] Built target tello_msg__rosidl_typesupport_c__pyext
[4.200s] [ 95%] Built target tello_msg__rosidl_typesupport_fastrtps_c__pyext
[4.245s] [100%] Built target tello_msg__rosidl_typesupport_introspection_c__pyext
[4.582s] Invoked command in '/workspaces/tello-ros2/workspace/build/tello_msg' returned '0': CMAKE_PREFIX_PATH=/opt/ros/humble /usr/bin/cmake --build /workspaces/tello-ros2/workspace/build/tello_msg -- -j16 -l16
[4.650s] Invoking command in '/workspaces/tello-ros2/workspace/build/tello_msg': CMAKE_PREFIX_PATH=/opt/ros/humble /usr/bin/cmake --install /workspaces/tello-ros2/workspace/build/tello_msg
[4.669s] -- Install configuration: ""
[4.733s] -- Up-to-date: /workspaces/tello-ros2/workspace/install/tello_msg/share/ament_index/resource_index/rosidl_interfaces/tello_msg
[4.760s] -- Up-to-date: /workspaces/tello-ros2/workspace/install/tello_msg/include/tello_msg/tello_msg
[4.805s] -- Up-to-date: /workspaces/tello-ros2/workspace/install/tello_msg/include/tello_msg/tello_msg/msg
[4.853s] -- Up-to-date: /workspaces/tello-ros2/workspace/install/tello_msg/include/tello_msg/tello_msg/msg/detail
[4.908s] -- Up-to-date: /workspaces/tello-ros2/workspace/install/tello_msg/include/tello_msg/tello_msg/msg/detail/tello_id__functions.c
[4.933s] -- Up-to-date: /workspaces/tello-ros2/workspace/install/tello_msg/include/tello_msg/tello_msg/msg/detail/tello_id__functions.h
[4.974s] -- Up-to-date: /workspaces/tello-ros2/workspace/install/tello_msg/include/tello_msg/tello_msg/msg/detail/tello_id__struct.h
[5.035s] -- Up-to-date: /workspaces/tello-ros2/workspace/install/tello_msg/include/tello_msg/tello_msg/msg/detail/tello_id__type_support.h
[5.075s] -- Up-to-date: /workspaces/tello-ros2/workspace/install/tello_msg/include/tello_msg/tello_msg/msg/detail/tello_status__functions.c
[5.124s] -- Up-to-date: /workspaces/tello-ros2/workspace/install/tello_msg/include/tello_msg/tello_msg/msg/detail/tello_status__functions.h
[5.187s] -- Up-to-date: /workspaces/tello-ros2/workspace/install/tello_msg/include/tello_msg/tello_msg/msg/detail/tello_status__struct.h
[5.226s] -- Up-to-date: /workspaces/tello-ros2/workspace/install/tello_msg/include/tello_msg/tello_msg/msg/detail/tello_status__type_support.h
[5.279s] -- Up-to-date: /workspaces/tello-ros2/workspace/install/tello_msg/include/tello_msg/tello_msg/msg/detail/tello_wifi_config__functions.c
[5.331s] -- Up-to-date: /workspaces/tello-ros2/workspace/install/tello_msg/include/tello_msg/tello_msg/msg/detail/tello_wifi_config__functions.h
[5.373s] -- Up-to-date: /workspaces/tello-ros2/workspace/install/tello_msg/include/tello_msg/tello_msg/msg/detail/tello_wifi_config__struct.h
[5.418s] -- Up-to-date: /workspaces/tello-ros2/workspace/install/tello_msg/include/tello_msg/tello_msg/msg/detail/tello_wifi_config__type_support.h
[5.466s] -- Up-to-date: /workspaces/tello-ros2/workspace/install/tello_msg/include/tello_msg/tello_msg/msg/rosidl_generator_c__visibility_control.h
[5.495s] -- Up-to-date: /workspaces/tello-ros2/workspace/install/tello_msg/include/tello_msg/tello_msg/msg/tello_id.h
[5.549s] -- Up-to-date: /workspaces/tello-ros2/workspace/install/tello_msg/include/tello_msg/tello_msg/msg/tello_status.h
[5.605s] -- Up-to-date: /workspaces/tello-ros2/workspace/install/tello_msg/include/tello_msg/tello_msg/msg/tello_wifi_config.h
[5.676s] -- Up-to-date: /workspaces/tello-ros2/workspace/install/tello_msg/share/tello_msg/environment/library_path.sh
[5.720s] -- Up-to-date: /workspaces/tello-ros2/workspace/install/tello_msg/share/tello_msg/environment/library_path.dsv
[5.800s] -- Up-to-date: /workspaces/tello-ros2/workspace/install/tello_msg/lib/libtello_msg__rosidl_generator_c.so
[5.883s] -- Up-to-date: /workspaces/tello-ros2/workspace/install/tello_msg/include/tello_msg/tello_msg
[5.925s] -- Up-to-date: /workspaces/tello-ros2/workspace/install/tello_msg/include/tello_msg/tello_msg/msg
[5.966s] -- Up-to-date: /workspaces/tello-ros2/workspace/install/tello_msg/include/tello_msg/tello_msg/msg/detail
[6.049s] -- Up-to-date: /workspaces/tello-ros2/workspace/install/tello_msg/include/tello_msg/tello_msg/msg/detail/tello_id__rosidl_typesupport_fastrtps_c.h
[6.101s] -- Up-to-date: /workspaces/tello-ros2/workspace/install/tello_msg/include/tello_msg/tello_msg/msg/detail/tello_status__rosidl_typesupport_fastrtps_c.h
[6.139s] -- Up-to-date: /workspaces/tello-ros2/workspace/install/tello_msg/include/tello_msg/tello_msg/msg/detail/tello_wifi_config__rosidl_typesupport_fastrtps_c.h
[6.191s] -- Up-to-date: /workspaces/tello-ros2/workspace/install/tello_msg/include/tello_msg/tello_msg/msg/rosidl_typesupport_fastrtps_c__visibility_control.h
[6.286s] -- Up-to-date: /workspaces/tello-ros2/workspace/install/tello_msg/lib/libtello_msg__rosidl_typesupport_fastrtps_c.so
[6.391s] -- Up-to-date: /workspaces/tello-ros2/workspace/install/tello_msg/include/tello_msg/tello_msg
[6.434s] -- Up-to-date: /workspaces/tello-ros2/workspace/install/tello_msg/include/tello_msg/tello_msg/msg
[6.508s] -- Up-to-date: /workspaces/tello-ros2/workspace/install/tello_msg/include/tello_msg/tello_msg/msg/detail
[6.586s] -- Up-to-date: /workspaces/tello-ros2/workspace/install/tello_msg/include/tello_msg/tello_msg/msg/detail/tello_id__rosidl_typesupport_introspection_c.h
[6.632s] -- Up-to-date: /workspaces/tello-ros2/workspace/install/tello_msg/include/tello_msg/tello_msg/msg/detail/tello_id__type_support.c
[6.676s] -- Up-to-date: /workspaces/tello-ros2/workspace/install/tello_msg/include/tello_msg/tello_msg/msg/detail/tello_status__rosidl_typesupport_introspection_c.h
[6.719s] -- Up-to-date: /workspaces/tello-ros2/workspace/install/tello_msg/include/tello_msg/tello_msg/msg/detail/tello_status__type_support.c
[6.762s] -- Up-to-date: /workspaces/tello-ros2/workspace/install/tello_msg/include/tello_msg/tello_msg/msg/detail/tello_wifi_config__rosidl_typesupport_introspection_c.h
[6.813s] -- Up-to-date: /workspaces/tello-ros2/workspace/install/tello_msg/include/tello_msg/tello_msg/msg/detail/tello_wifi_config__type_support.c
[6.840s] -- Up-to-date: /workspaces/tello-ros2/workspace/install/tello_msg/include/tello_msg/tello_msg/msg/rosidl_typesupport_introspection_c__visibility_control.h
[6.883s] -- Up-to-date: /workspaces/tello-ros2/workspace/install/tello_msg/lib/libtello_msg__rosidl_typesupport_introspection_c.so
[7.009s] -- Up-to-date: /workspaces/tello-ros2/workspace/install/tello_msg/lib/libtello_msg__rosidl_typesupport_c.so
[7.071s] -- Up-to-date: /workspaces/tello-ros2/workspace/install/tello_msg/include/tello_msg/tello_msg
[7.112s] -- Up-to-date: /workspaces/tello-ros2/workspace/install/tello_msg/include/tello_msg/tello_msg/msg
[7.149s] -- Up-to-date: /workspaces/tello-ros2/workspace/install/tello_msg/include/tello_msg/tello_msg/msg/detail
[7.195s] -- Up-to-date: /workspaces/tello-ros2/workspace/install/tello_msg/include/tello_msg/tello_msg/msg/detail/tello_id__builder.hpp
[7.264s] -- Up-to-date: /workspaces/tello-ros2/workspace/install/tello_msg/include/tello_msg/tello_msg/msg/detail/tello_id__struct.hpp
[7.320s] -- Up-to-date: /workspaces/tello-ros2/workspace/install/tello_msg/include/tello_msg/tello_msg/msg/detail/tello_id__traits.hpp
[7.376s] -- Up-to-date: /workspaces/tello-ros2/workspace/install/tello_msg/include/tello_msg/tello_msg/msg/detail/tello_status__builder.hpp
[7.411s] -- Up-to-date: /workspaces/tello-ros2/workspace/install/tello_msg/include/tello_msg/tello_msg/msg/detail/tello_status__struct.hpp
[7.465s] -- Up-to-date: /workspaces/tello-ros2/workspace/install/tello_msg/include/tello_msg/tello_msg/msg/detail/tello_status__traits.hpp
[7.524s] -- Up-to-date: /workspaces/tello-ros2/workspace/install/tello_msg/include/tello_msg/tello_msg/msg/detail/tello_wifi_config__builder.hpp
[7.593s] -- Up-to-date: /workspaces/tello-ros2/workspace/install/tello_msg/include/tello_msg/tello_msg/msg/detail/tello_wifi_config__struct.hpp
[7.661s] -- Up-to-date: /workspaces/tello-ros2/workspace/install/tello_msg/include/tello_msg/tello_msg/msg/detail/tello_wifi_config__traits.hpp
[7.698s] -- Up-to-date: /workspaces/tello-ros2/workspace/install/tello_msg/include/tello_msg/tello_msg/msg/tello_id.hpp
[7.736s] -- Up-to-date: /workspaces/tello-ros2/workspace/install/tello_msg/include/tello_msg/tello_msg/msg/tello_status.hpp
[7.773s] -- Up-to-date: /workspaces/tello-ros2/workspace/install/tello_msg/include/tello_msg/tello_msg/msg/tello_wifi_config.hpp
[7.811s] -- Up-to-date: /workspaces/tello-ros2/workspace/install/tello_msg/include/tello_msg/tello_msg
[7.863s] -- Up-to-date: /workspaces/tello-ros2/workspace/install/tello_msg/include/tello_msg/tello_msg/msg
[7.919s] -- Up-to-date: /workspaces/tello-ros2/workspace/install/tello_msg/include/tello_msg/tello_msg/msg/detail
[7.973s] -- Up-to-date: /workspaces/tello-ros2/workspace/install/tello_msg/include/tello_msg/tello_msg/msg/detail/dds_fastrtps
[8.063s] -- Up-to-date: /workspaces/tello-ros2/workspace/install/tello_msg/include/tello_msg/tello_msg/msg/detail/tello_id__rosidl_typesupport_fastrtps_cpp.hpp
[8.129s] -- Up-to-date: /workspaces/tello-ros2/workspace/install/tello_msg/include/tello_msg/tello_msg/msg/detail/tello_status__rosidl_typesupport_fastrtps_cpp.hpp
[8.172s] -- Up-to-date: /workspaces/tello-ros2/workspace/install/tello_msg/include/tello_msg/tello_msg/msg/detail/tello_wifi_config__rosidl_typesupport_fastrtps_cpp.hpp
[8.230s] -- Up-to-date: /workspaces/tello-ros2/workspace/install/tello_msg/include/tello_msg/tello_msg/msg/rosidl_typesupport_fastrtps_cpp__visibility_control.h
[8.325s] -- Up-to-date: /workspaces/tello-ros2/workspace/install/tello_msg/lib/libtello_msg__rosidl_typesupport_fastrtps_cpp.so
[8.403s] -- Up-to-date: /workspaces/tello-ros2/workspace/install/tello_msg/include/tello_msg/tello_msg
[8.446s] -- Up-to-date: /workspaces/tello-ros2/workspace/install/tello_msg/include/tello_msg/tello_msg/msg
[8.514s] -- Up-to-date: /workspaces/tello-ros2/workspace/install/tello_msg/include/tello_msg/tello_msg/msg/detail
[8.610s] -- Up-to-date: /workspaces/tello-ros2/workspace/install/tello_msg/include/tello_msg/tello_msg/msg/detail/tello_id__rosidl_typesupport_introspection_cpp.hpp
[8.667s] -- Up-to-date: /workspaces/tello-ros2/workspace/install/tello_msg/include/tello_msg/tello_msg/msg/detail/tello_id__type_support.cpp
[8.748s] -- Up-to-date: /workspaces/tello-ros2/workspace/install/tello_msg/include/tello_msg/tello_msg/msg/detail/tello_status__rosidl_typesupport_introspection_cpp.hpp
[8.818s] -- Up-to-date: /workspaces/tello-ros2/workspace/install/tello_msg/include/tello_msg/tello_msg/msg/detail/tello_status__type_support.cpp
[8.873s] -- Up-to-date: /workspaces/tello-ros2/workspace/install/tello_msg/include/tello_msg/tello_msg/msg/detail/tello_wifi_config__rosidl_typesupport_introspection_cpp.hpp
[8.922s] -- Up-to-date: /workspaces/tello-ros2/workspace/install/tello_msg/include/tello_msg/tello_msg/msg/detail/tello_wifi_config__type_support.cpp
[8.993s] -- Up-to-date: /workspaces/tello-ros2/workspace/install/tello_msg/lib/libtello_msg__rosidl_typesupport_introspection_cpp.so
[9.113s] -- Up-to-date: /workspaces/tello-ros2/workspace/install/tello_msg/lib/libtello_msg__rosidl_typesupport_cpp.so
[9.254s] -- Up-to-date: /workspaces/tello-ros2/workspace/install/tello_msg/share/tello_msg/environment/pythonpath.sh
[9.307s] -- Up-to-date: /workspaces/tello-ros2/workspace/install/tello_msg/share/tello_msg/environment/pythonpath.dsv
[9.349s] -- Up-to-date: /workspaces/tello-ros2/workspace/install/tello_msg/local/lib/python3.10/dist-packages/tello_msg-0.0.1-py3.10.egg-info
[9.397s] -- Installing: /workspaces/tello-ros2/workspace/install/tello_msg/local/lib/python3.10/dist-packages/tello_msg-0.0.1-py3.10.egg-info/dependency_links.txt
[9.578s] -- Installing: /workspaces/tello-ros2/workspace/install/tello_msg/local/lib/python3.10/dist-packages/tello_msg-0.0.1-py3.10.egg-info/PKG-INFO
[9.784s] -- Installing: /workspaces/tello-ros2/workspace/install/tello_msg/local/lib/python3.10/dist-packages/tello_msg-0.0.1-py3.10.egg-info/SOURCES.txt
[9.961s] -- Installing: /workspaces/tello-ros2/workspace/install/tello_msg/local/lib/python3.10/dist-packages/tello_msg-0.0.1-py3.10.egg-info/top_level.txt
[10.098s] -- Up-to-date: /workspaces/tello-ros2/workspace/install/tello_msg/local/lib/python3.10/dist-packages/tello_msg
[10.133s] -- Up-to-date: /workspaces/tello-ros2/workspace/install/tello_msg/local/lib/python3.10/dist-packages/tello_msg/libtello_msg__rosidl_generator_py.so
[10.150s] -- Up-to-date: /workspaces/tello-ros2/workspace/install/tello_msg/local/lib/python3.10/dist-packages/tello_msg/msg
[10.210s] -- Up-to-date: /workspaces/tello-ros2/workspace/install/tello_msg/local/lib/python3.10/dist-packages/tello_msg/msg/_tello_id.py
[10.274s] -- Up-to-date: /workspaces/tello-ros2/workspace/install/tello_msg/local/lib/python3.10/dist-packages/tello_msg/msg/_tello_id_s.c
[10.335s] -- Up-to-date: /workspaces/tello-ros2/workspace/install/tello_msg/local/lib/python3.10/dist-packages/tello_msg/msg/_tello_status.py
[10.375s] -- Up-to-date: /workspaces/tello-ros2/workspace/install/tello_msg/local/lib/python3.10/dist-packages/tello_msg/msg/_tello_status_s.c
[10.429s] -- Up-to-date: /workspaces/tello-ros2/workspace/install/tello_msg/local/lib/python3.10/dist-packages/tello_msg/msg/_tello_wifi_config.py
[10.485s] -- Up-to-date: /workspaces/tello-ros2/workspace/install/tello_msg/local/lib/python3.10/dist-packages/tello_msg/msg/_tello_wifi_config_s.c
[10.536s] -- Up-to-date: /workspaces/tello-ros2/workspace/install/tello_msg/local/lib/python3.10/dist-packages/tello_msg/msg/__init__.py
[10.572s] -- Up-to-date: /workspaces/tello-ros2/workspace/install/tello_msg/local/lib/python3.10/dist-packages/tello_msg/tello_msg_s__rosidl_typesupport_c.cpython-310-x86_64-linux-gnu.so
[10.605s] -- Up-to-date: /workspaces/tello-ros2/workspace/install/tello_msg/local/lib/python3.10/dist-packages/tello_msg/tello_msg_s__rosidl_typesupport_fastrtps_c.cpython-310-x86_64-linux-gnu.so
[10.636s] -- Up-to-date: /workspaces/tello-ros2/workspace/install/tello_msg/local/lib/python3.10/dist-packages/tello_msg/tello_msg_s__rosidl_typesupport_introspection_c.cpython-310-x86_64-linux-gnu.so
[10.666s] -- Up-to-date: /workspaces/tello-ros2/workspace/install/tello_msg/local/lib/python3.10/dist-packages/tello_msg/_tello_msg_s.ep.rosidl_typesupport_c.c
[10.704s] -- Up-to-date: /workspaces/tello-ros2/workspace/install/tello_msg/local/lib/python3.10/dist-packages/tello_msg/_tello_msg_s.ep.rosidl_typesupport_fastrtps_c.c
[10.750s] -- Up-to-date: /workspaces/tello-ros2/workspace/install/tello_msg/local/lib/python3.10/dist-packages/tello_msg/_tello_msg_s.ep.rosidl_typesupport_introspection_c.c
[10.803s] -- Up-to-date: /workspaces/tello-ros2/workspace/install/tello_msg/local/lib/python3.10/dist-packages/tello_msg/__init__.py
[11.247s] Listing '/workspaces/tello-ros2/workspace/install/tello_msg/local/lib/python3.10/dist-packages/tello_msg'...
[11.249s] Listing '/workspaces/tello-ros2/workspace/install/tello_msg/local/lib/python3.10/dist-packages/tello_msg/msg'...
[11.335s] -- Up-to-date: /workspaces/tello-ros2/workspace/install/tello_msg/local/lib/python3.10/dist-packages/tello_msg/tello_msg_s__rosidl_typesupport_fastrtps_c.cpython-310-x86_64-linux-gnu.so
[11.568s] -- Up-to-date: /workspaces/tello-ros2/workspace/install/tello_msg/local/lib/python3.10/dist-packages/tello_msg/tello_msg_s__rosidl_typesupport_introspection_c.cpython-310-x86_64-linux-gnu.so
[11.799s] -- Up-to-date: /workspaces/tello-ros2/workspace/install/tello_msg/local/lib/python3.10/dist-packages/tello_msg/tello_msg_s__rosidl_typesupport_c.cpython-310-x86_64-linux-gnu.so
[12.006s] -- Up-to-date: /workspaces/tello-ros2/workspace/install/tello_msg/lib/libtello_msg__rosidl_generator_py.so
[12.102s] -- Up-to-date: /workspaces/tello-ros2/workspace/install/tello_msg/share/tello_msg/msg/TelloStatus.idl
[12.150s] -- Up-to-date: /workspaces/tello-ros2/workspace/install/tello_msg/share/tello_msg/msg/TelloID.idl
[12.192s] -- Up-to-date: /workspaces/tello-ros2/workspace/install/tello_msg/share/tello_msg/msg/TelloWifiConfig.idl
[12.231s] -- Up-to-date: /workspaces/tello-ros2/workspace/install/tello_msg/share/tello_msg/msg/TelloStatus.msg
[12.295s] -- Up-to-date: /workspaces/tello-ros2/workspace/install/tello_msg/share/tello_msg/msg/TelloID.msg
[12.350s] -- Up-to-date: /workspaces/tello-ros2/workspace/install/tello_msg/share/tello_msg/msg/TelloWifiConfig.msg
[12.399s] -- Up-to-date: /workspaces/tello-ros2/workspace/install/tello_msg/share/ament_index/resource_index/package_run_dependencies/tello_msg
[12.486s] -- Up-to-date: /workspaces/tello-ros2/workspace/install/tello_msg/share/ament_index/resource_index/parent_prefix_path/tello_msg
[12.523s] -- Up-to-date: /workspaces/tello-ros2/workspace/install/tello_msg/share/tello_msg/environment/ament_prefix_path.sh
[12.540s] -- Up-to-date: /workspaces/tello-ros2/workspace/install/tello_msg/share/tello_msg/environment/ament_prefix_path.dsv
[12.553s] -- Up-to-date: /workspaces/tello-ros2/workspace/install/tello_msg/share/tello_msg/environment/path.sh
[12.570s] -- Up-to-date: /workspaces/tello-ros2/workspace/install/tello_msg/share/tello_msg/environment/path.dsv
[12.588s] -- Up-to-date: /workspaces/tello-ros2/workspace/install/tello_msg/share/tello_msg/local_setup.bash
[12.618s] -- Up-to-date: /workspaces/tello-ros2/workspace/install/tello_msg/share/tello_msg/local_setup.sh
[12.665s] -- Up-to-date: /workspaces/tello-ros2/workspace/install/tello_msg/share/tello_msg/local_setup.zsh
[12.700s] -- Up-to-date: /workspaces/tello-ros2/workspace/install/tello_msg/share/tello_msg/local_setup.dsv
[12.737s] -- Installing: /workspaces/tello-ros2/workspace/install/tello_msg/share/tello_msg/package.dsv
[12.901s] -- Up-to-date: /workspaces/tello-ros2/workspace/install/tello_msg/share/ament_index/resource_index/packages/tello_msg
[12.998s] -- Up-to-date: /workspaces/tello-ros2/workspace/install/tello_msg/share/tello_msg/cmake/export_tello_msg__rosidl_generator_cExport.cmake
[13.067s] -- Up-to-date: /workspaces/tello-ros2/workspace/install/tello_msg/share/tello_msg/cmake/export_tello_msg__rosidl_generator_cExport-noconfig.cmake
[13.188s] -- Up-to-date: /workspaces/tello-ros2/workspace/install/tello_msg/share/tello_msg/cmake/export_tello_msg__rosidl_typesupport_fastrtps_cExport.cmake
[13.270s] -- Up-to-date: /workspaces/tello-ros2/workspace/install/tello_msg/share/tello_msg/cmake/export_tello_msg__rosidl_typesupport_fastrtps_cExport-noconfig.cmake
[13.340s] -- Up-to-date: /workspaces/tello-ros2/workspace/install/tello_msg/share/tello_msg/cmake/tello_msg__rosidl_typesupport_introspection_cExport.cmake
[13.392s] -- Up-to-date: /workspaces/tello-ros2/workspace/install/tello_msg/share/tello_msg/cmake/tello_msg__rosidl_typesupport_introspection_cExport-noconfig.cmake
[13.489s] -- Up-to-date: /workspaces/tello-ros2/workspace/install/tello_msg/share/tello_msg/cmake/tello_msg__rosidl_typesupport_cExport.cmake
[13.541s] -- Up-to-date: /workspaces/tello-ros2/workspace/install/tello_msg/share/tello_msg/cmake/tello_msg__rosidl_typesupport_cExport-noconfig.cmake
[13.614s] -- Up-to-date: /workspaces/tello-ros2/workspace/install/tello_msg/share/tello_msg/cmake/export_tello_msg__rosidl_generator_cppExport.cmake
[13.717s] -- Up-to-date: /workspaces/tello-ros2/workspace/install/tello_msg/share/tello_msg/cmake/export_tello_msg__rosidl_typesupport_fastrtps_cppExport.cmake
[13.786s] -- Up-to-date: /workspaces/tello-ros2/workspace/install/tello_msg/share/tello_msg/cmake/export_tello_msg__rosidl_typesupport_fastrtps_cppExport-noconfig.cmake
[13.896s] -- Up-to-date: /workspaces/tello-ros2/workspace/install/tello_msg/share/tello_msg/cmake/tello_msg__rosidl_typesupport_introspection_cppExport.cmake
[13.970s] -- Up-to-date: /workspaces/tello-ros2/workspace/install/tello_msg/share/tello_msg/cmake/tello_msg__rosidl_typesupport_introspection_cppExport-noconfig.cmake
[14.050s] -- Up-to-date: /workspaces/tello-ros2/workspace/install/tello_msg/share/tello_msg/cmake/tello_msg__rosidl_typesupport_cppExport.cmake
[14.089s] -- Up-to-date: /workspaces/tello-ros2/workspace/install/tello_msg/share/tello_msg/cmake/tello_msg__rosidl_typesupport_cppExport-noconfig.cmake
[14.156s] -- Up-to-date: /workspaces/tello-ros2/workspace/install/tello_msg/share/tello_msg/cmake/export_tello_msg__rosidl_generator_pyExport.cmake
[14.207s] -- Up-to-date: /workspaces/tello-ros2/workspace/install/tello_msg/share/tello_msg/cmake/export_tello_msg__rosidl_generator_pyExport-noconfig.cmake
[14.246s] -- Up-to-date: /workspaces/tello-ros2/workspace/install/tello_msg/share/tello_msg/cmake/rosidl_cmake-extras.cmake
[14.283s] -- Up-to-date: /workspaces/tello-ros2/workspace/install/tello_msg/share/tello_msg/cmake/ament_cmake_export_dependencies-extras.cmake
[14.309s] -- Up-to-date: /workspaces/tello-ros2/workspace/install/tello_msg/share/tello_msg/cmake/ament_cmake_export_include_directories-extras.cmake
[14.339s] -- Up-to-date: /workspaces/tello-ros2/workspace/install/tello_msg/share/tello_msg/cmake/ament_cmake_export_libraries-extras.cmake
[14.375s] -- Up-to-date: /workspaces/tello-ros2/workspace/install/tello_msg/share/tello_msg/cmake/ament_cmake_export_targets-extras.cmake
[14.405s] -- Up-to-date: /workspaces/tello-ros2/workspace/install/tello_msg/share/tello_msg/cmake/rosidl_cmake_export_typesupport_targets-extras.cmake
[14.439s] -- Up-to-date: /workspaces/tello-ros2/workspace/install/tello_msg/share/tello_msg/cmake/rosidl_cmake_export_typesupport_libraries-extras.cmake
[14.456s] -- Up-to-date: /workspaces/tello-ros2/workspace/install/tello_msg/share/tello_msg/cmake/tello_msgConfig.cmake
[14.474s] -- Up-to-date: /workspaces/tello-ros2/workspace/install/tello_msg/share/tello_msg/cmake/tello_msgConfig-version.cmake
[14.514s] -- Up-to-date: /workspaces/tello-ros2/workspace/install/tello_msg/share/tello_msg/package.xml
[14.568s] Invoked command in '/workspaces/tello-ros2/workspace/build/tello_msg' returned '0': CMAKE_PREFIX_PATH=/opt/ros/humble /usr/bin/cmake --install /workspaces/tello-ros2/workspace/build/tello_msg
