[3.861s] Invoking command in '/workspaces/tello-ros2/workspace/src/tello': AMENT_PREFIX_PATH=/workspaces/tello-ros2/workspace/install/tello_msg:${AMENT_PREFIX_PATH} CMAKE_PREFIX_PATH=/workspaces/tello-ros2/workspace/install/tello_msg LD_LIBRARY_PATH=/workspaces/tello-ros2/workspace/install/tello_msg/lib:${LD_LIBRARY_PATH} PYTHONPATH=/workspaces/tello-ros2/workspace/build/tello/prefix_override:/usr/lib/python3/dist-packages/colcon_core/task/python/colcon_distutils_commands:/workspaces/tello-ros2/workspace/install/tello/lib/python3.10/site-packages:/workspaces/tello-ros2/workspace/install/tello_msg/local/lib/python3.10/dist-packages:${PYTHONPATH} /usr/bin/python3 -W ignore:setup.py install is deprecated -W ignore:easy_install command is deprecated setup.py egg_info --egg-base ../../build/tello build --build-base /workspaces/tello-ros2/workspace/build/tello/build install --record /workspaces/tello-ros2/workspace/build/tello/install.log --install-scripts $base/lib/tello --single-version-externally-managed install_data
[5.491s] /usr/local/lib/python3.10/dist-packages/setuptools/dist.py:717: UserWarning: Usage of dash-separated 'script-dir' will not be supported in future versions. Please use the underscore name 'script_dir' instead
[5.494s]   warnings.warn(
[5.566s] running egg_info
[5.575s] writing ../../build/tello/tello.egg-info/PKG-INFO
[5.587s] writing dependency_links to ../../build/tello/tello.egg-info/dependency_links.txt
[5.596s] writing entry points to ../../build/tello/tello.egg-info/entry_points.txt
[5.604s] writing requirements to ../../build/tello/tello.egg-info/requires.txt
[5.607s] writing top-level names to ../../build/tello/tello.egg-info/top_level.txt
[5.647s] reading manifest file '../../build/tello/tello.egg-info/SOURCES.txt'
[5.724s] adding license file 'LICENSE.txt'
[5.768s] writing manifest file '../../build/tello/tello.egg-info/SOURCES.txt'
[5.777s] running build
[5.779s] running build_py
[5.842s] running install
[5.844s] running install_lib
[6.019s] running install_data
[6.086s] running install_egg_info
[6.118s] removing '/workspaces/tello-ros2/workspace/install/tello/lib/python3.10/site-packages/tello-0.1.0-py3.10.egg-info' (and everything under it)
[6.244s] Copying ../../build/tello/tello.egg-info to /workspaces/tello-ros2/workspace/install/tello/lib/python3.10/site-packages/tello-0.1.0-py3.10.egg-info
[6.632s] running install_scripts
[6.757s] Installing tello script to /workspaces/tello-ros2/workspace/install/tello/lib/tello
[6.775s] writing list of installed files to '/workspaces/tello-ros2/workspace/build/tello/install.log'
[6.801s] Invoked command in '/workspaces/tello-ros2/workspace/src/tello' returned '0': AMENT_PREFIX_PATH=/workspaces/tello-ros2/workspace/install/tello_msg:${AMENT_PREFIX_PATH} CMAKE_PREFIX_PATH=/workspaces/tello-ros2/workspace/install/tello_msg LD_LIBRARY_PATH=/workspaces/tello-ros2/workspace/install/tello_msg/lib:${LD_LIBRARY_PATH} PYTHONPATH=/workspaces/tello-ros2/workspace/build/tello/prefix_override:/usr/lib/python3/dist-packages/colcon_core/task/python/colcon_distutils_commands:/workspaces/tello-ros2/workspace/install/tello/lib/python3.10/site-packages:/workspaces/tello-ros2/workspace/install/tello_msg/local/lib/python3.10/dist-packages:${PYTHONPATH} /usr/bin/python3 -W ignore:setup.py install is deprecated -W ignore:easy_install command is deprecated setup.py egg_info --egg-base ../../build/tello build --build-base /workspaces/tello-ros2/workspace/build/tello/build install --record /workspaces/tello-ros2/workspace/build/tello/install.log --install-scripts $base/lib/tello --single-version-externally-managed install_data
