[0.123s] Invoking command in '/workspaces/tello-ros2/workspace/build/tello_control': CMAKE_PREFIX_PATH=/opt/ros/humble /usr/bin/cmake --build /workspaces/tello-ros2/workspace/build/tello_control -- -j16 -l16
[0.416s] [35m[1mConsolidate compiler generated dependencies of target tello_control[0m
[2.226s] [100%] Built target tello_control
[2.270s] Invoked command in '/workspaces/tello-ros2/workspace/build/tello_control' returned '0': CMAKE_PREFIX_PATH=/opt/ros/humble /usr/bin/cmake --build /workspaces/tello-ros2/workspace/build/tello_control -- -j16 -l16
[2.311s] Invoking command in '/workspaces/tello-ros2/workspace/build/tello_control': CMAKE_PREFIX_PATH=/opt/ros/humble /usr/bin/cmake --install /workspaces/tello-ros2/workspace/build/tello_control
[2.321s] -- Install configuration: ""
[2.396s] -- Up-to-date: /workspaces/tello-ros2/workspace/install/tello_control/lib/tello_control/tello_control
[2.530s] -- Up-to-date: /workspaces/tello-ros2/workspace/install/tello_control/share/ament_index/resource_index/package_run_dependencies/tello_control
[2.587s] -- Up-to-date: /workspaces/tello-ros2/workspace/install/tello_control/share/ament_index/resource_index/parent_prefix_path/tello_control
[2.613s] -- Up-to-date: /workspaces/tello-ros2/workspace/install/tello_control/share/tello_control/environment/ament_prefix_path.sh
[2.656s] -- Up-to-date: /workspaces/tello-ros2/workspace/install/tello_control/share/tello_control/environment/ament_prefix_path.dsv
[2.690s] -- Up-to-date: /workspaces/tello-ros2/workspace/install/tello_control/share/tello_control/environment/path.sh
[2.727s] -- Up-to-date: /workspaces/tello-ros2/workspace/install/tello_control/share/tello_control/environment/path.dsv
[2.764s] -- Up-to-date: /workspaces/tello-ros2/workspace/install/tello_control/share/tello_control/local_setup.bash
[2.799s] -- Up-to-date: /workspaces/tello-ros2/workspace/install/tello_control/share/tello_control/local_setup.sh
[2.832s] -- Up-to-date: /workspaces/tello-ros2/workspace/install/tello_control/share/tello_control/local_setup.zsh
[2.863s] -- Up-to-date: /workspaces/tello-ros2/workspace/install/tello_control/share/tello_control/local_setup.dsv
[2.900s] -- Installing: /workspaces/tello-ros2/workspace/install/tello_control/share/tello_control/package.dsv
[3.051s] -- Up-to-date: /workspaces/tello-ros2/workspace/install/tello_control/share/ament_index/resource_index/packages/tello_control
[3.095s] -- Up-to-date: /workspaces/tello-ros2/workspace/install/tello_control/share/tello_control/cmake/tello_controlConfig.cmake
[3.126s] -- Up-to-date: /workspaces/tello-ros2/workspace/install/tello_control/share/tello_control/cmake/tello_controlConfig-version.cmake
[3.168s] -- Up-to-date: /workspaces/tello-ros2/workspace/install/tello_control/share/tello_control/package.xml
[3.192s] Invoked command in '/workspaces/tello-ros2/workspace/build/tello_control' returned '0': CMAKE_PREFIX_PATH=/opt/ros/humble /usr/bin/cmake --install /workspaces/tello-ros2/workspace/build/tello_control
