[0.330s] DEBUG:colcon:Command line arguments: ['/usr/bin/colcon', 'build']
[0.331s] DEBUG:colcon:Parsed command line arguments: Namespace(log_base=None, log_level=None, verb_name='build', build_base='build', install_base='install', merge_install=False, symlink_install=False, test_result_base=None, continue_on_error=False, executor='parallel', parallel_workers=16, event_handlers=None, ignore_user_meta=False, metas=['./colcon.meta'], base_paths=['.'], packages_ignore=None, packages_ignore_regex=None, paths=None, packages_up_to=None, packages_up_to_regex=None, packages_above=None, packages_above_and_dependencies=None, packages_above_depth=None, packages_select_by_dep=None, packages_skip_by_dep=None, packages_skip_up_to=None, packages_select_build_failed=False, packages_skip_build_finished=False, packages_select_test_failures=False, packages_skip_test_passed=False, packages_select=None, packages_skip=None, packages_select_regex=None, packages_skip_regex=None, packages_start=None, packages_end=None, allow_overriding=[], cmake_args=None, cmake_target=None, cmake_target_skip_unavailable=False, cmake_clean_cache=False, cmake_clean_first=False, cmake_force_configure=False, ament_cmake_args=None, catkin_cmake_args=None, catkin_skip_building_tests=False, verb_parser=<colcon_defaults.argument_parser.defaults.DefaultArgumentsDecorator object at 0x7fe5c3f877f0>, verb_extension=<colcon_core.verb.build.BuildVerb object at 0x7fe5c4130e50>, main=<bound method BuildVerb.main of <colcon_core.verb.build.BuildVerb object at 0x7fe5c4130e50>>)
[0.644s] Level 1:colcon.colcon_core.package_discovery:discover_packages(colcon_meta) check parameters
[0.645s] Level 1:colcon.colcon_core.package_discovery:discover_packages(recursive) check parameters
[0.646s] Level 1:colcon.colcon_core.package_discovery:discover_packages(ignore) check parameters
[0.646s] Level 1:colcon.colcon_core.package_discovery:discover_packages(path) check parameters
[0.647s] Level 1:colcon.colcon_core.package_discovery:discover_packages(colcon_meta) discover
[0.647s] Level 1:colcon.colcon_core.package_discovery:discover_packages(recursive) discover
[0.647s] INFO:colcon.colcon_core.package_discovery:Crawling recursively for packages in '/workspaces/tello-ros2/workspace'
[0.650s] Level 1:colcon.colcon_core.package_identification:_identify(.) by extensions ['ignore', 'ignore_ament_install']
[0.650s] Level 1:colcon.colcon_core.package_identification:_identify(.) by extension 'ignore'
[0.651s] Level 1:colcon.colcon_core.package_identification:_identify(.) by extension 'ignore_ament_install'
[0.652s] Level 1:colcon.colcon_core.package_identification:_identify(.) by extensions ['colcon_pkg']
[0.653s] Level 1:colcon.colcon_core.package_identification:_identify(.) by extension 'colcon_pkg'
[0.654s] Level 1:colcon.colcon_core.package_identification:_identify(.) by extensions ['colcon_meta']
[0.654s] Level 1:colcon.colcon_core.package_identification:_identify(.) by extension 'colcon_meta'
[0.654s] Level 1:colcon.colcon_core.package_identification:_identify(.) by extensions ['ros']
[0.655s] Level 1:colcon.colcon_core.package_identification:_identify(.) by extension 'ros'
[0.671s] Level 1:colcon.colcon_core.package_identification:_identify(.) by extensions ['cmake', 'python']
[0.671s] Level 1:colcon.colcon_core.package_identification:_identify(.) by extension 'cmake'
[0.672s] Level 1:colcon.colcon_core.package_identification:_identify(.) by extension 'python'
[0.673s] Level 1:colcon.colcon_core.package_identification:_identify(.) by extensions ['python_setup_py']
[0.673s] Level 1:colcon.colcon_core.package_identification:_identify(.) by extension 'python_setup_py'
[0.678s] Level 1:colcon.colcon_core.package_identification:_identify(build) by extensions ['ignore', 'ignore_ament_install']
[0.678s] Level 1:colcon.colcon_core.package_identification:_identify(build) by extension 'ignore'
[0.680s] Level 1:colcon.colcon_core.package_identification:_identify(build) ignored
[0.684s] Level 1:colcon.colcon_core.package_identification:_identify(install) by extensions ['ignore', 'ignore_ament_install']
[0.685s] Level 1:colcon.colcon_core.package_identification:_identify(install) by extension 'ignore'
[0.686s] Level 1:colcon.colcon_core.package_identification:_identify(install) ignored
[0.691s] Level 1:colcon.colcon_core.package_identification:_identify(log) by extensions ['ignore', 'ignore_ament_install']
[0.691s] Level 1:colcon.colcon_core.package_identification:_identify(log) by extension 'ignore'
[0.692s] Level 1:colcon.colcon_core.package_identification:_identify(log) ignored
[0.695s] Level 1:colcon.colcon_core.package_identification:_identify(src) by extensions ['ignore', 'ignore_ament_install']
[0.696s] Level 1:colcon.colcon_core.package_identification:_identify(src) by extension 'ignore'
[0.696s] Level 1:colcon.colcon_core.package_identification:_identify(src) by extension 'ignore_ament_install'
[0.698s] Level 1:colcon.colcon_core.package_identification:_identify(src) by extensions ['colcon_pkg']
[0.699s] Level 1:colcon.colcon_core.package_identification:_identify(src) by extension 'colcon_pkg'
[0.700s] Level 1:colcon.colcon_core.package_identification:_identify(src) by extensions ['colcon_meta']
[0.700s] Level 1:colcon.colcon_core.package_identification:_identify(src) by extension 'colcon_meta'
[0.701s] Level 1:colcon.colcon_core.package_identification:_identify(src) by extensions ['ros']
[0.702s] Level 1:colcon.colcon_core.package_identification:_identify(src) by extension 'ros'
[0.706s] Level 1:colcon.colcon_core.package_identification:_identify(src) by extensions ['cmake', 'python']
[0.706s] Level 1:colcon.colcon_core.package_identification:_identify(src) by extension 'cmake'
[0.707s] Level 1:colcon.colcon_core.package_identification:_identify(src) by extension 'python'
[0.708s] Level 1:colcon.colcon_core.package_identification:_identify(src) by extensions ['python_setup_py']
[0.709s] Level 1:colcon.colcon_core.package_identification:_identify(src) by extension 'python_setup_py'
[0.714s] Level 1:colcon.colcon_core.package_identification:_identify(src/tello) by extensions ['ignore', 'ignore_ament_install']
[0.714s] Level 1:colcon.colcon_core.package_identification:_identify(src/tello) by extension 'ignore'
[0.716s] Level 1:colcon.colcon_core.package_identification:_identify(src/tello) by extension 'ignore_ament_install'
[0.718s] Level 1:colcon.colcon_core.package_identification:_identify(src/tello) by extensions ['colcon_pkg']
[0.719s] Level 1:colcon.colcon_core.package_identification:_identify(src/tello) by extension 'colcon_pkg'
[0.721s] Level 1:colcon.colcon_core.package_identification:_identify(src/tello) by extensions ['colcon_meta']
[0.721s] Level 1:colcon.colcon_core.package_identification:_identify(src/tello) by extension 'colcon_meta'
[0.722s] Level 1:colcon.colcon_core.package_identification:_identify(src/tello) by extensions ['ros']
[0.723s] Level 1:colcon.colcon_core.package_identification:_identify(src/tello) by extension 'ros'
[0.749s] DEBUG:colcon.colcon_core.package_identification:Package 'src/tello' with type 'ros.ament_python' and name 'tello'
[0.755s] Level 1:colcon.colcon_core.package_identification:_identify(src/tello_control) by extensions ['ignore', 'ignore_ament_install']
[0.755s] Level 1:colcon.colcon_core.package_identification:_identify(src/tello_control) by extension 'ignore'
[0.757s] Level 1:colcon.colcon_core.package_identification:_identify(src/tello_control) by extension 'ignore_ament_install'
[0.761s] Level 1:colcon.colcon_core.package_identification:_identify(src/tello_control) by extensions ['colcon_pkg']
[0.761s] Level 1:colcon.colcon_core.package_identification:_identify(src/tello_control) by extension 'colcon_pkg'
[0.763s] Level 1:colcon.colcon_core.package_identification:_identify(src/tello_control) by extensions ['colcon_meta']
[0.763s] Level 1:colcon.colcon_core.package_identification:_identify(src/tello_control) by extension 'colcon_meta'
[0.765s] Level 1:colcon.colcon_core.package_identification:_identify(src/tello_control) by extensions ['ros']
[0.766s] Level 1:colcon.colcon_core.package_identification:_identify(src/tello_control) by extension 'ros'
[0.784s] DEBUG:colcon.colcon_core.package_identification:Package 'src/tello_control' with type 'ros.ament_cmake' and name 'tello_control'
[0.791s] Level 1:colcon.colcon_core.package_identification:_identify(src/tello_msg) by extensions ['ignore', 'ignore_ament_install']
[0.792s] Level 1:colcon.colcon_core.package_identification:_identify(src/tello_msg) by extension 'ignore'
[0.794s] Level 1:colcon.colcon_core.package_identification:_identify(src/tello_msg) by extension 'ignore_ament_install'
[0.797s] Level 1:colcon.colcon_core.package_identification:_identify(src/tello_msg) by extensions ['colcon_pkg']
[0.797s] Level 1:colcon.colcon_core.package_identification:_identify(src/tello_msg) by extension 'colcon_pkg'
[0.799s] Level 1:colcon.colcon_core.package_identification:_identify(src/tello_msg) by extensions ['colcon_meta']
[0.800s] Level 1:colcon.colcon_core.package_identification:_identify(src/tello_msg) by extension 'colcon_meta'
[0.802s] Level 1:colcon.colcon_core.package_identification:_identify(src/tello_msg) by extensions ['ros']
[0.803s] Level 1:colcon.colcon_core.package_identification:_identify(src/tello_msg) by extension 'ros'
[0.823s] DEBUG:colcon.colcon_core.package_identification:Package 'src/tello_msg' with type 'ros.ament_cmake' and name 'tello_msg'
[0.823s] Level 1:colcon.colcon_core.package_discovery:discover_packages(recursive) using defaults
[0.823s] Level 1:colcon.colcon_core.package_discovery:discover_packages(ignore) discover
[0.824s] Level 1:colcon.colcon_core.package_discovery:discover_packages(ignore) using defaults
[0.824s] Level 1:colcon.colcon_core.package_discovery:discover_packages(path) discover
[0.824s] Level 1:colcon.colcon_core.package_discovery:discover_packages(path) using defaults
[0.885s] Level 1:colcon.colcon_core.package_discovery:discover_packages(prefix_path) check parameters
[0.885s] Level 1:colcon.colcon_core.package_discovery:discover_packages(prefix_path) discover
[0.889s] DEBUG:colcon.colcon_installed_package_information.package_discovery:Found 284 installed packages in /opt/ros/humble
[0.890s] Level 1:colcon.colcon_core.package_discovery:discover_packages(prefix_path) using defaults
[0.926s] Level 5:colcon.colcon_core.verb:set package 'tello_control' build argument 'cmake_args' from command line to 'None'
[0.927s] Level 5:colcon.colcon_core.verb:set package 'tello_control' build argument 'cmake_target' from command line to 'None'
[0.927s] Level 5:colcon.colcon_core.verb:set package 'tello_control' build argument 'cmake_target_skip_unavailable' from command line to 'False'
[0.927s] Level 5:colcon.colcon_core.verb:set package 'tello_control' build argument 'cmake_clean_cache' from command line to 'False'
[0.928s] Level 5:colcon.colcon_core.verb:set package 'tello_control' build argument 'cmake_clean_first' from command line to 'False'
[0.928s] Level 5:colcon.colcon_core.verb:set package 'tello_control' build argument 'cmake_force_configure' from command line to 'False'
[0.928s] Level 5:colcon.colcon_core.verb:set package 'tello_control' build argument 'ament_cmake_args' from command line to 'None'
[0.929s] Level 5:colcon.colcon_core.verb:set package 'tello_control' build argument 'catkin_cmake_args' from command line to 'None'
[0.929s] Level 5:colcon.colcon_core.verb:set package 'tello_control' build argument 'catkin_skip_building_tests' from command line to 'False'
[0.929s] DEBUG:colcon.colcon_core.verb:Building package 'tello_control' with the following arguments: {'ament_cmake_args': None, 'build_base': '/workspaces/tello-ros2/workspace/build/tello_control', 'catkin_cmake_args': None, 'catkin_skip_building_tests': False, 'cmake_args': None, 'cmake_clean_cache': False, 'cmake_clean_first': False, 'cmake_force_configure': False, 'cmake_target': None, 'cmake_target_skip_unavailable': False, 'install_base': '/workspaces/tello-ros2/workspace/install/tello_control', 'merge_install': False, 'path': '/workspaces/tello-ros2/workspace/src/tello_control', 'symlink_install': False, 'test_result_base': None}
[0.930s] Level 5:colcon.colcon_core.verb:set package 'tello_msg' build argument 'cmake_args' from command line to 'None'
[0.930s] Level 5:colcon.colcon_core.verb:set package 'tello_msg' build argument 'cmake_target' from command line to 'None'
[0.930s] Level 5:colcon.colcon_core.verb:set package 'tello_msg' build argument 'cmake_target_skip_unavailable' from command line to 'False'
[0.931s] Level 5:colcon.colcon_core.verb:set package 'tello_msg' build argument 'cmake_clean_cache' from command line to 'False'
[0.933s] Level 5:colcon.colcon_core.verb:set package 'tello_msg' build argument 'cmake_clean_first' from command line to 'False'
[0.933s] Level 5:colcon.colcon_core.verb:set package 'tello_msg' build argument 'cmake_force_configure' from command line to 'False'
[0.933s] Level 5:colcon.colcon_core.verb:set package 'tello_msg' build argument 'ament_cmake_args' from command line to 'None'
[0.933s] Level 5:colcon.colcon_core.verb:set package 'tello_msg' build argument 'catkin_cmake_args' from command line to 'None'
[0.934s] Level 5:colcon.colcon_core.verb:set package 'tello_msg' build argument 'catkin_skip_building_tests' from command line to 'False'
[0.934s] DEBUG:colcon.colcon_core.verb:Building package 'tello_msg' with the following arguments: {'ament_cmake_args': None, 'build_base': '/workspaces/tello-ros2/workspace/build/tello_msg', 'catkin_cmake_args': None, 'catkin_skip_building_tests': False, 'cmake_args': None, 'cmake_clean_cache': False, 'cmake_clean_first': False, 'cmake_force_configure': False, 'cmake_target': None, 'cmake_target_skip_unavailable': False, 'install_base': '/workspaces/tello-ros2/workspace/install/tello_msg', 'merge_install': False, 'path': '/workspaces/tello-ros2/workspace/src/tello_msg', 'symlink_install': False, 'test_result_base': None}
[0.935s] Level 5:colcon.colcon_core.verb:set package 'tello' build argument 'cmake_args' from command line to 'None'
[0.936s] Level 5:colcon.colcon_core.verb:set package 'tello' build argument 'cmake_target' from command line to 'None'
[0.936s] Level 5:colcon.colcon_core.verb:set package 'tello' build argument 'cmake_target_skip_unavailable' from command line to 'False'
[0.936s] Level 5:colcon.colcon_core.verb:set package 'tello' build argument 'cmake_clean_cache' from command line to 'False'
[0.937s] Level 5:colcon.colcon_core.verb:set package 'tello' build argument 'cmake_clean_first' from command line to 'False'
[0.937s] Level 5:colcon.colcon_core.verb:set package 'tello' build argument 'cmake_force_configure' from command line to 'False'
[0.937s] Level 5:colcon.colcon_core.verb:set package 'tello' build argument 'ament_cmake_args' from command line to 'None'
[0.938s] Level 5:colcon.colcon_core.verb:set package 'tello' build argument 'catkin_cmake_args' from command line to 'None'
[0.938s] Level 5:colcon.colcon_core.verb:set package 'tello' build argument 'catkin_skip_building_tests' from command line to 'False'
[0.939s] DEBUG:colcon.colcon_core.verb:Building package 'tello' with the following arguments: {'ament_cmake_args': None, 'build_base': '/workspaces/tello-ros2/workspace/build/tello', 'catkin_cmake_args': None, 'catkin_skip_building_tests': False, 'cmake_args': None, 'cmake_clean_cache': False, 'cmake_clean_first': False, 'cmake_force_configure': False, 'cmake_target': None, 'cmake_target_skip_unavailable': False, 'install_base': '/workspaces/tello-ros2/workspace/install/tello', 'merge_install': False, 'path': '/workspaces/tello-ros2/workspace/src/tello', 'symlink_install': False, 'test_result_base': None}
[0.939s] INFO:colcon.colcon_core.executor:Executing jobs using 'parallel' executor
[0.941s] DEBUG:colcon.colcon_parallel_executor.executor.parallel:run_until_complete
[0.941s] INFO:colcon.colcon_ros.task.ament_cmake.build:Building ROS package in '/workspaces/tello-ros2/workspace/src/tello_msg' with build type 'ament_cmake'
[0.942s] INFO:colcon.colcon_cmake.task.cmake.build:Building CMake package in '/workspaces/tello-ros2/workspace/src/tello_msg'
[0.947s] INFO:colcon.colcon_core.plugin_system:Skipping extension 'colcon_core.shell.bat': Not used on non-Windows systems
[0.947s] INFO:colcon.colcon_core.shell:Skip shell extension 'powershell' for command environment: Not usable outside of PowerShell
[0.947s] DEBUG:colcon.colcon_core.shell:Skip shell extension 'dsv' for command environment
[0.958s] INFO:colcon.colcon_ros.task.ament_cmake.build:Building ROS package in '/workspaces/tello-ros2/workspace/src/tello_control' with build type 'ament_cmake'
[0.959s] INFO:colcon.colcon_cmake.task.cmake.build:Building CMake package in '/workspaces/tello-ros2/workspace/src/tello_control'
[0.960s] INFO:colcon.colcon_core.shell:Skip shell extension 'powershell' for command environment: Not usable outside of PowerShell
[0.960s] DEBUG:colcon.colcon_core.shell:Skip shell extension 'dsv' for command environment
[1.015s] DEBUG:colcon.colcon_core.event_handler.log_command:Invoking command in '/workspaces/tello-ros2/workspace/build/tello_msg': CMAKE_PREFIX_PATH=/opt/ros/humble /usr/bin/cmake --build /workspaces/tello-ros2/workspace/build/tello_msg -- -j16 -l16
[1.046s] DEBUG:colcon.colcon_core.event_handler.log_command:Invoking command in '/workspaces/tello-ros2/workspace/build/tello_control': CMAKE_PREFIX_PATH=/opt/ros/humble /usr/bin/cmake --build /workspaces/tello-ros2/workspace/build/tello_control -- -j16 -l16
[1.430s] DEBUG:colcon.colcon_core.event_handler.log_command:Invoked command in '/workspaces/tello-ros2/workspace/build/tello_control' returned '0': CMAKE_PREFIX_PATH=/opt/ros/humble /usr/bin/cmake --build /workspaces/tello-ros2/workspace/build/tello_control -- -j16 -l16
[1.474s] DEBUG:colcon.colcon_core.event_handler.log_command:Invoking command in '/workspaces/tello-ros2/workspace/build/tello_control': CMAKE_PREFIX_PATH=/opt/ros/humble /usr/bin/cmake --install /workspaces/tello-ros2/workspace/build/tello_control
[2.680s] Level 1:colcon.colcon_core.environment:create_environment_scripts_only(tello_control)
[2.685s] DEBUG:colcon.colcon_core.event_handler.log_command:Invoked command in '/workspaces/tello-ros2/workspace/build/tello_control' returned '0': CMAKE_PREFIX_PATH=/opt/ros/humble /usr/bin/cmake --install /workspaces/tello-ros2/workspace/build/tello_control
[2.689s] Level 1:colcon.colcon_core.environment:checking '/workspaces/tello-ros2/workspace/install/tello_control' for CMake module files
[2.882s] Level 1:colcon.colcon_core.environment:checking '/workspaces/tello-ros2/workspace/install/tello_control' for CMake config files
[3.041s] Level 1:colcon.colcon_core.shell:create_environment_hook('tello_control', 'cmake_prefix_path')
[3.042s] INFO:colcon.colcon_core.shell:Creating environment hook '/workspaces/tello-ros2/workspace/install/tello_control/share/tello_control/hook/cmake_prefix_path.ps1'
[3.066s] INFO:colcon.colcon_core.shell:Creating environment descriptor '/workspaces/tello-ros2/workspace/install/tello_control/share/tello_control/hook/cmake_prefix_path.dsv'
[3.092s] INFO:colcon.colcon_core.shell:Creating environment hook '/workspaces/tello-ros2/workspace/install/tello_control/share/tello_control/hook/cmake_prefix_path.sh'
[3.128s] Level 1:colcon.colcon_core.environment:checking '/workspaces/tello-ros2/workspace/install/tello_control/lib'
[3.136s] Level 1:colcon.colcon_core.environment:checking '/workspaces/tello-ros2/workspace/install/tello_control/bin'
[3.139s] Level 1:colcon.colcon_core.environment:checking '/workspaces/tello-ros2/workspace/install/tello_control/lib/pkgconfig/tello_control.pc'
[3.142s] Level 1:colcon.colcon_core.environment:checking '/workspaces/tello-ros2/workspace/install/tello_control/lib/python3.10/site-packages'
[3.145s] Level 1:colcon.colcon_core.environment:checking '/workspaces/tello-ros2/workspace/install/tello_control/bin'
[3.148s] INFO:colcon.colcon_core.shell:Creating package script '/workspaces/tello-ros2/workspace/install/tello_control/share/tello_control/package.ps1'
[3.169s] INFO:colcon.colcon_core.shell:Creating package descriptor '/workspaces/tello-ros2/workspace/install/tello_control/share/tello_control/package.dsv'
[3.195s] INFO:colcon.colcon_core.shell:Creating package script '/workspaces/tello-ros2/workspace/install/tello_control/share/tello_control/package.sh'
[3.222s] INFO:colcon.colcon_core.shell:Creating package script '/workspaces/tello-ros2/workspace/install/tello_control/share/tello_control/package.bash'
[3.247s] INFO:colcon.colcon_core.shell:Creating package script '/workspaces/tello-ros2/workspace/install/tello_control/share/tello_control/package.zsh'
[3.266s] Level 1:colcon.colcon_core.environment:create_file_with_runtime_dependencies(/workspaces/tello-ros2/workspace/install/tello_control/share/colcon-core/packages/tello_control)
[3.306s] Level 1:colcon.colcon_core.environment:create_environment_scripts_only(tello_control)
[3.307s] Level 1:colcon.colcon_core.environment:checking '/workspaces/tello-ros2/workspace/install/tello_control' for CMake module files
[3.475s] Level 1:colcon.colcon_core.environment:checking '/workspaces/tello-ros2/workspace/install/tello_control' for CMake config files
[3.613s] Level 1:colcon.colcon_core.shell:create_environment_hook('tello_control', 'cmake_prefix_path')
[3.613s] INFO:colcon.colcon_core.shell:Creating environment hook '/workspaces/tello-ros2/workspace/install/tello_control/share/tello_control/hook/cmake_prefix_path.ps1'
[3.642s] INFO:colcon.colcon_core.shell:Creating environment descriptor '/workspaces/tello-ros2/workspace/install/tello_control/share/tello_control/hook/cmake_prefix_path.dsv'
[3.673s] INFO:colcon.colcon_core.shell:Creating environment hook '/workspaces/tello-ros2/workspace/install/tello_control/share/tello_control/hook/cmake_prefix_path.sh'
[3.701s] Level 1:colcon.colcon_core.environment:checking '/workspaces/tello-ros2/workspace/install/tello_control/lib'
[3.706s] Level 1:colcon.colcon_core.environment:checking '/workspaces/tello-ros2/workspace/install/tello_control/bin'
[3.707s] Level 1:colcon.colcon_core.environment:checking '/workspaces/tello-ros2/workspace/install/tello_control/lib/pkgconfig/tello_control.pc'
[3.711s] Level 1:colcon.colcon_core.environment:checking '/workspaces/tello-ros2/workspace/install/tello_control/lib/python3.10/site-packages'
[3.713s] Level 1:colcon.colcon_core.environment:checking '/workspaces/tello-ros2/workspace/install/tello_control/bin'
[3.716s] INFO:colcon.colcon_core.shell:Creating package script '/workspaces/tello-ros2/workspace/install/tello_control/share/tello_control/package.ps1'
[3.736s] INFO:colcon.colcon_core.shell:Creating package descriptor '/workspaces/tello-ros2/workspace/install/tello_control/share/tello_control/package.dsv'
[3.757s] INFO:colcon.colcon_core.shell:Creating package script '/workspaces/tello-ros2/workspace/install/tello_control/share/tello_control/package.sh'
[3.779s] INFO:colcon.colcon_core.shell:Creating package script '/workspaces/tello-ros2/workspace/install/tello_control/share/tello_control/package.bash'
[3.800s] INFO:colcon.colcon_core.shell:Creating package script '/workspaces/tello-ros2/workspace/install/tello_control/share/tello_control/package.zsh'
[3.822s] Level 1:colcon.colcon_core.environment:create_file_with_runtime_dependencies(/workspaces/tello-ros2/workspace/install/tello_control/share/colcon-core/packages/tello_control)
[3.863s] DEBUG:colcon.colcon_core.event_handler.log_command:Invoked command in '/workspaces/tello-ros2/workspace/build/tello_msg' returned '0': CMAKE_PREFIX_PATH=/opt/ros/humble /usr/bin/cmake --build /workspaces/tello-ros2/workspace/build/tello_msg -- -j16 -l16
[3.884s] DEBUG:colcon.colcon_core.event_handler.log_command:Invoking command in '/workspaces/tello-ros2/workspace/build/tello_msg': CMAKE_PREFIX_PATH=/opt/ros/humble /usr/bin/cmake --install /workspaces/tello-ros2/workspace/build/tello_msg
[11.674s] Level 1:colcon.colcon_core.environment:create_environment_scripts_only(tello_msg)
[11.676s] Level 1:colcon.colcon_core.environment:checking '/workspaces/tello-ros2/workspace/install/tello_msg' for CMake module files
[11.678s] DEBUG:colcon.colcon_core.event_handler.log_command:Invoked command in '/workspaces/tello-ros2/workspace/build/tello_msg' returned '0': CMAKE_PREFIX_PATH=/opt/ros/humble /usr/bin/cmake --install /workspaces/tello-ros2/workspace/build/tello_msg
[11.945s] Level 1:colcon.colcon_core.environment:checking '/workspaces/tello-ros2/workspace/install/tello_msg' for CMake config files
[12.179s] Level 1:colcon.colcon_core.shell:create_environment_hook('tello_msg', 'cmake_prefix_path')
[12.180s] INFO:colcon.colcon_core.shell:Creating environment hook '/workspaces/tello-ros2/workspace/install/tello_msg/share/tello_msg/hook/cmake_prefix_path.ps1'
[12.198s] INFO:colcon.colcon_core.shell:Creating environment descriptor '/workspaces/tello-ros2/workspace/install/tello_msg/share/tello_msg/hook/cmake_prefix_path.dsv'
[12.222s] INFO:colcon.colcon_core.shell:Creating environment hook '/workspaces/tello-ros2/workspace/install/tello_msg/share/tello_msg/hook/cmake_prefix_path.sh'
[12.249s] Level 1:colcon.colcon_core.environment:checking '/workspaces/tello-ros2/workspace/install/tello_msg/lib'
[12.259s] Level 1:colcon.colcon_core.shell:create_environment_hook('tello_msg', 'ld_library_path_lib')
[12.260s] INFO:colcon.colcon_core.shell:Creating environment hook '/workspaces/tello-ros2/workspace/install/tello_msg/share/tello_msg/hook/ld_library_path_lib.ps1'
[12.287s] INFO:colcon.colcon_core.shell:Creating environment descriptor '/workspaces/tello-ros2/workspace/install/tello_msg/share/tello_msg/hook/ld_library_path_lib.dsv'
[12.311s] INFO:colcon.colcon_core.shell:Creating environment hook '/workspaces/tello-ros2/workspace/install/tello_msg/share/tello_msg/hook/ld_library_path_lib.sh'
[12.331s] Level 1:colcon.colcon_core.environment:checking '/workspaces/tello-ros2/workspace/install/tello_msg/bin'
[12.333s] Level 1:colcon.colcon_core.environment:checking '/workspaces/tello-ros2/workspace/install/tello_msg/lib/pkgconfig/tello_msg.pc'
[12.334s] Level 1:colcon.colcon_core.environment:checking '/workspaces/tello-ros2/workspace/install/tello_msg/lib/python3.10/site-packages'
[12.337s] Level 1:colcon.colcon_core.environment:checking '/workspaces/tello-ros2/workspace/install/tello_msg/bin'
[12.339s] INFO:colcon.colcon_core.shell:Creating package script '/workspaces/tello-ros2/workspace/install/tello_msg/share/tello_msg/package.ps1'
[12.350s] INFO:colcon.colcon_core.shell:Creating package descriptor '/workspaces/tello-ros2/workspace/install/tello_msg/share/tello_msg/package.dsv'
[12.368s] INFO:colcon.colcon_core.shell:Creating package script '/workspaces/tello-ros2/workspace/install/tello_msg/share/tello_msg/package.sh'
[12.388s] INFO:colcon.colcon_core.shell:Creating package script '/workspaces/tello-ros2/workspace/install/tello_msg/share/tello_msg/package.bash'
[12.410s] INFO:colcon.colcon_core.shell:Creating package script '/workspaces/tello-ros2/workspace/install/tello_msg/share/tello_msg/package.zsh'
[12.435s] Level 1:colcon.colcon_core.environment:create_file_with_runtime_dependencies(/workspaces/tello-ros2/workspace/install/tello_msg/share/colcon-core/packages/tello_msg)
[12.480s] Level 1:colcon.colcon_core.environment:create_environment_scripts_only(tello_msg)
[12.481s] Level 1:colcon.colcon_core.environment:checking '/workspaces/tello-ros2/workspace/install/tello_msg' for CMake module files
[12.826s] Level 1:colcon.colcon_core.environment:checking '/workspaces/tello-ros2/workspace/install/tello_msg' for CMake config files
[13.124s] Level 1:colcon.colcon_core.shell:create_environment_hook('tello_msg', 'cmake_prefix_path')
[13.125s] INFO:colcon.colcon_core.shell:Creating environment hook '/workspaces/tello-ros2/workspace/install/tello_msg/share/tello_msg/hook/cmake_prefix_path.ps1'
[13.146s] INFO:colcon.colcon_core.shell:Creating environment descriptor '/workspaces/tello-ros2/workspace/install/tello_msg/share/tello_msg/hook/cmake_prefix_path.dsv'
[13.188s] INFO:colcon.colcon_core.shell:Creating environment hook '/workspaces/tello-ros2/workspace/install/tello_msg/share/tello_msg/hook/cmake_prefix_path.sh'
[13.217s] Level 1:colcon.colcon_core.environment:checking '/workspaces/tello-ros2/workspace/install/tello_msg/lib'
[13.222s] Level 1:colcon.colcon_core.shell:create_environment_hook('tello_msg', 'ld_library_path_lib')
[13.222s] INFO:colcon.colcon_core.shell:Creating environment hook '/workspaces/tello-ros2/workspace/install/tello_msg/share/tello_msg/hook/ld_library_path_lib.ps1'
[13.242s] INFO:colcon.colcon_core.shell:Creating environment descriptor '/workspaces/tello-ros2/workspace/install/tello_msg/share/tello_msg/hook/ld_library_path_lib.dsv'
[13.265s] INFO:colcon.colcon_core.shell:Creating environment hook '/workspaces/tello-ros2/workspace/install/tello_msg/share/tello_msg/hook/ld_library_path_lib.sh'
[13.293s] Level 1:colcon.colcon_core.environment:checking '/workspaces/tello-ros2/workspace/install/tello_msg/bin'
[13.296s] Level 1:colcon.colcon_core.environment:checking '/workspaces/tello-ros2/workspace/install/tello_msg/lib/pkgconfig/tello_msg.pc'
[13.300s] Level 1:colcon.colcon_core.environment:checking '/workspaces/tello-ros2/workspace/install/tello_msg/lib/python3.10/site-packages'
[13.305s] Level 1:colcon.colcon_core.environment:checking '/workspaces/tello-ros2/workspace/install/tello_msg/bin'
[13.312s] INFO:colcon.colcon_core.shell:Creating package script '/workspaces/tello-ros2/workspace/install/tello_msg/share/tello_msg/package.ps1'
[13.331s] INFO:colcon.colcon_core.shell:Creating package descriptor '/workspaces/tello-ros2/workspace/install/tello_msg/share/tello_msg/package.dsv'
[13.350s] INFO:colcon.colcon_core.shell:Creating package script '/workspaces/tello-ros2/workspace/install/tello_msg/share/tello_msg/package.sh'
[13.373s] INFO:colcon.colcon_core.shell:Creating package script '/workspaces/tello-ros2/workspace/install/tello_msg/share/tello_msg/package.bash'
[13.402s] INFO:colcon.colcon_core.shell:Creating package script '/workspaces/tello-ros2/workspace/install/tello_msg/share/tello_msg/package.zsh'
[13.425s] Level 1:colcon.colcon_core.environment:create_file_with_runtime_dependencies(/workspaces/tello-ros2/workspace/install/tello_msg/share/colcon-core/packages/tello_msg)
[13.439s] INFO:colcon.colcon_ros.task.ament_python.build:Building ROS package in '/workspaces/tello-ros2/workspace/src/tello' with build type 'ament_python'
[13.440s] Level 1:colcon.colcon_core.shell:create_environment_hook('tello', 'ament_prefix_path')
[13.441s] INFO:colcon.colcon_core.shell:Creating environment hook '/workspaces/tello-ros2/workspace/install/tello/share/tello/hook/ament_prefix_path.ps1'
[13.481s] INFO:colcon.colcon_core.shell:Creating environment descriptor '/workspaces/tello-ros2/workspace/install/tello/share/tello/hook/ament_prefix_path.dsv'
[13.499s] INFO:colcon.colcon_core.shell:Creating environment hook '/workspaces/tello-ros2/workspace/install/tello/share/tello/hook/ament_prefix_path.sh'
[13.522s] INFO:colcon.colcon_core.shell:Skip shell extension 'powershell' for command environment: Not usable outside of PowerShell
[13.522s] DEBUG:colcon.colcon_core.shell:Skip shell extension 'dsv' for command environment
[14.623s] INFO:colcon.colcon_core.task.python.build:Building Python package in '/workspaces/tello-ros2/workspace/src/tello'
[14.624s] INFO:colcon.colcon_core.shell:Skip shell extension 'powershell' for command environment: Not usable outside of PowerShell
[14.625s] DEBUG:colcon.colcon_core.shell:Skip shell extension 'dsv' for command environment
[17.140s] DEBUG:colcon.colcon_core.event_handler.log_command:Invoking command in '/workspaces/tello-ros2/workspace/src/tello': AMENT_PREFIX_PATH=/workspaces/tello-ros2/workspace/install/tello_msg:${AMENT_PREFIX_PATH} CMAKE_PREFIX_PATH=/workspaces/tello-ros2/workspace/install/tello_msg LD_LIBRARY_PATH=/workspaces/tello-ros2/workspace/install/tello_msg/lib:${LD_LIBRARY_PATH} PYTHONPATH=/workspaces/tello-ros2/workspace/build/tello/prefix_override:/usr/lib/python3/dist-packages/colcon_core/task/python/colcon_distutils_commands:/workspaces/tello-ros2/workspace/install/tello/lib/python3.10/site-packages:/workspaces/tello-ros2/workspace/install/tello_msg/local/lib/python3.10/dist-packages:${PYTHONPATH} /usr/bin/python3 -W ignore:setup.py install is deprecated -W ignore:easy_install command is deprecated setup.py egg_info --egg-base ../../build/tello build --build-base /workspaces/tello-ros2/workspace/build/tello/build install --record /workspaces/tello-ros2/workspace/build/tello/install.log --install-scripts $base/lib/tello --single-version-externally-managed install_data
[20.324s] Level 1:colcon.colcon_core.environment:checking '/workspaces/tello-ros2/workspace/install/tello' for CMake module files
[20.326s] DEBUG:colcon.colcon_core.event_handler.log_command:Invoked command in '/workspaces/tello-ros2/workspace/src/tello' returned '0': AMENT_PREFIX_PATH=/workspaces/tello-ros2/workspace/install/tello_msg:${AMENT_PREFIX_PATH} CMAKE_PREFIX_PATH=/workspaces/tello-ros2/workspace/install/tello_msg LD_LIBRARY_PATH=/workspaces/tello-ros2/workspace/install/tello_msg/lib:${LD_LIBRARY_PATH} PYTHONPATH=/workspaces/tello-ros2/workspace/build/tello/prefix_override:/usr/lib/python3/dist-packages/colcon_core/task/python/colcon_distutils_commands:/workspaces/tello-ros2/workspace/install/tello/lib/python3.10/site-packages:/workspaces/tello-ros2/workspace/install/tello_msg/local/lib/python3.10/dist-packages:${PYTHONPATH} /usr/bin/python3 -W ignore:setup.py install is deprecated -W ignore:easy_install command is deprecated setup.py egg_info --egg-base ../../build/tello build --build-base /workspaces/tello-ros2/workspace/build/tello/build install --record /workspaces/tello-ros2/workspace/build/tello/install.log --install-scripts $base/lib/tello --single-version-externally-managed install_data
[20.410s] Level 1:colcon.colcon_core.environment:checking '/workspaces/tello-ros2/workspace/install/tello' for CMake config files
[20.521s] Level 1:colcon.colcon_core.environment:checking '/workspaces/tello-ros2/workspace/install/tello/lib'
[20.526s] Level 1:colcon.colcon_core.environment:checking '/workspaces/tello-ros2/workspace/install/tello/bin'
[20.528s] Level 1:colcon.colcon_core.environment:checking '/workspaces/tello-ros2/workspace/install/tello/lib/pkgconfig/tello.pc'
[20.537s] Level 1:colcon.colcon_core.environment:checking '/workspaces/tello-ros2/workspace/install/tello/lib/python3.10/site-packages'
[20.547s] Level 1:colcon.colcon_core.shell:create_environment_hook('tello', 'pythonpath')
[20.548s] INFO:colcon.colcon_core.shell:Creating environment hook '/workspaces/tello-ros2/workspace/install/tello/share/tello/hook/pythonpath.ps1'
[20.575s] INFO:colcon.colcon_core.shell:Creating environment descriptor '/workspaces/tello-ros2/workspace/install/tello/share/tello/hook/pythonpath.dsv'
[20.600s] INFO:colcon.colcon_core.shell:Creating environment hook '/workspaces/tello-ros2/workspace/install/tello/share/tello/hook/pythonpath.sh'
[20.619s] Level 1:colcon.colcon_core.environment:checking '/workspaces/tello-ros2/workspace/install/tello/bin'
[20.622s] Level 1:colcon.colcon_core.environment:create_environment_scripts_only(tello)
[20.623s] INFO:colcon.colcon_core.shell:Creating package script '/workspaces/tello-ros2/workspace/install/tello/share/tello/package.ps1'
[20.638s] INFO:colcon.colcon_core.shell:Creating package descriptor '/workspaces/tello-ros2/workspace/install/tello/share/tello/package.dsv'
[20.654s] INFO:colcon.colcon_core.shell:Creating package script '/workspaces/tello-ros2/workspace/install/tello/share/tello/package.sh'
[20.673s] INFO:colcon.colcon_core.shell:Creating package script '/workspaces/tello-ros2/workspace/install/tello/share/tello/package.bash'
[20.684s] INFO:colcon.colcon_core.shell:Creating package script '/workspaces/tello-ros2/workspace/install/tello/share/tello/package.zsh'
[20.698s] Level 1:colcon.colcon_core.environment:create_file_with_runtime_dependencies(/workspaces/tello-ros2/workspace/install/tello/share/colcon-core/packages/tello)
[20.707s] DEBUG:colcon.colcon_parallel_executor.executor.parallel:closing loop
[20.707s] DEBUG:colcon.colcon_parallel_executor.executor.parallel:loop closed
[20.708s] DEBUG:colcon.colcon_parallel_executor.executor.parallel:run_until_complete finished with '0'
[20.708s] DEBUG:colcon.colcon_core.event_reactor:joining thread
[20.742s] INFO:colcon.colcon_core.plugin_system:Skipping extension 'colcon_notification.desktop_notification.notify_send': Could not find 'notify-send'
[20.742s] INFO:colcon.colcon_core.plugin_system:Skipping extension 'colcon_notification.desktop_notification.terminal_notifier': Not used on non-Darwin systems
[20.743s] INFO:colcon.colcon_core.plugin_system:Skipping extension 'colcon_notification.desktop_notification.win32': Not used on non-Windows systems
[20.743s] INFO:colcon.colcon_notification.desktop_notification:Sending desktop notification using 'notify2'
[20.745s] DEBUG:colcon.colcon_notification.desktop_notification.notify2:Failed to initialize notify2: org.freedesktop.DBus.Error.Spawn.ExecFailed: /usr/bin/dbus-launch terminated abnormally without any error message
[20.745s] DEBUG:colcon.colcon_core.event_reactor:joined thread
[20.746s] INFO:colcon.colcon_core.shell:Creating prefix script '/workspaces/tello-ros2/workspace/install/local_setup.ps1'
[20.755s] INFO:colcon.colcon_core.shell:Creating prefix util module '/workspaces/tello-ros2/workspace/install/_local_setup_util_ps1.py'
[20.768s] INFO:colcon.colcon_core.shell:Creating prefix chain script '/workspaces/tello-ros2/workspace/install/setup.ps1'
[20.780s] INFO:colcon.colcon_core.shell:Creating prefix script '/workspaces/tello-ros2/workspace/install/local_setup.sh'
[20.792s] INFO:colcon.colcon_core.shell:Creating prefix util module '/workspaces/tello-ros2/workspace/install/_local_setup_util_sh.py'
[20.811s] INFO:colcon.colcon_core.shell:Creating prefix chain script '/workspaces/tello-ros2/workspace/install/setup.sh'
[20.823s] INFO:colcon.colcon_core.shell:Creating prefix script '/workspaces/tello-ros2/workspace/install/local_setup.bash'
[20.831s] INFO:colcon.colcon_core.shell:Creating prefix chain script '/workspaces/tello-ros2/workspace/install/setup.bash'
[20.841s] INFO:colcon.colcon_core.shell:Creating prefix script '/workspaces/tello-ros2/workspace/install/local_setup.zsh'
[20.848s] INFO:colcon.colcon_core.shell:Creating prefix chain script '/workspaces/tello-ros2/workspace/install/setup.zsh'
