/usr/local/lib/python3.10/dist-packages/setuptools/dist.py:717: UserWarning: Usage of dash-separated 'script-dir' will not be supported in future versions. Please use the underscore name 'script_dir' instead
  warnings.warn(
running egg_info
creating ../../build/tello/tello.egg-info
writing ../../build/tello/tello.egg-info/PKG-INFO
writing dependency_links to ../../build/tello/tello.egg-info/dependency_links.txt
writing entry points to ../../build/tello/tello.egg-info/entry_points.txt
writing requirements to ../../build/tello/tello.egg-info/requires.txt
writing top-level names to ../../build/tello/tello.egg-info/top_level.txt
writing manifest file '../../build/tello/tello.egg-info/SOURCES.txt'
reading manifest file '../../build/tello/tello.egg-info/SOURCES.txt'
adding license file 'LICENSE.txt'
writing manifest file '../../build/tello/tello.egg-info/SOURCES.txt'
running build
running build_py
creating /workspaces/tello-ros2/workspace/build/tello/build
creating /workspaces/tello-ros2/workspace/build/tello/build/lib
creating /workspaces/tello-ros2/workspace/build/tello/build/lib/tello
copying tello/node.py -> /workspaces/tello-ros2/workspace/build/tello/build/lib/tello
copying tello/__init__.py -> /workspaces/tello-ros2/workspace/build/tello/build/lib/tello
running install
running install_lib
creating /workspaces/tello-ros2/workspace/install/tello/lib/python3.10/site-packages/tello
copying /workspaces/tello-ros2/workspace/build/tello/build/lib/tello/node.py -> /workspaces/tello-ros2/workspace/install/tello/lib/python3.10/site-packages/tello
copying /workspaces/tello-ros2/workspace/build/tello/build/lib/tello/__init__.py -> /workspaces/tello-ros2/workspace/install/tello/lib/python3.10/site-packages/tello
byte-compiling /workspaces/tello-ros2/workspace/install/tello/lib/python3.10/site-packages/tello/node.py to node.cpython-310.pyc
byte-compiling /workspaces/tello-ros2/workspace/install/tello/lib/python3.10/site-packages/tello/__init__.py to __init__.cpython-310.pyc
running install_data
creating /workspaces/tello-ros2/workspace/install/tello/share/ament_index
creating /workspaces/tello-ros2/workspace/install/tello/share/ament_index/resource_index
creating /workspaces/tello-ros2/workspace/install/tello/share/ament_index/resource_index/packages
copying resource/tello -> /workspaces/tello-ros2/workspace/install/tello/share/ament_index/resource_index/packages
copying package.xml -> /workspaces/tello-ros2/workspace/install/tello/share/tello
copying resource/ost.txt -> /workspaces/tello-ros2/workspace/install/tello/share/tello
copying resource/ost.yaml -> /workspaces/tello-ros2/workspace/install/tello/share/tello
running install_egg_info
Copying ../../build/tello/tello.egg-info to /workspaces/tello-ros2/workspace/install/tello/lib/python3.10/site-packages/tello-0.1.0-py3.10.egg-info
running install_scripts
Installing tello script to /workspaces/tello-ros2/workspace/install/tello/lib/tello
writing list of installed files to '/workspaces/tello-ros2/workspace/build/tello/install.log'
