[0.110s] Invoking command in '/workspaces/tello-ros2/workspace/build/tello_control': CMAKE_PREFIX_PATH=/opt/ros/humble /usr/bin/cmake --build /workspaces/tello-ros2/workspace/build/tello_control -- -j16 -l16
[0.500s] [100%] Built target tello_control
[0.540s] Invoked command in '/workspaces/tello-ros2/workspace/build/tello_control' returned '0': CMAKE_PREFIX_PATH=/opt/ros/humble /usr/bin/cmake --build /workspaces/tello-ros2/workspace/build/tello_control -- -j16 -l16
[0.584s] Invoking command in '/workspaces/tello-ros2/workspace/build/tello_control': CMAKE_PREFIX_PATH=/opt/ros/humble /usr/bin/cmake --install /workspaces/tello-ros2/workspace/build/tello_control
[0.598s] -- Install configuration: ""
[0.698s] -- Up-to-date: /workspaces/tello-ros2/workspace/install/tello_control/lib/tello_control/tello_control
[0.898s] -- Up-to-date: /workspaces/tello-ros2/workspace/install/tello_control/share/ament_index/resource_index/package_run_dependencies/tello_control
[1.004s] -- Up-to-date: /workspaces/tello-ros2/workspace/install/tello_control/share/ament_index/resource_index/parent_prefix_path/tello_control
[1.053s] -- Up-to-date: /workspaces/tello-ros2/workspace/install/tello_control/share/tello_control/environment/ament_prefix_path.sh
[1.093s] -- Up-to-date: /workspaces/tello-ros2/workspace/install/tello_control/share/tello_control/environment/ament_prefix_path.dsv
[1.128s] -- Up-to-date: /workspaces/tello-ros2/workspace/install/tello_control/share/tello_control/environment/path.sh
[1.171s] -- Up-to-date: /workspaces/tello-ros2/workspace/install/tello_control/share/tello_control/environment/path.dsv
[1.215s] -- Up-to-date: /workspaces/tello-ros2/workspace/install/tello_control/share/tello_control/local_setup.bash
[1.253s] -- Up-to-date: /workspaces/tello-ros2/workspace/install/tello_control/share/tello_control/local_setup.sh
[1.288s] -- Up-to-date: /workspaces/tello-ros2/workspace/install/tello_control/share/tello_control/local_setup.zsh
[1.317s] -- Up-to-date: /workspaces/tello-ros2/workspace/install/tello_control/share/tello_control/local_setup.dsv
[1.356s] -- Installing: /workspaces/tello-ros2/workspace/install/tello_control/share/tello_control/package.dsv
[1.463s] -- Up-to-date: /workspaces/tello-ros2/workspace/install/tello_control/share/ament_index/resource_index/packages/tello_control
[1.495s] -- Up-to-date: /workspaces/tello-ros2/workspace/install/tello_control/share/tello_control/cmake/tello_controlConfig.cmake
[1.528s] -- Up-to-date: /workspaces/tello-ros2/workspace/install/tello_control/share/tello_control/cmake/tello_controlConfig-version.cmake
[1.562s] -- Up-to-date: /workspaces/tello-ros2/workspace/install/tello_control/share/tello_control/package.xml
[1.578s] Invoked command in '/workspaces/tello-ros2/workspace/build/tello_control' returned '0': CMAKE_PREFIX_PATH=/opt/ros/humble /usr/bin/cmake --install /workspaces/tello-ros2/workspace/build/tello_control
