[0.070s] Invoking command in '/workspaces/tello-ros2/workspace/build/tello_msg': CMAKE_PREFIX_PATH=/opt/ros/humble /usr/bin/cmake --build /workspaces/tello-ros2/workspace/build/tello_msg -- -j16 -l16
[0.525s] [  2%] Built target tello_msg__cpp
[0.824s] [ 12%] Built target tello_msg__rosidl_generator_c
[0.884s] [ 23%] Built target tello_msg__rosidl_typesupport_cpp
[0.966s] [ 34%] Built target tello_msg__rosidl_typesupport_introspection_cpp
[1.000s] [ 44%] Built target tello_msg__rosidl_typesupport_fastrtps_cpp
[1.171s] [ 55%] Built target tello_msg__rosidl_typesupport_c
[1.287s] [ 70%] Built target tello_msg__rosidl_typesupport_introspection_c
[1.308s] [ 76%] Built target tello_msg__rosidl_typesupport_fastrtps_c
[1.409s] [ 76%] Built target tello_msg
[1.607s] [ 78%] Built target tello_msg__py
[1.698s] [ 78%] Built target ament_cmake_python_copy_tello_msg
[1.867s] [ 87%] Built target tello_msg__rosidl_generator_py
[2.075s] [100%] Built target tello_msg__rosidl_typesupport_c__pyext
[2.078s] [100%] Built target tello_msg__rosidl_typesupport_introspection_c__pyext
[2.080s] [100%] Built target tello_msg__rosidl_typesupport_fastrtps_c__pyext
[2.136s] running egg_info
[2.141s] writing tello_msg.egg-info/PKG-INFO
[2.151s] writing dependency_links to tello_msg.egg-info/dependency_links.txt
[2.162s] writing top-level names to tello_msg.egg-info/top_level.txt
[2.216s] reading manifest file 'tello_msg.egg-info/SOURCES.txt'
[2.292s] writing manifest file 'tello_msg.egg-info/SOURCES.txt'
[2.324s] [100%] Built target ament_cmake_python_build_tello_msg_egg
[2.917s] Invoked command in '/workspaces/tello-ros2/workspace/build/tello_msg' returned '0': CMAKE_PREFIX_PATH=/opt/ros/humble /usr/bin/cmake --build /workspaces/tello-ros2/workspace/build/tello_msg -- -j16 -l16
[2.939s] Invoking command in '/workspaces/tello-ros2/workspace/build/tello_msg': CMAKE_PREFIX_PATH=/opt/ros/humble /usr/bin/cmake --install /workspaces/tello-ros2/workspace/build/tello_msg
[2.950s] -- Install configuration: ""
[2.987s] -- Up-to-date: /workspaces/tello-ros2/workspace/install/tello_msg/share/ament_index/resource_index/rosidl_interfaces/tello_msg
[3.010s] -- Up-to-date: /workspaces/tello-ros2/workspace/install/tello_msg/include/tello_msg/tello_msg
[3.048s] -- Up-to-date: /workspaces/tello-ros2/workspace/install/tello_msg/include/tello_msg/tello_msg/msg
[3.091s] -- Up-to-date: /workspaces/tello-ros2/workspace/install/tello_msg/include/tello_msg/tello_msg/msg/detail
[3.154s] -- Up-to-date: /workspaces/tello-ros2/workspace/install/tello_msg/include/tello_msg/tello_msg/msg/detail/tello_id__functions.c
[3.206s] -- Up-to-date: /workspaces/tello-ros2/workspace/install/tello_msg/include/tello_msg/tello_msg/msg/detail/tello_id__functions.h
[3.247s] -- Up-to-date: /workspaces/tello-ros2/workspace/install/tello_msg/include/tello_msg/tello_msg/msg/detail/tello_id__struct.h
[3.286s] -- Up-to-date: /workspaces/tello-ros2/workspace/install/tello_msg/include/tello_msg/tello_msg/msg/detail/tello_id__type_support.h
[3.329s] -- Up-to-date: /workspaces/tello-ros2/workspace/install/tello_msg/include/tello_msg/tello_msg/msg/detail/tello_status__functions.c
[3.354s] -- Up-to-date: /workspaces/tello-ros2/workspace/install/tello_msg/include/tello_msg/tello_msg/msg/detail/tello_status__functions.h
[3.383s] -- Up-to-date: /workspaces/tello-ros2/workspace/install/tello_msg/include/tello_msg/tello_msg/msg/detail/tello_status__struct.h
[3.426s] -- Up-to-date: /workspaces/tello-ros2/workspace/install/tello_msg/include/tello_msg/tello_msg/msg/detail/tello_status__type_support.h
[3.474s] -- Up-to-date: /workspaces/tello-ros2/workspace/install/tello_msg/include/tello_msg/tello_msg/msg/detail/tello_wifi_config__functions.c
[3.518s] -- Up-to-date: /workspaces/tello-ros2/workspace/install/tello_msg/include/tello_msg/tello_msg/msg/detail/tello_wifi_config__functions.h
[3.584s] -- Up-to-date: /workspaces/tello-ros2/workspace/install/tello_msg/include/tello_msg/tello_msg/msg/detail/tello_wifi_config__struct.h
[3.633s] -- Up-to-date: /workspaces/tello-ros2/workspace/install/tello_msg/include/tello_msg/tello_msg/msg/detail/tello_wifi_config__type_support.h
[3.675s] -- Up-to-date: /workspaces/tello-ros2/workspace/install/tello_msg/include/tello_msg/tello_msg/msg/rosidl_generator_c__visibility_control.h
[3.714s] -- Up-to-date: /workspaces/tello-ros2/workspace/install/tello_msg/include/tello_msg/tello_msg/msg/tello_id.h
[3.748s] -- Up-to-date: /workspaces/tello-ros2/workspace/install/tello_msg/include/tello_msg/tello_msg/msg/tello_status.h
[3.787s] -- Up-to-date: /workspaces/tello-ros2/workspace/install/tello_msg/include/tello_msg/tello_msg/msg/tello_wifi_config.h
[3.812s] -- Up-to-date: /workspaces/tello-ros2/workspace/install/tello_msg/share/tello_msg/environment/library_path.sh
[3.846s] -- Up-to-date: /workspaces/tello-ros2/workspace/install/tello_msg/share/tello_msg/environment/library_path.dsv
[3.923s] -- Up-to-date: /workspaces/tello-ros2/workspace/install/tello_msg/lib/libtello_msg__rosidl_generator_c.so
[4.001s] -- Up-to-date: /workspaces/tello-ros2/workspace/install/tello_msg/include/tello_msg/tello_msg
[4.038s] -- Up-to-date: /workspaces/tello-ros2/workspace/install/tello_msg/include/tello_msg/tello_msg/msg
[4.084s] -- Up-to-date: /workspaces/tello-ros2/workspace/install/tello_msg/include/tello_msg/tello_msg/msg/detail
[4.160s] -- Up-to-date: /workspaces/tello-ros2/workspace/install/tello_msg/include/tello_msg/tello_msg/msg/detail/tello_id__rosidl_typesupport_fastrtps_c.h
[4.222s] -- Up-to-date: /workspaces/tello-ros2/workspace/install/tello_msg/include/tello_msg/tello_msg/msg/detail/tello_status__rosidl_typesupport_fastrtps_c.h
[4.261s] -- Up-to-date: /workspaces/tello-ros2/workspace/install/tello_msg/include/tello_msg/tello_msg/msg/detail/tello_wifi_config__rosidl_typesupport_fastrtps_c.h
[4.296s] -- Up-to-date: /workspaces/tello-ros2/workspace/install/tello_msg/include/tello_msg/tello_msg/msg/rosidl_typesupport_fastrtps_c__visibility_control.h
[4.370s] -- Up-to-date: /workspaces/tello-ros2/workspace/install/tello_msg/lib/libtello_msg__rosidl_typesupport_fastrtps_c.so
[4.442s] -- Up-to-date: /workspaces/tello-ros2/workspace/install/tello_msg/include/tello_msg/tello_msg
[4.473s] -- Up-to-date: /workspaces/tello-ros2/workspace/install/tello_msg/include/tello_msg/tello_msg/msg
[4.516s] -- Up-to-date: /workspaces/tello-ros2/workspace/install/tello_msg/include/tello_msg/tello_msg/msg/detail
[4.572s] -- Up-to-date: /workspaces/tello-ros2/workspace/install/tello_msg/include/tello_msg/tello_msg/msg/detail/tello_id__rosidl_typesupport_introspection_c.h
[4.617s] -- Up-to-date: /workspaces/tello-ros2/workspace/install/tello_msg/include/tello_msg/tello_msg/msg/detail/tello_id__type_support.c
[4.654s] -- Up-to-date: /workspaces/tello-ros2/workspace/install/tello_msg/include/tello_msg/tello_msg/msg/detail/tello_status__rosidl_typesupport_introspection_c.h
[4.690s] -- Up-to-date: /workspaces/tello-ros2/workspace/install/tello_msg/include/tello_msg/tello_msg/msg/detail/tello_status__type_support.c
[4.735s] -- Up-to-date: /workspaces/tello-ros2/workspace/install/tello_msg/include/tello_msg/tello_msg/msg/detail/tello_wifi_config__rosidl_typesupport_introspection_c.h
[4.780s] -- Up-to-date: /workspaces/tello-ros2/workspace/install/tello_msg/include/tello_msg/tello_msg/msg/detail/tello_wifi_config__type_support.c
[4.808s] -- Up-to-date: /workspaces/tello-ros2/workspace/install/tello_msg/include/tello_msg/tello_msg/msg/rosidl_typesupport_introspection_c__visibility_control.h
[4.854s] -- Up-to-date: /workspaces/tello-ros2/workspace/install/tello_msg/lib/libtello_msg__rosidl_typesupport_introspection_c.so
[4.941s] -- Up-to-date: /workspaces/tello-ros2/workspace/install/tello_msg/lib/libtello_msg__rosidl_typesupport_c.so
[4.999s] -- Up-to-date: /workspaces/tello-ros2/workspace/install/tello_msg/include/tello_msg/tello_msg
[5.022s] -- Up-to-date: /workspaces/tello-ros2/workspace/install/tello_msg/include/tello_msg/tello_msg/msg
[5.056s] -- Up-to-date: /workspaces/tello-ros2/workspace/install/tello_msg/include/tello_msg/tello_msg/msg/detail
[5.110s] -- Up-to-date: /workspaces/tello-ros2/workspace/install/tello_msg/include/tello_msg/tello_msg/msg/detail/tello_id__builder.hpp
[5.151s] -- Up-to-date: /workspaces/tello-ros2/workspace/install/tello_msg/include/tello_msg/tello_msg/msg/detail/tello_id__struct.hpp
[5.190s] -- Up-to-date: /workspaces/tello-ros2/workspace/install/tello_msg/include/tello_msg/tello_msg/msg/detail/tello_id__traits.hpp
[5.232s] -- Up-to-date: /workspaces/tello-ros2/workspace/install/tello_msg/include/tello_msg/tello_msg/msg/detail/tello_status__builder.hpp
[5.272s] -- Up-to-date: /workspaces/tello-ros2/workspace/install/tello_msg/include/tello_msg/tello_msg/msg/detail/tello_status__struct.hpp
[5.320s] -- Up-to-date: /workspaces/tello-ros2/workspace/install/tello_msg/include/tello_msg/tello_msg/msg/detail/tello_status__traits.hpp
[5.384s] -- Up-to-date: /workspaces/tello-ros2/workspace/install/tello_msg/include/tello_msg/tello_msg/msg/detail/tello_wifi_config__builder.hpp
[5.431s] -- Up-to-date: /workspaces/tello-ros2/workspace/install/tello_msg/include/tello_msg/tello_msg/msg/detail/tello_wifi_config__struct.hpp
[5.470s] -- Up-to-date: /workspaces/tello-ros2/workspace/install/tello_msg/include/tello_msg/tello_msg/msg/detail/tello_wifi_config__traits.hpp
[5.505s] -- Up-to-date: /workspaces/tello-ros2/workspace/install/tello_msg/include/tello_msg/tello_msg/msg/tello_id.hpp
[5.540s] -- Up-to-date: /workspaces/tello-ros2/workspace/install/tello_msg/include/tello_msg/tello_msg/msg/tello_status.hpp
[5.575s] -- Up-to-date: /workspaces/tello-ros2/workspace/install/tello_msg/include/tello_msg/tello_msg/msg/tello_wifi_config.hpp
[5.603s] -- Up-to-date: /workspaces/tello-ros2/workspace/install/tello_msg/include/tello_msg/tello_msg
[5.648s] -- Up-to-date: /workspaces/tello-ros2/workspace/install/tello_msg/include/tello_msg/tello_msg/msg
[5.688s] -- Up-to-date: /workspaces/tello-ros2/workspace/install/tello_msg/include/tello_msg/tello_msg/msg/detail
[5.740s] -- Up-to-date: /workspaces/tello-ros2/workspace/install/tello_msg/include/tello_msg/tello_msg/msg/detail/dds_fastrtps
[5.801s] -- Up-to-date: /workspaces/tello-ros2/workspace/install/tello_msg/include/tello_msg/tello_msg/msg/detail/tello_id__rosidl_typesupport_fastrtps_cpp.hpp
[5.837s] -- Up-to-date: /workspaces/tello-ros2/workspace/install/tello_msg/include/tello_msg/tello_msg/msg/detail/tello_status__rosidl_typesupport_fastrtps_cpp.hpp
[5.874s] -- Up-to-date: /workspaces/tello-ros2/workspace/install/tello_msg/include/tello_msg/tello_msg/msg/detail/tello_wifi_config__rosidl_typesupport_fastrtps_cpp.hpp
[5.906s] -- Up-to-date: /workspaces/tello-ros2/workspace/install/tello_msg/include/tello_msg/tello_msg/msg/rosidl_typesupport_fastrtps_cpp__visibility_control.h
[5.965s] -- Up-to-date: /workspaces/tello-ros2/workspace/install/tello_msg/lib/libtello_msg__rosidl_typesupport_fastrtps_cpp.so
[6.040s] -- Up-to-date: /workspaces/tello-ros2/workspace/install/tello_msg/include/tello_msg/tello_msg
[6.070s] -- Up-to-date: /workspaces/tello-ros2/workspace/install/tello_msg/include/tello_msg/tello_msg/msg
[6.106s] -- Up-to-date: /workspaces/tello-ros2/workspace/install/tello_msg/include/tello_msg/tello_msg/msg/detail
[6.151s] -- Up-to-date: /workspaces/tello-ros2/workspace/install/tello_msg/include/tello_msg/tello_msg/msg/detail/tello_id__rosidl_typesupport_introspection_cpp.hpp
[6.184s] -- Up-to-date: /workspaces/tello-ros2/workspace/install/tello_msg/include/tello_msg/tello_msg/msg/detail/tello_id__type_support.cpp
[6.218s] -- Up-to-date: /workspaces/tello-ros2/workspace/install/tello_msg/include/tello_msg/tello_msg/msg/detail/tello_status__rosidl_typesupport_introspection_cpp.hpp
[6.260s] -- Up-to-date: /workspaces/tello-ros2/workspace/install/tello_msg/include/tello_msg/tello_msg/msg/detail/tello_status__type_support.cpp
[6.299s] -- Up-to-date: /workspaces/tello-ros2/workspace/install/tello_msg/include/tello_msg/tello_msg/msg/detail/tello_wifi_config__rosidl_typesupport_introspection_cpp.hpp
[6.335s] -- Up-to-date: /workspaces/tello-ros2/workspace/install/tello_msg/include/tello_msg/tello_msg/msg/detail/tello_wifi_config__type_support.cpp
[6.397s] -- Up-to-date: /workspaces/tello-ros2/workspace/install/tello_msg/lib/libtello_msg__rosidl_typesupport_introspection_cpp.so
[6.492s] -- Up-to-date: /workspaces/tello-ros2/workspace/install/tello_msg/lib/libtello_msg__rosidl_typesupport_cpp.so
[6.564s] -- Up-to-date: /workspaces/tello-ros2/workspace/install/tello_msg/share/tello_msg/environment/pythonpath.sh
[6.593s] -- Up-to-date: /workspaces/tello-ros2/workspace/install/tello_msg/share/tello_msg/environment/pythonpath.dsv
[6.617s] -- Up-to-date: /workspaces/tello-ros2/workspace/install/tello_msg/local/lib/python3.10/dist-packages/tello_msg-0.0.1-py3.10.egg-info
[6.663s] -- Installing: /workspaces/tello-ros2/workspace/install/tello_msg/local/lib/python3.10/dist-packages/tello_msg-0.0.1-py3.10.egg-info/dependency_links.txt
[6.791s] -- Installing: /workspaces/tello-ros2/workspace/install/tello_msg/local/lib/python3.10/dist-packages/tello_msg-0.0.1-py3.10.egg-info/PKG-INFO
[6.922s] -- Installing: /workspaces/tello-ros2/workspace/install/tello_msg/local/lib/python3.10/dist-packages/tello_msg-0.0.1-py3.10.egg-info/SOURCES.txt
[7.026s] -- Installing: /workspaces/tello-ros2/workspace/install/tello_msg/local/lib/python3.10/dist-packages/tello_msg-0.0.1-py3.10.egg-info/top_level.txt
[7.128s] -- Up-to-date: /workspaces/tello-ros2/workspace/install/tello_msg/local/lib/python3.10/dist-packages/tello_msg
[7.176s] -- Up-to-date: /workspaces/tello-ros2/workspace/install/tello_msg/local/lib/python3.10/dist-packages/tello_msg/libtello_msg__rosidl_generator_py.so
[7.195s] -- Up-to-date: /workspaces/tello-ros2/workspace/install/tello_msg/local/lib/python3.10/dist-packages/tello_msg/msg
[7.243s] -- Up-to-date: /workspaces/tello-ros2/workspace/install/tello_msg/local/lib/python3.10/dist-packages/tello_msg/msg/_tello_id.py
[7.282s] -- Up-to-date: /workspaces/tello-ros2/workspace/install/tello_msg/local/lib/python3.10/dist-packages/tello_msg/msg/_tello_id_s.c
[7.319s] -- Up-to-date: /workspaces/tello-ros2/workspace/install/tello_msg/local/lib/python3.10/dist-packages/tello_msg/msg/_tello_status.py
[7.353s] -- Up-to-date: /workspaces/tello-ros2/workspace/install/tello_msg/local/lib/python3.10/dist-packages/tello_msg/msg/_tello_status_s.c
[7.383s] -- Up-to-date: /workspaces/tello-ros2/workspace/install/tello_msg/local/lib/python3.10/dist-packages/tello_msg/msg/_tello_wifi_config.py
[7.417s] -- Up-to-date: /workspaces/tello-ros2/workspace/install/tello_msg/local/lib/python3.10/dist-packages/tello_msg/msg/_tello_wifi_config_s.c
[7.456s] -- Up-to-date: /workspaces/tello-ros2/workspace/install/tello_msg/local/lib/python3.10/dist-packages/tello_msg/msg/__init__.py
[7.490s] -- Up-to-date: /workspaces/tello-ros2/workspace/install/tello_msg/local/lib/python3.10/dist-packages/tello_msg/tello_msg_s__rosidl_typesupport_c.cpython-310-x86_64-linux-gnu.so
[7.520s] -- Up-to-date: /workspaces/tello-ros2/workspace/install/tello_msg/local/lib/python3.10/dist-packages/tello_msg/tello_msg_s__rosidl_typesupport_fastrtps_c.cpython-310-x86_64-linux-gnu.so
[7.554s] -- Up-to-date: /workspaces/tello-ros2/workspace/install/tello_msg/local/lib/python3.10/dist-packages/tello_msg/tello_msg_s__rosidl_typesupport_introspection_c.cpython-310-x86_64-linux-gnu.so
[7.589s] -- Up-to-date: /workspaces/tello-ros2/workspace/install/tello_msg/local/lib/python3.10/dist-packages/tello_msg/_tello_msg_s.ep.rosidl_typesupport_c.c
[7.614s] -- Up-to-date: /workspaces/tello-ros2/workspace/install/tello_msg/local/lib/python3.10/dist-packages/tello_msg/_tello_msg_s.ep.rosidl_typesupport_fastrtps_c.c
[7.646s] -- Up-to-date: /workspaces/tello-ros2/workspace/install/tello_msg/local/lib/python3.10/dist-packages/tello_msg/_tello_msg_s.ep.rosidl_typesupport_introspection_c.c
[7.679s] -- Up-to-date: /workspaces/tello-ros2/workspace/install/tello_msg/local/lib/python3.10/dist-packages/tello_msg/__init__.py
[8.015s] Listing '/workspaces/tello-ros2/workspace/install/tello_msg/local/lib/python3.10/dist-packages/tello_msg'...
[8.021s] Listing '/workspaces/tello-ros2/workspace/install/tello_msg/local/lib/python3.10/dist-packages/tello_msg/msg'...
[8.109s] -- Up-to-date: /workspaces/tello-ros2/workspace/install/tello_msg/local/lib/python3.10/dist-packages/tello_msg/tello_msg_s__rosidl_typesupport_fastrtps_c.cpython-310-x86_64-linux-gnu.so
[8.268s] -- Up-to-date: /workspaces/tello-ros2/workspace/install/tello_msg/local/lib/python3.10/dist-packages/tello_msg/tello_msg_s__rosidl_typesupport_introspection_c.cpython-310-x86_64-linux-gnu.so
[8.408s] -- Up-to-date: /workspaces/tello-ros2/workspace/install/tello_msg/local/lib/python3.10/dist-packages/tello_msg/tello_msg_s__rosidl_typesupport_c.cpython-310-x86_64-linux-gnu.so
[8.549s] -- Up-to-date: /workspaces/tello-ros2/workspace/install/tello_msg/lib/libtello_msg__rosidl_generator_py.so
[8.631s] -- Up-to-date: /workspaces/tello-ros2/workspace/install/tello_msg/share/tello_msg/msg/TelloStatus.idl
[8.666s] -- Up-to-date: /workspaces/tello-ros2/workspace/install/tello_msg/share/tello_msg/msg/TelloID.idl
[8.708s] -- Up-to-date: /workspaces/tello-ros2/workspace/install/tello_msg/share/tello_msg/msg/TelloWifiConfig.idl
[8.749s] -- Up-to-date: /workspaces/tello-ros2/workspace/install/tello_msg/share/tello_msg/msg/TelloStatus.msg
[8.792s] -- Up-to-date: /workspaces/tello-ros2/workspace/install/tello_msg/share/tello_msg/msg/TelloID.msg
[8.832s] -- Up-to-date: /workspaces/tello-ros2/workspace/install/tello_msg/share/tello_msg/msg/TelloWifiConfig.msg
[8.876s] -- Up-to-date: /workspaces/tello-ros2/workspace/install/tello_msg/share/ament_index/resource_index/package_run_dependencies/tello_msg
[8.922s] -- Up-to-date: /workspaces/tello-ros2/workspace/install/tello_msg/share/ament_index/resource_index/parent_prefix_path/tello_msg
[8.946s] -- Up-to-date: /workspaces/tello-ros2/workspace/install/tello_msg/share/tello_msg/environment/ament_prefix_path.sh
[8.973s] -- Up-to-date: /workspaces/tello-ros2/workspace/install/tello_msg/share/tello_msg/environment/ament_prefix_path.dsv
[8.998s] -- Up-to-date: /workspaces/tello-ros2/workspace/install/tello_msg/share/tello_msg/environment/path.sh
[9.027s] -- Up-to-date: /workspaces/tello-ros2/workspace/install/tello_msg/share/tello_msg/environment/path.dsv
[9.058s] -- Up-to-date: /workspaces/tello-ros2/workspace/install/tello_msg/share/tello_msg/local_setup.bash
[9.084s] -- Up-to-date: /workspaces/tello-ros2/workspace/install/tello_msg/share/tello_msg/local_setup.sh
[9.113s] -- Up-to-date: /workspaces/tello-ros2/workspace/install/tello_msg/share/tello_msg/local_setup.zsh
[9.140s] -- Up-to-date: /workspaces/tello-ros2/workspace/install/tello_msg/share/tello_msg/local_setup.dsv
[9.175s] -- Installing: /workspaces/tello-ros2/workspace/install/tello_msg/share/tello_msg/package.dsv
[9.307s] -- Up-to-date: /workspaces/tello-ros2/workspace/install/tello_msg/share/ament_index/resource_index/packages/tello_msg
[9.376s] -- Up-to-date: /workspaces/tello-ros2/workspace/install/tello_msg/share/tello_msg/cmake/export_tello_msg__rosidl_generator_cExport.cmake
[9.431s] -- Up-to-date: /workspaces/tello-ros2/workspace/install/tello_msg/share/tello_msg/cmake/export_tello_msg__rosidl_generator_cExport-noconfig.cmake
[9.499s] -- Up-to-date: /workspaces/tello-ros2/workspace/install/tello_msg/share/tello_msg/cmake/export_tello_msg__rosidl_typesupport_fastrtps_cExport.cmake
[9.545s] -- Up-to-date: /workspaces/tello-ros2/workspace/install/tello_msg/share/tello_msg/cmake/export_tello_msg__rosidl_typesupport_fastrtps_cExport-noconfig.cmake
[9.590s] -- Up-to-date: /workspaces/tello-ros2/workspace/install/tello_msg/share/tello_msg/cmake/tello_msg__rosidl_typesupport_introspection_cExport.cmake
[9.619s] -- Up-to-date: /workspaces/tello-ros2/workspace/install/tello_msg/share/tello_msg/cmake/tello_msg__rosidl_typesupport_introspection_cExport-noconfig.cmake
[9.694s] -- Up-to-date: /workspaces/tello-ros2/workspace/install/tello_msg/share/tello_msg/cmake/tello_msg__rosidl_typesupport_cExport.cmake
[9.747s] -- Up-to-date: /workspaces/tello-ros2/workspace/install/tello_msg/share/tello_msg/cmake/tello_msg__rosidl_typesupport_cExport-noconfig.cmake
[9.815s] -- Up-to-date: /workspaces/tello-ros2/workspace/install/tello_msg/share/tello_msg/cmake/export_tello_msg__rosidl_generator_cppExport.cmake
[9.895s] -- Up-to-date: /workspaces/tello-ros2/workspace/install/tello_msg/share/tello_msg/cmake/export_tello_msg__rosidl_typesupport_fastrtps_cppExport.cmake
[9.946s] -- Up-to-date: /workspaces/tello-ros2/workspace/install/tello_msg/share/tello_msg/cmake/export_tello_msg__rosidl_typesupport_fastrtps_cppExport-noconfig.cmake
[10.033s] -- Up-to-date: /workspaces/tello-ros2/workspace/install/tello_msg/share/tello_msg/cmake/tello_msg__rosidl_typesupport_introspection_cppExport.cmake
[10.078s] -- Up-to-date: /workspaces/tello-ros2/workspace/install/tello_msg/share/tello_msg/cmake/tello_msg__rosidl_typesupport_introspection_cppExport-noconfig.cmake
[10.180s] -- Up-to-date: /workspaces/tello-ros2/workspace/install/tello_msg/share/tello_msg/cmake/tello_msg__rosidl_typesupport_cppExport.cmake
[10.219s] -- Up-to-date: /workspaces/tello-ros2/workspace/install/tello_msg/share/tello_msg/cmake/tello_msg__rosidl_typesupport_cppExport-noconfig.cmake
[10.299s] -- Up-to-date: /workspaces/tello-ros2/workspace/install/tello_msg/share/tello_msg/cmake/export_tello_msg__rosidl_generator_pyExport.cmake
[10.375s] -- Up-to-date: /workspaces/tello-ros2/workspace/install/tello_msg/share/tello_msg/cmake/export_tello_msg__rosidl_generator_pyExport-noconfig.cmake
[10.419s] -- Up-to-date: /workspaces/tello-ros2/workspace/install/tello_msg/share/tello_msg/cmake/rosidl_cmake-extras.cmake
[10.452s] -- Up-to-date: /workspaces/tello-ros2/workspace/install/tello_msg/share/tello_msg/cmake/ament_cmake_export_dependencies-extras.cmake
[10.482s] -- Up-to-date: /workspaces/tello-ros2/workspace/install/tello_msg/share/tello_msg/cmake/ament_cmake_export_include_directories-extras.cmake
[10.523s] -- Up-to-date: /workspaces/tello-ros2/workspace/install/tello_msg/share/tello_msg/cmake/ament_cmake_export_libraries-extras.cmake
[10.552s] -- Up-to-date: /workspaces/tello-ros2/workspace/install/tello_msg/share/tello_msg/cmake/ament_cmake_export_targets-extras.cmake
[10.580s] -- Up-to-date: /workspaces/tello-ros2/workspace/install/tello_msg/share/tello_msg/cmake/rosidl_cmake_export_typesupport_targets-extras.cmake
[10.609s] -- Up-to-date: /workspaces/tello-ros2/workspace/install/tello_msg/share/tello_msg/cmake/rosidl_cmake_export_typesupport_libraries-extras.cmake
[10.648s] -- Up-to-date: /workspaces/tello-ros2/workspace/install/tello_msg/share/tello_msg/cmake/tello_msgConfig.cmake
[10.674s] -- Up-to-date: /workspaces/tello-ros2/workspace/install/tello_msg/share/tello_msg/cmake/tello_msgConfig-version.cmake
[10.709s] -- Up-to-date: /workspaces/tello-ros2/workspace/install/tello_msg/share/tello_msg/package.xml
[10.733s] Invoked command in '/workspaces/tello-ros2/workspace/build/tello_msg' returned '0': CMAKE_PREFIX_PATH=/opt/ros/humble /usr/bin/cmake --install /workspaces/tello-ros2/workspace/build/tello_msg
