[0.095s] Invoking command in '/workspaces/tello-ros2/workspace/build/tello_msg': CMAKE_PREFIX_PATH=/opt/ros/humble /usr/bin/cmake --build /workspaces/tello-ros2/workspace/build/tello_msg -- -j16 -l16
[0.668s] [  2%] Built target tello_msg__cpp
[1.021s] [ 12%] Built target tello_msg__rosidl_generator_c
[1.113s] [ 23%] Built target tello_msg__rosidl_typesupport_cpp
[1.217s] [ 34%] Built target tello_msg__rosidl_typesupport_introspection_cpp
[1.276s] [ 44%] Built target tello_msg__rosidl_typesupport_fastrtps_cpp
[1.492s] [ 55%] Built target tello_msg__rosidl_typesupport_c
[1.558s] [ 76%] Built target tello_msg__rosidl_typesupport_fastrtps_c
[1.561s] [ 76%] Built target tello_msg__rosidl_typesupport_introspection_c
[1.654s] [ 76%] Built target tello_msg
[1.818s] [ 78%] Built target tello_msg__py
[1.936s] [ 78%] Built target ament_cmake_python_copy_tello_msg
[2.068s] [ 87%] Built target tello_msg__rosidl_generator_py
[2.253s] [100%] Built target tello_msg__rosidl_typesupport_c__pyext
[2.254s] [100%] Built target tello_msg__rosidl_typesupport_fastrtps_c__pyext
[2.255s] [100%] Built target tello_msg__rosidl_typesupport_introspection_c__pyext
[2.316s] running egg_info
[2.320s] writing tello_msg.egg-info/PKG-INFO
[2.329s] writing dependency_links to tello_msg.egg-info/dependency_links.txt
[2.344s] writing top-level names to tello_msg.egg-info/top_level.txt
[2.393s] reading manifest file 'tello_msg.egg-info/SOURCES.txt'
[2.456s] writing manifest file 'tello_msg.egg-info/SOURCES.txt'
[2.488s] [100%] Built target ament_cmake_python_build_tello_msg_egg
[2.938s] Invoked command in '/workspaces/tello-ros2/workspace/build/tello_msg' returned '0': CMAKE_PREFIX_PATH=/opt/ros/humble /usr/bin/cmake --build /workspaces/tello-ros2/workspace/build/tello_msg -- -j16 -l16
[2.976s] Invoking command in '/workspaces/tello-ros2/workspace/build/tello_msg': CMAKE_PREFIX_PATH=/opt/ros/humble /usr/bin/cmake --install /workspaces/tello-ros2/workspace/build/tello_msg
[2.998s] -- Install configuration: ""
[3.043s] -- Up-to-date: /workspaces/tello-ros2/workspace/install/tello_msg/share/ament_index/resource_index/rosidl_interfaces/tello_msg
[3.062s] -- Up-to-date: /workspaces/tello-ros2/workspace/install/tello_msg/include/tello_msg/tello_msg
[3.096s] -- Up-to-date: /workspaces/tello-ros2/workspace/install/tello_msg/include/tello_msg/tello_msg/msg
[3.150s] -- Up-to-date: /workspaces/tello-ros2/workspace/install/tello_msg/include/tello_msg/tello_msg/msg/detail
[3.246s] -- Up-to-date: /workspaces/tello-ros2/workspace/install/tello_msg/include/tello_msg/tello_msg/msg/detail/tello_id__functions.c
[3.309s] -- Up-to-date: /workspaces/tello-ros2/workspace/install/tello_msg/include/tello_msg/tello_msg/msg/detail/tello_id__functions.h
[3.375s] -- Up-to-date: /workspaces/tello-ros2/workspace/install/tello_msg/include/tello_msg/tello_msg/msg/detail/tello_id__struct.h
[3.424s] -- Up-to-date: /workspaces/tello-ros2/workspace/install/tello_msg/include/tello_msg/tello_msg/msg/detail/tello_id__type_support.h
[3.458s] -- Up-to-date: /workspaces/tello-ros2/workspace/install/tello_msg/include/tello_msg/tello_msg/msg/detail/tello_status__functions.c
[3.493s] -- Up-to-date: /workspaces/tello-ros2/workspace/install/tello_msg/include/tello_msg/tello_msg/msg/detail/tello_status__functions.h
[3.551s] -- Up-to-date: /workspaces/tello-ros2/workspace/install/tello_msg/include/tello_msg/tello_msg/msg/detail/tello_status__struct.h
[3.600s] -- Up-to-date: /workspaces/tello-ros2/workspace/install/tello_msg/include/tello_msg/tello_msg/msg/detail/tello_status__type_support.h
[3.673s] -- Up-to-date: /workspaces/tello-ros2/workspace/install/tello_msg/include/tello_msg/tello_msg/msg/detail/tello_wifi_config__functions.c
[3.713s] -- Up-to-date: /workspaces/tello-ros2/workspace/install/tello_msg/include/tello_msg/tello_msg/msg/detail/tello_wifi_config__functions.h
[3.758s] -- Up-to-date: /workspaces/tello-ros2/workspace/install/tello_msg/include/tello_msg/tello_msg/msg/detail/tello_wifi_config__struct.h
[3.792s] -- Up-to-date: /workspaces/tello-ros2/workspace/install/tello_msg/include/tello_msg/tello_msg/msg/detail/tello_wifi_config__type_support.h
[3.837s] -- Up-to-date: /workspaces/tello-ros2/workspace/install/tello_msg/include/tello_msg/tello_msg/msg/rosidl_generator_c__visibility_control.h
[3.897s] -- Up-to-date: /workspaces/tello-ros2/workspace/install/tello_msg/include/tello_msg/tello_msg/msg/tello_id.h
[3.957s] -- Up-to-date: /workspaces/tello-ros2/workspace/install/tello_msg/include/tello_msg/tello_msg/msg/tello_status.h
[3.993s] -- Up-to-date: /workspaces/tello-ros2/workspace/install/tello_msg/include/tello_msg/tello_msg/msg/tello_wifi_config.h
[4.033s] -- Up-to-date: /workspaces/tello-ros2/workspace/install/tello_msg/share/tello_msg/environment/library_path.sh
[4.075s] -- Up-to-date: /workspaces/tello-ros2/workspace/install/tello_msg/share/tello_msg/environment/library_path.dsv
[4.173s] -- Up-to-date: /workspaces/tello-ros2/workspace/install/tello_msg/lib/libtello_msg__rosidl_generator_c.so
[4.255s] -- Up-to-date: /workspaces/tello-ros2/workspace/install/tello_msg/include/tello_msg/tello_msg
[4.308s] -- Up-to-date: /workspaces/tello-ros2/workspace/install/tello_msg/include/tello_msg/tello_msg/msg
[4.363s] -- Up-to-date: /workspaces/tello-ros2/workspace/install/tello_msg/include/tello_msg/tello_msg/msg/detail
[4.432s] -- Up-to-date: /workspaces/tello-ros2/workspace/install/tello_msg/include/tello_msg/tello_msg/msg/detail/tello_id__rosidl_typesupport_fastrtps_c.h
[4.480s] -- Up-to-date: /workspaces/tello-ros2/workspace/install/tello_msg/include/tello_msg/tello_msg/msg/detail/tello_status__rosidl_typesupport_fastrtps_c.h
[4.533s] -- Up-to-date: /workspaces/tello-ros2/workspace/install/tello_msg/include/tello_msg/tello_msg/msg/detail/tello_wifi_config__rosidl_typesupport_fastrtps_c.h
[4.576s] -- Up-to-date: /workspaces/tello-ros2/workspace/install/tello_msg/include/tello_msg/tello_msg/msg/rosidl_typesupport_fastrtps_c__visibility_control.h
[4.701s] -- Up-to-date: /workspaces/tello-ros2/workspace/install/tello_msg/lib/libtello_msg__rosidl_typesupport_fastrtps_c.so
[4.784s] -- Up-to-date: /workspaces/tello-ros2/workspace/install/tello_msg/include/tello_msg/tello_msg
[4.819s] -- Up-to-date: /workspaces/tello-ros2/workspace/install/tello_msg/include/tello_msg/tello_msg/msg
[4.865s] -- Up-to-date: /workspaces/tello-ros2/workspace/install/tello_msg/include/tello_msg/tello_msg/msg/detail
[4.937s] -- Up-to-date: /workspaces/tello-ros2/workspace/install/tello_msg/include/tello_msg/tello_msg/msg/detail/tello_id__rosidl_typesupport_introspection_c.h
[4.977s] -- Up-to-date: /workspaces/tello-ros2/workspace/install/tello_msg/include/tello_msg/tello_msg/msg/detail/tello_id__type_support.c
[5.040s] -- Up-to-date: /workspaces/tello-ros2/workspace/install/tello_msg/include/tello_msg/tello_msg/msg/detail/tello_status__rosidl_typesupport_introspection_c.h
[5.093s] -- Up-to-date: /workspaces/tello-ros2/workspace/install/tello_msg/include/tello_msg/tello_msg/msg/detail/tello_status__type_support.c
[5.147s] -- Up-to-date: /workspaces/tello-ros2/workspace/install/tello_msg/include/tello_msg/tello_msg/msg/detail/tello_wifi_config__rosidl_typesupport_introspection_c.h
[5.205s] -- Up-to-date: /workspaces/tello-ros2/workspace/install/tello_msg/include/tello_msg/tello_msg/msg/detail/tello_wifi_config__type_support.c
[5.240s] -- Up-to-date: /workspaces/tello-ros2/workspace/install/tello_msg/include/tello_msg/tello_msg/msg/rosidl_typesupport_introspection_c__visibility_control.h
[5.331s] -- Up-to-date: /workspaces/tello-ros2/workspace/install/tello_msg/lib/libtello_msg__rosidl_typesupport_introspection_c.so
[5.463s] -- Up-to-date: /workspaces/tello-ros2/workspace/install/tello_msg/lib/libtello_msg__rosidl_typesupport_c.so
[5.513s] -- Up-to-date: /workspaces/tello-ros2/workspace/install/tello_msg/include/tello_msg/tello_msg
[5.549s] -- Up-to-date: /workspaces/tello-ros2/workspace/install/tello_msg/include/tello_msg/tello_msg/msg
[5.602s] -- Up-to-date: /workspaces/tello-ros2/workspace/install/tello_msg/include/tello_msg/tello_msg/msg/detail
[5.659s] -- Up-to-date: /workspaces/tello-ros2/workspace/install/tello_msg/include/tello_msg/tello_msg/msg/detail/tello_id__builder.hpp
[5.702s] -- Up-to-date: /workspaces/tello-ros2/workspace/install/tello_msg/include/tello_msg/tello_msg/msg/detail/tello_id__struct.hpp
[5.744s] -- Up-to-date: /workspaces/tello-ros2/workspace/install/tello_msg/include/tello_msg/tello_msg/msg/detail/tello_id__traits.hpp
[5.790s] -- Up-to-date: /workspaces/tello-ros2/workspace/install/tello_msg/include/tello_msg/tello_msg/msg/detail/tello_status__builder.hpp
[5.824s] -- Up-to-date: /workspaces/tello-ros2/workspace/install/tello_msg/include/tello_msg/tello_msg/msg/detail/tello_status__struct.hpp
[5.856s] -- Up-to-date: /workspaces/tello-ros2/workspace/install/tello_msg/include/tello_msg/tello_msg/msg/detail/tello_status__traits.hpp
[5.916s] -- Up-to-date: /workspaces/tello-ros2/workspace/install/tello_msg/include/tello_msg/tello_msg/msg/detail/tello_wifi_config__builder.hpp
[5.979s] -- Up-to-date: /workspaces/tello-ros2/workspace/install/tello_msg/include/tello_msg/tello_msg/msg/detail/tello_wifi_config__struct.hpp
[6.047s] -- Up-to-date: /workspaces/tello-ros2/workspace/install/tello_msg/include/tello_msg/tello_msg/msg/detail/tello_wifi_config__traits.hpp
[6.076s] -- Up-to-date: /workspaces/tello-ros2/workspace/install/tello_msg/include/tello_msg/tello_msg/msg/tello_id.hpp
[6.116s] -- Up-to-date: /workspaces/tello-ros2/workspace/install/tello_msg/include/tello_msg/tello_msg/msg/tello_status.hpp
[6.167s] -- Up-to-date: /workspaces/tello-ros2/workspace/install/tello_msg/include/tello_msg/tello_msg/msg/tello_wifi_config.hpp
[6.190s] -- Up-to-date: /workspaces/tello-ros2/workspace/install/tello_msg/include/tello_msg/tello_msg
[6.220s] -- Up-to-date: /workspaces/tello-ros2/workspace/install/tello_msg/include/tello_msg/tello_msg/msg
[6.263s] -- Up-to-date: /workspaces/tello-ros2/workspace/install/tello_msg/include/tello_msg/tello_msg/msg/detail
[6.336s] -- Up-to-date: /workspaces/tello-ros2/workspace/install/tello_msg/include/tello_msg/tello_msg/msg/detail/dds_fastrtps
[6.389s] -- Up-to-date: /workspaces/tello-ros2/workspace/install/tello_msg/include/tello_msg/tello_msg/msg/detail/tello_id__rosidl_typesupport_fastrtps_cpp.hpp
[6.450s] -- Up-to-date: /workspaces/tello-ros2/workspace/install/tello_msg/include/tello_msg/tello_msg/msg/detail/tello_status__rosidl_typesupport_fastrtps_cpp.hpp
[6.518s] -- Up-to-date: /workspaces/tello-ros2/workspace/install/tello_msg/include/tello_msg/tello_msg/msg/detail/tello_wifi_config__rosidl_typesupport_fastrtps_cpp.hpp
[6.580s] -- Up-to-date: /workspaces/tello-ros2/workspace/install/tello_msg/include/tello_msg/tello_msg/msg/rosidl_typesupport_fastrtps_cpp__visibility_control.h
[6.710s] -- Up-to-date: /workspaces/tello-ros2/workspace/install/tello_msg/lib/libtello_msg__rosidl_typesupport_fastrtps_cpp.so
[6.807s] -- Up-to-date: /workspaces/tello-ros2/workspace/install/tello_msg/include/tello_msg/tello_msg
[6.855s] -- Up-to-date: /workspaces/tello-ros2/workspace/install/tello_msg/include/tello_msg/tello_msg/msg
[6.920s] -- Up-to-date: /workspaces/tello-ros2/workspace/install/tello_msg/include/tello_msg/tello_msg/msg/detail
[7.014s] -- Up-to-date: /workspaces/tello-ros2/workspace/install/tello_msg/include/tello_msg/tello_msg/msg/detail/tello_id__rosidl_typesupport_introspection_cpp.hpp
[7.060s] -- Up-to-date: /workspaces/tello-ros2/workspace/install/tello_msg/include/tello_msg/tello_msg/msg/detail/tello_id__type_support.cpp
[7.094s] -- Up-to-date: /workspaces/tello-ros2/workspace/install/tello_msg/include/tello_msg/tello_msg/msg/detail/tello_status__rosidl_typesupport_introspection_cpp.hpp
[7.168s] -- Up-to-date: /workspaces/tello-ros2/workspace/install/tello_msg/include/tello_msg/tello_msg/msg/detail/tello_status__type_support.cpp
[7.219s] -- Up-to-date: /workspaces/tello-ros2/workspace/install/tello_msg/include/tello_msg/tello_msg/msg/detail/tello_wifi_config__rosidl_typesupport_introspection_cpp.hpp
[7.275s] -- Up-to-date: /workspaces/tello-ros2/workspace/install/tello_msg/include/tello_msg/tello_msg/msg/detail/tello_wifi_config__type_support.cpp
[7.363s] -- Up-to-date: /workspaces/tello-ros2/workspace/install/tello_msg/lib/libtello_msg__rosidl_typesupport_introspection_cpp.so
[7.509s] -- Up-to-date: /workspaces/tello-ros2/workspace/install/tello_msg/lib/libtello_msg__rosidl_typesupport_cpp.so
[7.577s] -- Up-to-date: /workspaces/tello-ros2/workspace/install/tello_msg/share/tello_msg/environment/pythonpath.sh
[7.613s] -- Up-to-date: /workspaces/tello-ros2/workspace/install/tello_msg/share/tello_msg/environment/pythonpath.dsv
[7.642s] -- Up-to-date: /workspaces/tello-ros2/workspace/install/tello_msg/local/lib/python3.10/dist-packages/tello_msg-0.0.1-py3.10.egg-info
[7.699s] -- Installing: /workspaces/tello-ros2/workspace/install/tello_msg/local/lib/python3.10/dist-packages/tello_msg-0.0.1-py3.10.egg-info/dependency_links.txt
[7.833s] -- Installing: /workspaces/tello-ros2/workspace/install/tello_msg/local/lib/python3.10/dist-packages/tello_msg-0.0.1-py3.10.egg-info/PKG-INFO
[7.933s] -- Installing: /workspaces/tello-ros2/workspace/install/tello_msg/local/lib/python3.10/dist-packages/tello_msg-0.0.1-py3.10.egg-info/SOURCES.txt
[8.028s] -- Installing: /workspaces/tello-ros2/workspace/install/tello_msg/local/lib/python3.10/dist-packages/tello_msg-0.0.1-py3.10.egg-info/top_level.txt
[8.144s] -- Up-to-date: /workspaces/tello-ros2/workspace/install/tello_msg/local/lib/python3.10/dist-packages/tello_msg
[8.181s] -- Up-to-date: /workspaces/tello-ros2/workspace/install/tello_msg/local/lib/python3.10/dist-packages/tello_msg/libtello_msg__rosidl_generator_py.so
[8.211s] -- Up-to-date: /workspaces/tello-ros2/workspace/install/tello_msg/local/lib/python3.10/dist-packages/tello_msg/msg
[8.271s] -- Up-to-date: /workspaces/tello-ros2/workspace/install/tello_msg/local/lib/python3.10/dist-packages/tello_msg/msg/_tello_id.py
[8.313s] -- Up-to-date: /workspaces/tello-ros2/workspace/install/tello_msg/local/lib/python3.10/dist-packages/tello_msg/msg/_tello_id_s.c
[8.365s] -- Up-to-date: /workspaces/tello-ros2/workspace/install/tello_msg/local/lib/python3.10/dist-packages/tello_msg/msg/_tello_status.py
[8.399s] -- Up-to-date: /workspaces/tello-ros2/workspace/install/tello_msg/local/lib/python3.10/dist-packages/tello_msg/msg/_tello_status_s.c
[8.438s] -- Up-to-date: /workspaces/tello-ros2/workspace/install/tello_msg/local/lib/python3.10/dist-packages/tello_msg/msg/_tello_wifi_config.py
[8.492s] -- Up-to-date: /workspaces/tello-ros2/workspace/install/tello_msg/local/lib/python3.10/dist-packages/tello_msg/msg/_tello_wifi_config_s.c
[8.555s] -- Up-to-date: /workspaces/tello-ros2/workspace/install/tello_msg/local/lib/python3.10/dist-packages/tello_msg/msg/__init__.py
[8.589s] -- Up-to-date: /workspaces/tello-ros2/workspace/install/tello_msg/local/lib/python3.10/dist-packages/tello_msg/tello_msg_s__rosidl_typesupport_c.cpython-310-x86_64-linux-gnu.so
[8.624s] -- Up-to-date: /workspaces/tello-ros2/workspace/install/tello_msg/local/lib/python3.10/dist-packages/tello_msg/tello_msg_s__rosidl_typesupport_fastrtps_c.cpython-310-x86_64-linux-gnu.so
[8.655s] -- Up-to-date: /workspaces/tello-ros2/workspace/install/tello_msg/local/lib/python3.10/dist-packages/tello_msg/tello_msg_s__rosidl_typesupport_introspection_c.cpython-310-x86_64-linux-gnu.so
[8.685s] -- Up-to-date: /workspaces/tello-ros2/workspace/install/tello_msg/local/lib/python3.10/dist-packages/tello_msg/_tello_msg_s.ep.rosidl_typesupport_c.c
[8.722s] -- Up-to-date: /workspaces/tello-ros2/workspace/install/tello_msg/local/lib/python3.10/dist-packages/tello_msg/_tello_msg_s.ep.rosidl_typesupport_fastrtps_c.c
[8.753s] -- Up-to-date: /workspaces/tello-ros2/workspace/install/tello_msg/local/lib/python3.10/dist-packages/tello_msg/_tello_msg_s.ep.rosidl_typesupport_introspection_c.c
[8.777s] -- Up-to-date: /workspaces/tello-ros2/workspace/install/tello_msg/local/lib/python3.10/dist-packages/tello_msg/__init__.py
[9.144s] Listing '/workspaces/tello-ros2/workspace/install/tello_msg/local/lib/python3.10/dist-packages/tello_msg'...
[9.146s] Listing '/workspaces/tello-ros2/workspace/install/tello_msg/local/lib/python3.10/dist-packages/tello_msg/msg'...
[9.264s] -- Up-to-date: /workspaces/tello-ros2/workspace/install/tello_msg/local/lib/python3.10/dist-packages/tello_msg/tello_msg_s__rosidl_typesupport_fastrtps_c.cpython-310-x86_64-linux-gnu.so
[9.496s] -- Up-to-date: /workspaces/tello-ros2/workspace/install/tello_msg/local/lib/python3.10/dist-packages/tello_msg/tello_msg_s__rosidl_typesupport_introspection_c.cpython-310-x86_64-linux-gnu.so
[9.709s] -- Up-to-date: /workspaces/tello-ros2/workspace/install/tello_msg/local/lib/python3.10/dist-packages/tello_msg/tello_msg_s__rosidl_typesupport_c.cpython-310-x86_64-linux-gnu.so
[9.852s] -- Up-to-date: /workspaces/tello-ros2/workspace/install/tello_msg/lib/libtello_msg__rosidl_generator_py.so
[9.967s] -- Up-to-date: /workspaces/tello-ros2/workspace/install/tello_msg/share/tello_msg/msg/TelloStatus.idl
[10.008s] -- Up-to-date: /workspaces/tello-ros2/workspace/install/tello_msg/share/tello_msg/msg/TelloID.idl
[10.057s] -- Up-to-date: /workspaces/tello-ros2/workspace/install/tello_msg/share/tello_msg/msg/TelloWifiConfig.idl
[10.109s] -- Up-to-date: /workspaces/tello-ros2/workspace/install/tello_msg/share/tello_msg/msg/TelloStatus.msg
[10.157s] -- Up-to-date: /workspaces/tello-ros2/workspace/install/tello_msg/share/tello_msg/msg/TelloID.msg
[10.191s] -- Up-to-date: /workspaces/tello-ros2/workspace/install/tello_msg/share/tello_msg/msg/TelloWifiConfig.msg
[10.244s] -- Up-to-date: /workspaces/tello-ros2/workspace/install/tello_msg/share/ament_index/resource_index/package_run_dependencies/tello_msg
[10.286s] -- Up-to-date: /workspaces/tello-ros2/workspace/install/tello_msg/share/ament_index/resource_index/parent_prefix_path/tello_msg
[10.309s] -- Up-to-date: /workspaces/tello-ros2/workspace/install/tello_msg/share/tello_msg/environment/ament_prefix_path.sh
[10.344s] -- Up-to-date: /workspaces/tello-ros2/workspace/install/tello_msg/share/tello_msg/environment/ament_prefix_path.dsv
[10.378s] -- Up-to-date: /workspaces/tello-ros2/workspace/install/tello_msg/share/tello_msg/environment/path.sh
[10.406s] -- Up-to-date: /workspaces/tello-ros2/workspace/install/tello_msg/share/tello_msg/environment/path.dsv
[10.434s] -- Up-to-date: /workspaces/tello-ros2/workspace/install/tello_msg/share/tello_msg/local_setup.bash
[10.453s] -- Up-to-date: /workspaces/tello-ros2/workspace/install/tello_msg/share/tello_msg/local_setup.sh
[10.475s] -- Up-to-date: /workspaces/tello-ros2/workspace/install/tello_msg/share/tello_msg/local_setup.zsh
[10.499s] -- Up-to-date: /workspaces/tello-ros2/workspace/install/tello_msg/share/tello_msg/local_setup.dsv
[10.531s] -- Installing: /workspaces/tello-ros2/workspace/install/tello_msg/share/tello_msg/package.dsv
[10.600s] -- Up-to-date: /workspaces/tello-ros2/workspace/install/tello_msg/share/ament_index/resource_index/packages/tello_msg
[10.633s] -- Up-to-date: /workspaces/tello-ros2/workspace/install/tello_msg/share/tello_msg/cmake/export_tello_msg__rosidl_generator_cExport.cmake
[10.681s] -- Up-to-date: /workspaces/tello-ros2/workspace/install/tello_msg/share/tello_msg/cmake/export_tello_msg__rosidl_generator_cExport-noconfig.cmake
[10.768s] -- Up-to-date: /workspaces/tello-ros2/workspace/install/tello_msg/share/tello_msg/cmake/export_tello_msg__rosidl_typesupport_fastrtps_cExport.cmake
[10.823s] -- Up-to-date: /workspaces/tello-ros2/workspace/install/tello_msg/share/tello_msg/cmake/export_tello_msg__rosidl_typesupport_fastrtps_cExport-noconfig.cmake
[10.896s] -- Up-to-date: /workspaces/tello-ros2/workspace/install/tello_msg/share/tello_msg/cmake/tello_msg__rosidl_typesupport_introspection_cExport.cmake
[10.936s] -- Up-to-date: /workspaces/tello-ros2/workspace/install/tello_msg/share/tello_msg/cmake/tello_msg__rosidl_typesupport_introspection_cExport-noconfig.cmake
[11.020s] -- Up-to-date: /workspaces/tello-ros2/workspace/install/tello_msg/share/tello_msg/cmake/tello_msg__rosidl_typesupport_cExport.cmake
[11.082s] -- Up-to-date: /workspaces/tello-ros2/workspace/install/tello_msg/share/tello_msg/cmake/tello_msg__rosidl_typesupport_cExport-noconfig.cmake
[11.169s] -- Up-to-date: /workspaces/tello-ros2/workspace/install/tello_msg/share/tello_msg/cmake/export_tello_msg__rosidl_generator_cppExport.cmake
[11.243s] -- Up-to-date: /workspaces/tello-ros2/workspace/install/tello_msg/share/tello_msg/cmake/export_tello_msg__rosidl_typesupport_fastrtps_cppExport.cmake
[11.320s] -- Up-to-date: /workspaces/tello-ros2/workspace/install/tello_msg/share/tello_msg/cmake/export_tello_msg__rosidl_typesupport_fastrtps_cppExport-noconfig.cmake
[11.412s] -- Up-to-date: /workspaces/tello-ros2/workspace/install/tello_msg/share/tello_msg/cmake/tello_msg__rosidl_typesupport_introspection_cppExport.cmake
[11.459s] -- Up-to-date: /workspaces/tello-ros2/workspace/install/tello_msg/share/tello_msg/cmake/tello_msg__rosidl_typesupport_introspection_cppExport-noconfig.cmake
[11.548s] -- Up-to-date: /workspaces/tello-ros2/workspace/install/tello_msg/share/tello_msg/cmake/tello_msg__rosidl_typesupport_cppExport.cmake
[11.592s] -- Up-to-date: /workspaces/tello-ros2/workspace/install/tello_msg/share/tello_msg/cmake/tello_msg__rosidl_typesupport_cppExport-noconfig.cmake
[11.682s] -- Up-to-date: /workspaces/tello-ros2/workspace/install/tello_msg/share/tello_msg/cmake/export_tello_msg__rosidl_generator_pyExport.cmake
[11.719s] -- Up-to-date: /workspaces/tello-ros2/workspace/install/tello_msg/share/tello_msg/cmake/export_tello_msg__rosidl_generator_pyExport-noconfig.cmake
[11.747s] -- Up-to-date: /workspaces/tello-ros2/workspace/install/tello_msg/share/tello_msg/cmake/rosidl_cmake-extras.cmake
[11.778s] -- Up-to-date: /workspaces/tello-ros2/workspace/install/tello_msg/share/tello_msg/cmake/ament_cmake_export_dependencies-extras.cmake
[11.838s] -- Up-to-date: /workspaces/tello-ros2/workspace/install/tello_msg/share/tello_msg/cmake/ament_cmake_export_include_directories-extras.cmake
[11.866s] -- Up-to-date: /workspaces/tello-ros2/workspace/install/tello_msg/share/tello_msg/cmake/ament_cmake_export_libraries-extras.cmake
[11.887s] -- Up-to-date: /workspaces/tello-ros2/workspace/install/tello_msg/share/tello_msg/cmake/ament_cmake_export_targets-extras.cmake
[11.922s] -- Up-to-date: /workspaces/tello-ros2/workspace/install/tello_msg/share/tello_msg/cmake/rosidl_cmake_export_typesupport_targets-extras.cmake
[11.958s] -- Up-to-date: /workspaces/tello-ros2/workspace/install/tello_msg/share/tello_msg/cmake/rosidl_cmake_export_typesupport_libraries-extras.cmake
[11.985s] -- Up-to-date: /workspaces/tello-ros2/workspace/install/tello_msg/share/tello_msg/cmake/tello_msgConfig.cmake
[12.027s] -- Up-to-date: /workspaces/tello-ros2/workspace/install/tello_msg/share/tello_msg/cmake/tello_msgConfig-version.cmake
[12.071s] -- Up-to-date: /workspaces/tello-ros2/workspace/install/tello_msg/share/tello_msg/package.xml
[12.121s] Invoked command in '/workspaces/tello-ros2/workspace/build/tello_msg' returned '0': CMAKE_PREFIX_PATH=/opt/ros/humble /usr/bin/cmake --install /workspaces/tello-ros2/workspace/build/tello_msg
