[5.123s] Invoking command in '/workspaces/tello-ros2/workspace/src/tello': PYTHONPATH=/workspaces/tello-ros2/workspace/build/tello/prefix_override:/usr/lib/python3/dist-packages/colcon_core/task/python/colcon_distutils_commands:/workspaces/tello-ros2/workspace/install/tello/lib/python3.10/site-packages:${PYTHONPATH} /usr/bin/python3 -W ignore:setup.py install is deprecated -W ignore:easy_install command is deprecated setup.py egg_info --egg-base ../../build/tello build --build-base /workspaces/tello-ros2/workspace/build/tello/build install --record /workspaces/tello-ros2/workspace/build/tello/install.log --install-scripts $base/lib/tello --single-version-externally-managed install_data
[7.044s] /usr/local/lib/python3.10/dist-packages/setuptools/dist.py:717: UserWarning: Usage of dash-separated 'script-dir' will not be supported in future versions. Please use the underscore name 'script_dir' instead
[7.046s]   warnings.warn(
[7.130s] running egg_info
[7.138s] writing ../../build/tello/tello.egg-info/PKG-INFO
[7.150s] writing dependency_links to ../../build/tello/tello.egg-info/dependency_links.txt
[7.161s] writing entry points to ../../build/tello/tello.egg-info/entry_points.txt
[7.171s] writing requirements to ../../build/tello/tello.egg-info/requires.txt
[7.176s] writing top-level names to ../../build/tello/tello.egg-info/top_level.txt
[7.223s] reading manifest file '../../build/tello/tello.egg-info/SOURCES.txt'
[7.303s] adding license file 'LICENSE.txt'
[7.346s] writing manifest file '../../build/tello/tello.egg-info/SOURCES.txt'
[7.356s] running build
[7.358s] running build_py
[7.397s] copying tello/node.py -> /workspaces/tello-ros2/workspace/build/tello/build/lib/tello
[7.450s] running install
[7.451s] running install_lib
[7.522s] copying /workspaces/tello-ros2/workspace/build/tello/build/lib/tello/node.py -> /workspaces/tello-ros2/workspace/install/tello/lib/python3.10/site-packages/tello
[7.647s] byte-compiling /workspaces/tello-ros2/workspace/install/tello/lib/python3.10/site-packages/tello/node.py to node.cpython-310.pyc
[7.741s] running install_data
[7.823s] running install_egg_info
[7.846s] removing '/workspaces/tello-ros2/workspace/install/tello/lib/python3.10/site-packages/tello-0.1.0-py3.10.egg-info' (and everything under it)
[7.976s] Copying ../../build/tello/tello.egg-info to /workspaces/tello-ros2/workspace/install/tello/lib/python3.10/site-packages/tello-0.1.0-py3.10.egg-info
[8.477s] running install_scripts
[8.663s] Installing tello script to /workspaces/tello-ros2/workspace/install/tello/lib/tello
[8.691s] writing list of installed files to '/workspaces/tello-ros2/workspace/build/tello/install.log'
[8.732s] Invoked command in '/workspaces/tello-ros2/workspace/src/tello' returned '0': PYTHONPATH=/workspaces/tello-ros2/workspace/build/tello/prefix_override:/usr/lib/python3/dist-packages/colcon_core/task/python/colcon_distutils_commands:/workspaces/tello-ros2/workspace/install/tello/lib/python3.10/site-packages:${PYTHONPATH} /usr/bin/python3 -W ignore:setup.py install is deprecated -W ignore:easy_install command is deprecated setup.py egg_info --egg-base ../../build/tello build --build-base /workspaces/tello-ros2/workspace/build/tello/build install --record /workspaces/tello-ros2/workspace/build/tello/install.log --install-scripts $base/lib/tello --single-version-externally-managed install_data
