[0.091s] Invoking command in '/workspaces/tello-ros2/workspace/build/tello_msg': CMAKE_PREFIX_PATH=/opt/ros/humble /usr/bin/cmake --build /workspaces/tello-ros2/workspace/build/tello_msg -- -j16 -l16
[0.412s] [  2%] Built target tello_msg__cpp
[0.590s] [ 12%] Built target tello_msg__rosidl_generator_c
[0.673s] [ 23%] Built target tello_msg__rosidl_typesupport_cpp
[0.776s] [ 36%] Built target tello_msg__rosidl_typesupport_introspection_cpp
[0.812s] [ 44%] Built target tello_msg__rosidl_typesupport_fastrtps_cpp
[1.015s] [ 55%] Built target tello_msg__rosidl_typesupport_c
[1.107s] [ 74%] Built target tello_msg__rosidl_typesupport_introspection_c
[1.115s] [ 76%] Built target tello_msg__rosidl_typesupport_fastrtps_c
[1.204s] [ 76%] Built target tello_msg
[1.362s] [ 78%] Built target tello_msg__py
[1.438s] [ 78%] Built target ament_cmake_python_copy_tello_msg
[1.629s] [ 87%] Built target tello_msg__rosidl_generator_py
[1.795s] [ 95%] Built target tello_msg__rosidl_typesupport_fastrtps_c__pyext
[1.797s] [ 95%] Built target tello_msg__rosidl_typesupport_introspection_c__pyext
[1.845s] [100%] Built target tello_msg__rosidl_typesupport_c__pyext
[1.856s] running egg_info
[1.859s] writing tello_msg.egg-info/PKG-INFO
[1.867s] writing dependency_links to tello_msg.egg-info/dependency_links.txt
[1.876s] writing top-level names to tello_msg.egg-info/top_level.txt
[1.936s] reading manifest file 'tello_msg.egg-info/SOURCES.txt'
[2.014s] writing manifest file 'tello_msg.egg-info/SOURCES.txt'
[2.064s] [100%] Built target ament_cmake_python_build_tello_msg_egg
[2.736s] Invoked command in '/workspaces/tello-ros2/workspace/build/tello_msg' returned '0': CMAKE_PREFIX_PATH=/opt/ros/humble /usr/bin/cmake --build /workspaces/tello-ros2/workspace/build/tello_msg -- -j16 -l16
[2.776s] Invoking command in '/workspaces/tello-ros2/workspace/build/tello_msg': CMAKE_PREFIX_PATH=/opt/ros/humble /usr/bin/cmake --install /workspaces/tello-ros2/workspace/build/tello_msg
[2.791s] -- Install configuration: ""
[2.841s] -- Up-to-date: /workspaces/tello-ros2/workspace/install/tello_msg/share/ament_index/resource_index/rosidl_interfaces/tello_msg
[2.866s] -- Up-to-date: /workspaces/tello-ros2/workspace/install/tello_msg/include/tello_msg/tello_msg
[2.908s] -- Up-to-date: /workspaces/tello-ros2/workspace/install/tello_msg/include/tello_msg/tello_msg/msg
[2.959s] -- Up-to-date: /workspaces/tello-ros2/workspace/install/tello_msg/include/tello_msg/tello_msg/msg/detail
[3.019s] -- Up-to-date: /workspaces/tello-ros2/workspace/install/tello_msg/include/tello_msg/tello_msg/msg/detail/tello_id__functions.c
[3.070s] -- Up-to-date: /workspaces/tello-ros2/workspace/install/tello_msg/include/tello_msg/tello_msg/msg/detail/tello_id__functions.h
[3.112s] -- Up-to-date: /workspaces/tello-ros2/workspace/install/tello_msg/include/tello_msg/tello_msg/msg/detail/tello_id__struct.h
[3.157s] -- Up-to-date: /workspaces/tello-ros2/workspace/install/tello_msg/include/tello_msg/tello_msg/msg/detail/tello_id__type_support.h
[3.204s] -- Up-to-date: /workspaces/tello-ros2/workspace/install/tello_msg/include/tello_msg/tello_msg/msg/detail/tello_status__functions.c
[3.247s] -- Up-to-date: /workspaces/tello-ros2/workspace/install/tello_msg/include/tello_msg/tello_msg/msg/detail/tello_status__functions.h
[3.290s] -- Up-to-date: /workspaces/tello-ros2/workspace/install/tello_msg/include/tello_msg/tello_msg/msg/detail/tello_status__struct.h
[3.338s] -- Up-to-date: /workspaces/tello-ros2/workspace/install/tello_msg/include/tello_msg/tello_msg/msg/detail/tello_status__type_support.h
[3.384s] -- Up-to-date: /workspaces/tello-ros2/workspace/install/tello_msg/include/tello_msg/tello_msg/msg/detail/tello_wifi_config__functions.c
[3.436s] -- Up-to-date: /workspaces/tello-ros2/workspace/install/tello_msg/include/tello_msg/tello_msg/msg/detail/tello_wifi_config__functions.h
[3.491s] -- Up-to-date: /workspaces/tello-ros2/workspace/install/tello_msg/include/tello_msg/tello_msg/msg/detail/tello_wifi_config__struct.h
[3.541s] -- Up-to-date: /workspaces/tello-ros2/workspace/install/tello_msg/include/tello_msg/tello_msg/msg/detail/tello_wifi_config__type_support.h
[3.578s] -- Up-to-date: /workspaces/tello-ros2/workspace/install/tello_msg/include/tello_msg/tello_msg/msg/rosidl_generator_c__visibility_control.h
[3.613s] -- Up-to-date: /workspaces/tello-ros2/workspace/install/tello_msg/include/tello_msg/tello_msg/msg/tello_id.h
[3.657s] -- Up-to-date: /workspaces/tello-ros2/workspace/install/tello_msg/include/tello_msg/tello_msg/msg/tello_status.h
[3.694s] -- Up-to-date: /workspaces/tello-ros2/workspace/install/tello_msg/include/tello_msg/tello_msg/msg/tello_wifi_config.h
[3.723s] -- Up-to-date: /workspaces/tello-ros2/workspace/install/tello_msg/share/tello_msg/environment/library_path.sh
[3.762s] -- Up-to-date: /workspaces/tello-ros2/workspace/install/tello_msg/share/tello_msg/environment/library_path.dsv
[3.866s] -- Up-to-date: /workspaces/tello-ros2/workspace/install/tello_msg/lib/libtello_msg__rosidl_generator_c.so
[3.949s] -- Up-to-date: /workspaces/tello-ros2/workspace/install/tello_msg/include/tello_msg/tello_msg
[3.985s] -- Up-to-date: /workspaces/tello-ros2/workspace/install/tello_msg/include/tello_msg/tello_msg/msg
[4.028s] -- Up-to-date: /workspaces/tello-ros2/workspace/install/tello_msg/include/tello_msg/tello_msg/msg/detail
[4.094s] -- Up-to-date: /workspaces/tello-ros2/workspace/install/tello_msg/include/tello_msg/tello_msg/msg/detail/tello_id__rosidl_typesupport_fastrtps_c.h
[4.149s] -- Up-to-date: /workspaces/tello-ros2/workspace/install/tello_msg/include/tello_msg/tello_msg/msg/detail/tello_status__rosidl_typesupport_fastrtps_c.h
[4.198s] -- Up-to-date: /workspaces/tello-ros2/workspace/install/tello_msg/include/tello_msg/tello_msg/msg/detail/tello_wifi_config__rosidl_typesupport_fastrtps_c.h
[4.247s] -- Up-to-date: /workspaces/tello-ros2/workspace/install/tello_msg/include/tello_msg/tello_msg/msg/rosidl_typesupport_fastrtps_c__visibility_control.h
[4.350s] -- Up-to-date: /workspaces/tello-ros2/workspace/install/tello_msg/lib/libtello_msg__rosidl_typesupport_fastrtps_c.so
[4.442s] -- Up-to-date: /workspaces/tello-ros2/workspace/install/tello_msg/include/tello_msg/tello_msg
[4.489s] -- Up-to-date: /workspaces/tello-ros2/workspace/install/tello_msg/include/tello_msg/tello_msg/msg
[4.540s] -- Up-to-date: /workspaces/tello-ros2/workspace/install/tello_msg/include/tello_msg/tello_msg/msg/detail
[4.606s] -- Up-to-date: /workspaces/tello-ros2/workspace/install/tello_msg/include/tello_msg/tello_msg/msg/detail/tello_id__rosidl_typesupport_introspection_c.h
[4.657s] -- Up-to-date: /workspaces/tello-ros2/workspace/install/tello_msg/include/tello_msg/tello_msg/msg/detail/tello_id__type_support.c
[4.713s] -- Up-to-date: /workspaces/tello-ros2/workspace/install/tello_msg/include/tello_msg/tello_msg/msg/detail/tello_status__rosidl_typesupport_introspection_c.h
[4.768s] -- Up-to-date: /workspaces/tello-ros2/workspace/install/tello_msg/include/tello_msg/tello_msg/msg/detail/tello_status__type_support.c
[4.819s] -- Up-to-date: /workspaces/tello-ros2/workspace/install/tello_msg/include/tello_msg/tello_msg/msg/detail/tello_wifi_config__rosidl_typesupport_introspection_c.h
[4.869s] -- Up-to-date: /workspaces/tello-ros2/workspace/install/tello_msg/include/tello_msg/tello_msg/msg/detail/tello_wifi_config__type_support.c
[4.914s] -- Up-to-date: /workspaces/tello-ros2/workspace/install/tello_msg/include/tello_msg/tello_msg/msg/rosidl_typesupport_introspection_c__visibility_control.h
[5.006s] -- Up-to-date: /workspaces/tello-ros2/workspace/install/tello_msg/lib/libtello_msg__rosidl_typesupport_introspection_c.so
[5.160s] -- Up-to-date: /workspaces/tello-ros2/workspace/install/tello_msg/lib/libtello_msg__rosidl_typesupport_c.so
[5.256s] -- Up-to-date: /workspaces/tello-ros2/workspace/install/tello_msg/include/tello_msg/tello_msg
[5.303s] -- Up-to-date: /workspaces/tello-ros2/workspace/install/tello_msg/include/tello_msg/tello_msg/msg
[5.359s] -- Up-to-date: /workspaces/tello-ros2/workspace/install/tello_msg/include/tello_msg/tello_msg/msg/detail
[5.426s] -- Up-to-date: /workspaces/tello-ros2/workspace/install/tello_msg/include/tello_msg/tello_msg/msg/detail/tello_id__builder.hpp
[5.483s] -- Up-to-date: /workspaces/tello-ros2/workspace/install/tello_msg/include/tello_msg/tello_msg/msg/detail/tello_id__struct.hpp
[5.540s] -- Up-to-date: /workspaces/tello-ros2/workspace/install/tello_msg/include/tello_msg/tello_msg/msg/detail/tello_id__traits.hpp
[5.593s] -- Up-to-date: /workspaces/tello-ros2/workspace/install/tello_msg/include/tello_msg/tello_msg/msg/detail/tello_status__builder.hpp
[5.651s] -- Up-to-date: /workspaces/tello-ros2/workspace/install/tello_msg/include/tello_msg/tello_msg/msg/detail/tello_status__struct.hpp
[5.705s] -- Up-to-date: /workspaces/tello-ros2/workspace/install/tello_msg/include/tello_msg/tello_msg/msg/detail/tello_status__traits.hpp
[5.756s] -- Up-to-date: /workspaces/tello-ros2/workspace/install/tello_msg/include/tello_msg/tello_msg/msg/detail/tello_wifi_config__builder.hpp
[5.810s] -- Up-to-date: /workspaces/tello-ros2/workspace/install/tello_msg/include/tello_msg/tello_msg/msg/detail/tello_wifi_config__struct.hpp
[5.860s] -- Up-to-date: /workspaces/tello-ros2/workspace/install/tello_msg/include/tello_msg/tello_msg/msg/detail/tello_wifi_config__traits.hpp
[5.910s] -- Up-to-date: /workspaces/tello-ros2/workspace/install/tello_msg/include/tello_msg/tello_msg/msg/tello_id.hpp
[5.955s] -- Up-to-date: /workspaces/tello-ros2/workspace/install/tello_msg/include/tello_msg/tello_msg/msg/tello_status.hpp
[5.999s] -- Up-to-date: /workspaces/tello-ros2/workspace/install/tello_msg/include/tello_msg/tello_msg/msg/tello_wifi_config.hpp
[6.025s] -- Up-to-date: /workspaces/tello-ros2/workspace/install/tello_msg/include/tello_msg/tello_msg
[6.069s] -- Up-to-date: /workspaces/tello-ros2/workspace/install/tello_msg/include/tello_msg/tello_msg/msg
[6.115s] -- Up-to-date: /workspaces/tello-ros2/workspace/install/tello_msg/include/tello_msg/tello_msg/msg/detail
[6.190s] -- Up-to-date: /workspaces/tello-ros2/workspace/install/tello_msg/include/tello_msg/tello_msg/msg/detail/dds_fastrtps
[6.246s] -- Up-to-date: /workspaces/tello-ros2/workspace/install/tello_msg/include/tello_msg/tello_msg/msg/detail/tello_id__rosidl_typesupport_fastrtps_cpp.hpp
[6.295s] -- Up-to-date: /workspaces/tello-ros2/workspace/install/tello_msg/include/tello_msg/tello_msg/msg/detail/tello_status__rosidl_typesupport_fastrtps_cpp.hpp
[6.352s] -- Up-to-date: /workspaces/tello-ros2/workspace/install/tello_msg/include/tello_msg/tello_msg/msg/detail/tello_wifi_config__rosidl_typesupport_fastrtps_cpp.hpp
[6.399s] -- Up-to-date: /workspaces/tello-ros2/workspace/install/tello_msg/include/tello_msg/tello_msg/msg/rosidl_typesupport_fastrtps_cpp__visibility_control.h
[6.502s] -- Up-to-date: /workspaces/tello-ros2/workspace/install/tello_msg/lib/libtello_msg__rosidl_typesupport_fastrtps_cpp.so
[6.589s] -- Up-to-date: /workspaces/tello-ros2/workspace/install/tello_msg/include/tello_msg/tello_msg
[6.634s] -- Up-to-date: /workspaces/tello-ros2/workspace/install/tello_msg/include/tello_msg/tello_msg/msg
[6.681s] -- Up-to-date: /workspaces/tello-ros2/workspace/install/tello_msg/include/tello_msg/tello_msg/msg/detail
[6.750s] -- Up-to-date: /workspaces/tello-ros2/workspace/install/tello_msg/include/tello_msg/tello_msg/msg/detail/tello_id__rosidl_typesupport_introspection_cpp.hpp
[6.801s] -- Up-to-date: /workspaces/tello-ros2/workspace/install/tello_msg/include/tello_msg/tello_msg/msg/detail/tello_id__type_support.cpp
[6.852s] -- Up-to-date: /workspaces/tello-ros2/workspace/install/tello_msg/include/tello_msg/tello_msg/msg/detail/tello_status__rosidl_typesupport_introspection_cpp.hpp
[6.901s] -- Up-to-date: /workspaces/tello-ros2/workspace/install/tello_msg/include/tello_msg/tello_msg/msg/detail/tello_status__type_support.cpp
[6.963s] -- Up-to-date: /workspaces/tello-ros2/workspace/install/tello_msg/include/tello_msg/tello_msg/msg/detail/tello_wifi_config__rosidl_typesupport_introspection_cpp.hpp
[7.017s] -- Up-to-date: /workspaces/tello-ros2/workspace/install/tello_msg/include/tello_msg/tello_msg/msg/detail/tello_wifi_config__type_support.cpp
[7.112s] -- Up-to-date: /workspaces/tello-ros2/workspace/install/tello_msg/lib/libtello_msg__rosidl_typesupport_introspection_cpp.so
[7.271s] -- Up-to-date: /workspaces/tello-ros2/workspace/install/tello_msg/lib/libtello_msg__rosidl_typesupport_cpp.so
[7.378s] -- Up-to-date: /workspaces/tello-ros2/workspace/install/tello_msg/share/tello_msg/environment/pythonpath.sh
[7.419s] -- Up-to-date: /workspaces/tello-ros2/workspace/install/tello_msg/share/tello_msg/environment/pythonpath.dsv
[7.460s] -- Up-to-date: /workspaces/tello-ros2/workspace/install/tello_msg/local/lib/python3.10/dist-packages/tello_msg-0.0.1-py3.10.egg-info
[7.523s] -- Installing: /workspaces/tello-ros2/workspace/install/tello_msg/local/lib/python3.10/dist-packages/tello_msg-0.0.1-py3.10.egg-info/dependency_links.txt
[7.718s] -- Installing: /workspaces/tello-ros2/workspace/install/tello_msg/local/lib/python3.10/dist-packages/tello_msg-0.0.1-py3.10.egg-info/PKG-INFO
[7.901s] -- Installing: /workspaces/tello-ros2/workspace/install/tello_msg/local/lib/python3.10/dist-packages/tello_msg-0.0.1-py3.10.egg-info/SOURCES.txt
[8.069s] -- Installing: /workspaces/tello-ros2/workspace/install/tello_msg/local/lib/python3.10/dist-packages/tello_msg-0.0.1-py3.10.egg-info/top_level.txt
[8.196s] -- Up-to-date: /workspaces/tello-ros2/workspace/install/tello_msg/local/lib/python3.10/dist-packages/tello_msg
[8.253s] -- Up-to-date: /workspaces/tello-ros2/workspace/install/tello_msg/local/lib/python3.10/dist-packages/tello_msg/libtello_msg__rosidl_generator_py.so
[8.282s] -- Up-to-date: /workspaces/tello-ros2/workspace/install/tello_msg/local/lib/python3.10/dist-packages/tello_msg/msg
[8.354s] -- Up-to-date: /workspaces/tello-ros2/workspace/install/tello_msg/local/lib/python3.10/dist-packages/tello_msg/msg/_tello_id.py
[8.404s] -- Up-to-date: /workspaces/tello-ros2/workspace/install/tello_msg/local/lib/python3.10/dist-packages/tello_msg/msg/_tello_id_s.c
[8.444s] -- Up-to-date: /workspaces/tello-ros2/workspace/install/tello_msg/local/lib/python3.10/dist-packages/tello_msg/msg/_tello_status.py
[8.479s] -- Up-to-date: /workspaces/tello-ros2/workspace/install/tello_msg/local/lib/python3.10/dist-packages/tello_msg/msg/_tello_status_s.c
[8.513s] -- Up-to-date: /workspaces/tello-ros2/workspace/install/tello_msg/local/lib/python3.10/dist-packages/tello_msg/msg/_tello_wifi_config.py
[8.553s] -- Up-to-date: /workspaces/tello-ros2/workspace/install/tello_msg/local/lib/python3.10/dist-packages/tello_msg/msg/_tello_wifi_config_s.c
[8.601s] -- Up-to-date: /workspaces/tello-ros2/workspace/install/tello_msg/local/lib/python3.10/dist-packages/tello_msg/msg/__init__.py
[8.641s] -- Up-to-date: /workspaces/tello-ros2/workspace/install/tello_msg/local/lib/python3.10/dist-packages/tello_msg/tello_msg_s__rosidl_typesupport_c.cpython-310-x86_64-linux-gnu.so
[8.676s] -- Up-to-date: /workspaces/tello-ros2/workspace/install/tello_msg/local/lib/python3.10/dist-packages/tello_msg/tello_msg_s__rosidl_typesupport_fastrtps_c.cpython-310-x86_64-linux-gnu.so
[8.715s] -- Up-to-date: /workspaces/tello-ros2/workspace/install/tello_msg/local/lib/python3.10/dist-packages/tello_msg/tello_msg_s__rosidl_typesupport_introspection_c.cpython-310-x86_64-linux-gnu.so
[8.763s] -- Up-to-date: /workspaces/tello-ros2/workspace/install/tello_msg/local/lib/python3.10/dist-packages/tello_msg/_tello_msg_s.ep.rosidl_typesupport_c.c
[8.799s] -- Up-to-date: /workspaces/tello-ros2/workspace/install/tello_msg/local/lib/python3.10/dist-packages/tello_msg/_tello_msg_s.ep.rosidl_typesupport_fastrtps_c.c
[8.839s] -- Up-to-date: /workspaces/tello-ros2/workspace/install/tello_msg/local/lib/python3.10/dist-packages/tello_msg/_tello_msg_s.ep.rosidl_typesupport_introspection_c.c
[8.880s] -- Up-to-date: /workspaces/tello-ros2/workspace/install/tello_msg/local/lib/python3.10/dist-packages/tello_msg/__init__.py
[9.276s] Listing '/workspaces/tello-ros2/workspace/install/tello_msg/local/lib/python3.10/dist-packages/tello_msg'...
[9.277s] Listing '/workspaces/tello-ros2/workspace/install/tello_msg/local/lib/python3.10/dist-packages/tello_msg/msg'...
[9.391s] -- Up-to-date: /workspaces/tello-ros2/workspace/install/tello_msg/local/lib/python3.10/dist-packages/tello_msg/tello_msg_s__rosidl_typesupport_fastrtps_c.cpython-310-x86_64-linux-gnu.so
[9.627s] -- Up-to-date: /workspaces/tello-ros2/workspace/install/tello_msg/local/lib/python3.10/dist-packages/tello_msg/tello_msg_s__rosidl_typesupport_introspection_c.cpython-310-x86_64-linux-gnu.so
[9.883s] -- Up-to-date: /workspaces/tello-ros2/workspace/install/tello_msg/local/lib/python3.10/dist-packages/tello_msg/tello_msg_s__rosidl_typesupport_c.cpython-310-x86_64-linux-gnu.so
[10.103s] -- Up-to-date: /workspaces/tello-ros2/workspace/install/tello_msg/lib/libtello_msg__rosidl_generator_py.so
[10.225s] -- Up-to-date: /workspaces/tello-ros2/workspace/install/tello_msg/share/tello_msg/msg/TelloStatus.idl
[10.272s] -- Up-to-date: /workspaces/tello-ros2/workspace/install/tello_msg/share/tello_msg/msg/TelloID.idl
[10.310s] -- Up-to-date: /workspaces/tello-ros2/workspace/install/tello_msg/share/tello_msg/msg/TelloWifiConfig.idl
[10.350s] -- Up-to-date: /workspaces/tello-ros2/workspace/install/tello_msg/share/tello_msg/msg/TelloStatus.msg
[10.389s] -- Up-to-date: /workspaces/tello-ros2/workspace/install/tello_msg/share/tello_msg/msg/TelloID.msg
[10.428s] -- Up-to-date: /workspaces/tello-ros2/workspace/install/tello_msg/share/tello_msg/msg/TelloWifiConfig.msg
[10.480s] -- Up-to-date: /workspaces/tello-ros2/workspace/install/tello_msg/share/ament_index/resource_index/package_run_dependencies/tello_msg
[10.529s] -- Up-to-date: /workspaces/tello-ros2/workspace/install/tello_msg/share/ament_index/resource_index/parent_prefix_path/tello_msg
[10.568s] -- Up-to-date: /workspaces/tello-ros2/workspace/install/tello_msg/share/tello_msg/environment/ament_prefix_path.sh
[10.599s] -- Up-to-date: /workspaces/tello-ros2/workspace/install/tello_msg/share/tello_msg/environment/ament_prefix_path.dsv
[10.624s] -- Up-to-date: /workspaces/tello-ros2/workspace/install/tello_msg/share/tello_msg/environment/path.sh
[10.663s] -- Up-to-date: /workspaces/tello-ros2/workspace/install/tello_msg/share/tello_msg/environment/path.dsv
[10.695s] -- Up-to-date: /workspaces/tello-ros2/workspace/install/tello_msg/share/tello_msg/local_setup.bash
[10.736s] -- Up-to-date: /workspaces/tello-ros2/workspace/install/tello_msg/share/tello_msg/local_setup.sh
[10.768s] -- Up-to-date: /workspaces/tello-ros2/workspace/install/tello_msg/share/tello_msg/local_setup.zsh
[10.795s] -- Up-to-date: /workspaces/tello-ros2/workspace/install/tello_msg/share/tello_msg/local_setup.dsv
[10.831s] -- Installing: /workspaces/tello-ros2/workspace/install/tello_msg/share/tello_msg/package.dsv
[10.974s] -- Up-to-date: /workspaces/tello-ros2/workspace/install/tello_msg/share/ament_index/resource_index/packages/tello_msg
[11.047s] -- Up-to-date: /workspaces/tello-ros2/workspace/install/tello_msg/share/tello_msg/cmake/export_tello_msg__rosidl_generator_cExport.cmake
[11.087s] -- Up-to-date: /workspaces/tello-ros2/workspace/install/tello_msg/share/tello_msg/cmake/export_tello_msg__rosidl_generator_cExport-noconfig.cmake
[11.152s] -- Up-to-date: /workspaces/tello-ros2/workspace/install/tello_msg/share/tello_msg/cmake/export_tello_msg__rosidl_typesupport_fastrtps_cExport.cmake
[11.195s] -- Up-to-date: /workspaces/tello-ros2/workspace/install/tello_msg/share/tello_msg/cmake/export_tello_msg__rosidl_typesupport_fastrtps_cExport-noconfig.cmake
[11.248s] -- Up-to-date: /workspaces/tello-ros2/workspace/install/tello_msg/share/tello_msg/cmake/tello_msg__rosidl_typesupport_introspection_cExport.cmake
[11.291s] -- Up-to-date: /workspaces/tello-ros2/workspace/install/tello_msg/share/tello_msg/cmake/tello_msg__rosidl_typesupport_introspection_cExport-noconfig.cmake
[11.365s] -- Up-to-date: /workspaces/tello-ros2/workspace/install/tello_msg/share/tello_msg/cmake/tello_msg__rosidl_typesupport_cExport.cmake
[11.411s] -- Up-to-date: /workspaces/tello-ros2/workspace/install/tello_msg/share/tello_msg/cmake/tello_msg__rosidl_typesupport_cExport-noconfig.cmake
[11.491s] -- Up-to-date: /workspaces/tello-ros2/workspace/install/tello_msg/share/tello_msg/cmake/export_tello_msg__rosidl_generator_cppExport.cmake
[11.574s] -- Up-to-date: /workspaces/tello-ros2/workspace/install/tello_msg/share/tello_msg/cmake/export_tello_msg__rosidl_typesupport_fastrtps_cppExport.cmake
[11.625s] -- Up-to-date: /workspaces/tello-ros2/workspace/install/tello_msg/share/tello_msg/cmake/export_tello_msg__rosidl_typesupport_fastrtps_cppExport-noconfig.cmake
[11.699s] -- Up-to-date: /workspaces/tello-ros2/workspace/install/tello_msg/share/tello_msg/cmake/tello_msg__rosidl_typesupport_introspection_cppExport.cmake
[11.759s] -- Up-to-date: /workspaces/tello-ros2/workspace/install/tello_msg/share/tello_msg/cmake/tello_msg__rosidl_typesupport_introspection_cppExport-noconfig.cmake
[11.848s] -- Up-to-date: /workspaces/tello-ros2/workspace/install/tello_msg/share/tello_msg/cmake/tello_msg__rosidl_typesupport_cppExport.cmake
[11.903s] -- Up-to-date: /workspaces/tello-ros2/workspace/install/tello_msg/share/tello_msg/cmake/tello_msg__rosidl_typesupport_cppExport-noconfig.cmake
[11.999s] -- Up-to-date: /workspaces/tello-ros2/workspace/install/tello_msg/share/tello_msg/cmake/export_tello_msg__rosidl_generator_pyExport.cmake
[12.069s] -- Up-to-date: /workspaces/tello-ros2/workspace/install/tello_msg/share/tello_msg/cmake/export_tello_msg__rosidl_generator_pyExport-noconfig.cmake
[12.105s] -- Up-to-date: /workspaces/tello-ros2/workspace/install/tello_msg/share/tello_msg/cmake/rosidl_cmake-extras.cmake
[12.143s] -- Up-to-date: /workspaces/tello-ros2/workspace/install/tello_msg/share/tello_msg/cmake/ament_cmake_export_dependencies-extras.cmake
[12.181s] -- Up-to-date: /workspaces/tello-ros2/workspace/install/tello_msg/share/tello_msg/cmake/ament_cmake_export_include_directories-extras.cmake
[12.219s] -- Up-to-date: /workspaces/tello-ros2/workspace/install/tello_msg/share/tello_msg/cmake/ament_cmake_export_libraries-extras.cmake
[12.256s] -- Up-to-date: /workspaces/tello-ros2/workspace/install/tello_msg/share/tello_msg/cmake/ament_cmake_export_targets-extras.cmake
[12.296s] -- Up-to-date: /workspaces/tello-ros2/workspace/install/tello_msg/share/tello_msg/cmake/rosidl_cmake_export_typesupport_targets-extras.cmake
[12.335s] -- Up-to-date: /workspaces/tello-ros2/workspace/install/tello_msg/share/tello_msg/cmake/rosidl_cmake_export_typesupport_libraries-extras.cmake
[12.372s] -- Up-to-date: /workspaces/tello-ros2/workspace/install/tello_msg/share/tello_msg/cmake/tello_msgConfig.cmake
[12.399s] -- Up-to-date: /workspaces/tello-ros2/workspace/install/tello_msg/share/tello_msg/cmake/tello_msgConfig-version.cmake
[12.438s] -- Up-to-date: /workspaces/tello-ros2/workspace/install/tello_msg/share/tello_msg/package.xml
[12.471s] Invoked command in '/workspaces/tello-ros2/workspace/build/tello_msg' returned '0': CMAKE_PREFIX_PATH=/opt/ros/humble /usr/bin/cmake --install /workspaces/tello-ros2/workspace/build/tello_msg
