[0.112s] Invoking command in '/workspaces/tello-ros2/workspace/build/tello_control': CMAKE_PREFIX_PATH=/opt/ros/humble /usr/bin/cmake /workspaces/tello-ros2/workspace/src/tello_control -DCMAKE_INSTALL_PREFIX=/workspaces/tello-ros2/workspace/install/tello_control
[0.524s] -- The C compiler identification is GNU 11.4.0
[0.898s] -- The CXX compiler identification is GNU 11.4.0
[0.996s] -- Detecting C compiler ABI info
[1.888s] -- Detecting C compiler ABI info - done
[1.941s] -- Check for working C compiler: /usr/bin/cc - skipped
[1.952s] -- Detecting C compile features
[1.955s] -- Detecting C compile features - done
[2.094s] -- Detecting CXX compiler ABI info
[2.920s] -- Detecting CXX compiler ABI info - done
[2.967s] -- Check for working CXX compiler: /usr/bin/c++ - skipped
[2.978s] -- Detecting CXX compile features
[2.985s] -- Detecting CXX compile features - done
[3.094s] -- Found OpenCV version 4.5.4
[3.095s] -- Found ament_cmake: 1.3.10 (/opt/ros/humble/share/ament_cmake/cmake)
[3.226s] -- Found Python3: /usr/bin/python3 (found version "3.10.12") found components: Interpreter 
[3.493s] -- Found rclcpp: 16.0.10 (/opt/ros/humble/share/rclcpp/cmake)
[3.543s] -- Found rosidl_generator_c: 3.1.5 (/opt/ros/humble/share/rosidl_generator_c/cmake)
[3.546s] -- Found rosidl_adapter: 3.1.5 (/opt/ros/humble/share/rosidl_adapter/cmake)
[3.552s] -- Found rosidl_generator_cpp: 3.1.5 (/opt/ros/humble/share/rosidl_generator_cpp/cmake)
[3.565s] -- Using all available rosidl_typesupport_c: rosidl_typesupport_fastrtps_c;rosidl_typesupport_introspection_c
[3.576s] -- Using all available rosidl_typesupport_cpp: rosidl_typesupport_fastrtps_cpp;rosidl_typesupport_introspection_cpp
[3.630s] -- Found rmw_implementation_cmake: 6.1.2 (/opt/ros/humble/share/rmw_implementation_cmake/cmake)
[3.635s] -- Found rmw_fastrtps_cpp: 6.2.7 (/opt/ros/humble/share/rmw_fastrtps_cpp/cmake)
[3.713s] -- Found OpenSSL: /usr/lib/x86_64-linux-gnu/libcrypto.so (found version "3.0.2")  
[3.754s] -- Found FastRTPS: /opt/ros/humble/include  
[3.797s] -- Using RMW implementation 'rmw_fastrtps_cpp' as default
[3.879s] -- Looking for pthread.h
[4.722s] -- Looking for pthread.h - found
[4.740s] -- Performing Test CMAKE_HAVE_LIBC_PTHREAD
[5.661s] -- Performing Test CMAKE_HAVE_LIBC_PTHREAD - Success
[5.671s] -- Found Threads: TRUE  
[5.728s] -- Found geometry_msgs: 4.2.4 (/opt/ros/humble/share/geometry_msgs/cmake)
[6.561s] -- Configuring done
[7.219s] -- Generating done
[7.616s] -- Build files have been written to: /workspaces/tello-ros2/workspace/build/tello_control
[7.626s] Invoked command in '/workspaces/tello-ros2/workspace/build/tello_control' returned '0': CMAKE_PREFIX_PATH=/opt/ros/humble /usr/bin/cmake /workspaces/tello-ros2/workspace/src/tello_control -DCMAKE_INSTALL_PREFIX=/workspaces/tello-ros2/workspace/install/tello_control
[7.649s] Invoking command in '/workspaces/tello-ros2/workspace/build/tello_control': CMAKE_PREFIX_PATH=/opt/ros/humble /usr/bin/cmake --build /workspaces/tello-ros2/workspace/build/tello_control -- -j16 -l16
[7.999s] [ 50%] [32mBuilding CXX object CMakeFiles/tello_control.dir/src/main.cpp.o[0m
[14.127s] [100%] [32m[1mLinking CXX executable tello_control[0m
[17.578s] [100%] Built target tello_control
[17.613s] Invoked command in '/workspaces/tello-ros2/workspace/build/tello_control' returned '0': CMAKE_PREFIX_PATH=/opt/ros/humble /usr/bin/cmake --build /workspaces/tello-ros2/workspace/build/tello_control -- -j16 -l16
[17.648s] Invoking command in '/workspaces/tello-ros2/workspace/build/tello_control': CMAKE_PREFIX_PATH=/opt/ros/humble /usr/bin/cmake --install /workspaces/tello-ros2/workspace/build/tello_control
[17.658s] -- Install configuration: ""
[17.686s] -- Installing: /workspaces/tello-ros2/workspace/install/tello_control/lib/tello_control/tello_control
[17.984s] -- Set runtime path of "/workspaces/tello-ros2/workspace/install/tello_control/lib/tello_control/tello_control" to ""
[18.045s] -- Installing: /workspaces/tello-ros2/workspace/install/tello_control/share/ament_index/resource_index/package_run_dependencies/tello_control
[18.232s] -- Installing: /workspaces/tello-ros2/workspace/install/tello_control/share/ament_index/resource_index/parent_prefix_path/tello_control
[18.355s] -- Installing: /workspaces/tello-ros2/workspace/install/tello_control/share/tello_control/environment/ament_prefix_path.sh
[18.429s] -- Installing: /workspaces/tello-ros2/workspace/install/tello_control/share/tello_control/environment/ament_prefix_path.dsv
[18.524s] -- Installing: /workspaces/tello-ros2/workspace/install/tello_control/share/tello_control/environment/path.sh
[18.646s] -- Installing: /workspaces/tello-ros2/workspace/install/tello_control/share/tello_control/environment/path.dsv
[18.744s] -- Installing: /workspaces/tello-ros2/workspace/install/tello_control/share/tello_control/local_setup.bash
[18.834s] -- Installing: /workspaces/tello-ros2/workspace/install/tello_control/share/tello_control/local_setup.sh
[18.942s] -- Installing: /workspaces/tello-ros2/workspace/install/tello_control/share/tello_control/local_setup.zsh
[19.079s] -- Installing: /workspaces/tello-ros2/workspace/install/tello_control/share/tello_control/local_setup.dsv
[19.169s] -- Installing: /workspaces/tello-ros2/workspace/install/tello_control/share/tello_control/package.dsv
[19.286s] -- Installing: /workspaces/tello-ros2/workspace/install/tello_control/share/ament_index/resource_index/packages/tello_control
[19.451s] -- Installing: /workspaces/tello-ros2/workspace/install/tello_control/share/tello_control/cmake/tello_controlConfig.cmake
[19.606s] -- Installing: /workspaces/tello-ros2/workspace/install/tello_control/share/tello_control/cmake/tello_controlConfig-version.cmake
[19.809s] -- Installing: /workspaces/tello-ros2/workspace/install/tello_control/share/tello_control/package.xml
[19.964s] Invoked command in '/workspaces/tello-ros2/workspace/build/tello_control' returned '0': CMAKE_PREFIX_PATH=/opt/ros/humble /usr/bin/cmake --install /workspaces/tello-ros2/workspace/build/tello_control
